<?xml version="1.0"?>
<testsuite name="HeadlessChrome 79.0.3945 (Linux 0.0.0)" package="" timestamp="2020-06-26T11:49:44" id="0" hostname="cpetinal" tests="805" errors="0" failures="0" time="99.747">
  <properties>
    <property name="browser.fullName" value="Mozilla/5.0 (X11; Linux x86_64) AppleWebKit/537.36 (KHTML, like Gecko) HeadlessChrome/79.0.3945.0 Safari/537.36"/>
  </properties>
  <testcase name="StRadioComponent When add a value to component  Should mark the input with the value" time="0.091" classname="HeadlessChrome_79_0_3945_(Linux_0_0_0).StRadioComponent"/>
  <testcase name="StRadioComponent When add a value to component  Should not update the value when no change" time="0.033" classname="HeadlessChrome_79_0_3945_(Linux_0_0_0).StRadioComponent"/>
  <testcase name="StRadioComponent When check the component as disabled Should disabled the input" time="0.031" classname="HeadlessChrome_79_0_3945_(Linux_0_0_0).StRadioComponent"/>
  <testcase name="StRadioComponent When clicked about the component Should mark as checked the input" time="0.037" classname="HeadlessChrome_79_0_3945_(Linux_0_0_0).StRadioComponent"/>
  <testcase name="StRadioComponent When clicked about the component disabled Should not be checked when disabled" time="0.028" classname="HeadlessChrome_79_0_3945_(Linux_0_0_0).StRadioComponent"/>
  <testcase name="StRadioComponent When insert input checked Should mark the input as checked" time="0.028" classname="HeadlessChrome_79_0_3945_(Linux_0_0_0).StRadioComponent"/>
  <testcase name="StSearchComponent When it is initialized if value is introduced, it is added to input" time="0.509" classname="HeadlessChrome_79_0_3945_(Linux_0_0_0).StSearchComponent"/>
  <testcase name="StSearchComponent When it is initialized id and placeholder are added to input" time="0.432" classname="HeadlessChrome_79_0_3945_(Linux_0_0_0).StSearchComponent"/>
  <testcase name="StSearchComponent should be able to search the text introduced by the user" time="0.269" classname="HeadlessChrome_79_0_3945_(Linux_0_0_0).StSearchComponent"/>
  <testcase name="StSearchComponent Should be able to allow a filtered search only if filter options are introduced as param, a select will be displayed before the search box" time="0.352" classname="HeadlessChrome_79_0_3945_(Linux_0_0_0).StSearchComponent"/>
  <testcase name="StSearchComponent Should be able to allow a filtered search if search is disabled, filter select has to be disabled as well" time="0.194" classname="HeadlessChrome_79_0_3945_(Linux_0_0_0).StSearchComponent"/>
  <testcase name="StSearchComponent Should be able to allow a filtered search by default, first filter is selected" time="0.183" classname="HeadlessChrome_79_0_3945_(Linux_0_0_0).StSearchComponent"/>
  <testcase name="StSearchComponent Should be able to allow a filtered search When user changes the filter, it sends an event with the selected filter value" time="0.174" classname="HeadlessChrome_79_0_3945_(Linux_0_0_0).StSearchComponent"/>
  <testcase name="StSearchComponent should be able to hide or show the loupe icon to the right of the search box if showIcon is true, it is shown" time="0.147" classname="HeadlessChrome_79_0_3945_(Linux_0_0_0).StSearchComponent"/>
  <testcase name="StSearchComponent should be able to hide or show the loupe icon to the right of the search box by default, it is shown" time="0.137" classname="HeadlessChrome_79_0_3945_(Linux_0_0_0).StSearchComponent"/>
  <testcase name="StSearchComponent should be able to hide or show the loupe icon to the right of the search box if showIcon is true, it is shown" time="0.232" classname="HeadlessChrome_79_0_3945_(Linux_0_0_0).StSearchComponent"/>
  <testcase name="StSearchComponent should be able to change to disabled state" time="0.148" classname="HeadlessChrome_79_0_3945_(Linux_0_0_0).StSearchComponent"/>
  <testcase name="StSearchComponent should search when user presses the enter key" time="0.274" classname="HeadlessChrome_79_0_3945_(Linux_0_0_0).StSearchComponent"/>
  <testcase name="StSearchComponent should be able to change initial value of search" time="0.127" classname="HeadlessChrome_79_0_3945_(Linux_0_0_0).StSearchComponent"/>
  <testcase name="StSearchComponent should be able to search twice" time="0.16" classname="HeadlessChrome_79_0_3945_(Linux_0_0_0).StSearchComponent"/>
  <testcase name="StSearchComponent should search when user presses the enter key without liveSearch" time="0.173" classname="HeadlessChrome_79_0_3945_(Linux_0_0_0).StSearchComponent"/>
  <testcase name="StSearchComponent should destroy correctly" time="0.177" classname="HeadlessChrome_79_0_3945_(Linux_0_0_0).StSearchComponent"/>
  <testcase name="StSearchComponent should be able to change to disabled state twice" time="0.125" classname="HeadlessChrome_79_0_3945_(Linux_0_0_0).StSearchComponent"/>
  <testcase name="StSearchComponent should be able to clean the search text when user clicks on the cross button and event is emitted with an empty search" time="0.124" classname="HeadlessChrome_79_0_3945_(Linux_0_0_0).StSearchComponent"/>
  <testcase name="StSearchComponent should be able to search with autocomplete clicking on an option" time="0.12" classname="HeadlessChrome_79_0_3945_(Linux_0_0_0).StSearchComponent"/>
  <testcase name="StSearchComponent should search when user types a text with the min length introduced as input" time="0.189" classname="HeadlessChrome_79_0_3945_(Linux_0_0_0).StSearchComponent"/>
  <testcase name="StSearchComponent should be able to search with an updated delay" time="0.158" classname="HeadlessChrome_79_0_3945_(Linux_0_0_0).StSearchComponent"/>
  <testcase name="StSearchComponent should be able to change autocomplete list" time="0.171" classname="HeadlessChrome_79_0_3945_(Linux_0_0_0).StSearchComponent"/>
  <testcase name="StSearchComponent should be able to search with autocomplete" time="0.271" classname="HeadlessChrome_79_0_3945_(Linux_0_0_0).StSearchComponent"/>
  <testcase name="StSearchComponent should be able to search with the delay introduced as input" time="0.205" classname="HeadlessChrome_79_0_3945_(Linux_0_0_0).StSearchComponent"/>
  <testcase name="StSearchComponent should be able to open autocomplete list when user clicks on input" time="0.127" classname="HeadlessChrome_79_0_3945_(Linux_0_0_0).StSearchComponent"/>
  <testcase name="StRadioMenuComponent should be able to activate an option when active option is changed, an event is emitted with the active option" time="0.001" classname="HeadlessChrome_79_0_3945_(Linux_0_0_0).StRadioMenuComponent"/>
  <testcase name="StRadioMenuComponent should be able to activate an option when active option is changed, it is updated" time="0.003" classname="HeadlessChrome_79_0_3945_(Linux_0_0_0).StRadioMenuComponent"/>
  <testcase name="StRadioMenuComponent should be able to return if an option is active" time="0.001" classname="HeadlessChrome_79_0_3945_(Linux_0_0_0).StRadioMenuComponent"/>
  <testcase name="StModal StModalComponent should set class to body when modal show and remove on hide" time="0.07" classname="HeadlessChrome_79_0_3945_(Linux_0_0_0).StModal"/>
  <testcase name="StModal StModalComponent should bind inputs and outputs to component" time="0.043" classname="HeadlessChrome_79_0_3945_(Linux_0_0_0).StModal"/>
  <testcase name="StModal StModalComponent should not display a cross button if &quot;showCloseBtn&quot; is false" time="0.033" classname="HeadlessChrome_79_0_3945_(Linux_0_0_0).StModal"/>
  <testcase name="StModal StModalComponent should display a cross button if &quot;showCloseBtn&quot; is true" time="0.036" classname="HeadlessChrome_79_0_3945_(Linux_0_0_0).StModal"/>
  <testcase name="StModal StModalComponent should be init" time="0.031" classname="HeadlessChrome_79_0_3945_(Linux_0_0_0).StModal"/>
  <testcase name="StModal StModalComponent should get message value" time="0.026" classname="HeadlessChrome_79_0_3945_(Linux_0_0_0).StModal"/>
  <testcase name="StModal StModalComponent should get html value" time="0.036" classname="HeadlessChrome_79_0_3945_(Linux_0_0_0).StModal"/>
  <testcase name="StModal StModalComponent should get correct width value with space (min width)" time="0.031" classname="HeadlessChrome_79_0_3945_(Linux_0_0_0).StModal"/>
  <testcase name="StModal StModalComponent should get is html modal" time="0.028" classname="HeadlessChrome_79_0_3945_(Linux_0_0_0).StModal"/>
  <testcase name="StModal StModalComponent should get correct width value without space (min width)" time="0.029" classname="HeadlessChrome_79_0_3945_(Linux_0_0_0).StModal"/>
  <testcase name="StModal StModalComponent should get is message modal" time="0.027" classname="HeadlessChrome_79_0_3945_(Linux_0_0_0).StModal"/>
  <testcase name="StModal StModalComponent should load a component" time="0.029" classname="HeadlessChrome_79_0_3945_(Linux_0_0_0).StModal"/>
  <testcase name="StModal StModalComponent should get if it is fullscreen" time="0.027" classname="HeadlessChrome_79_0_3945_(Linux_0_0_0).StModal"/>
  <testcase name="StModal StModalComponent should get correct width value with space (max width)" time="0.068" classname="HeadlessChrome_79_0_3945_(Linux_0_0_0).StModal"/>
  <testcase name="StModal StModalComponent should get title" time="0.072" classname="HeadlessChrome_79_0_3945_(Linux_0_0_0).StModal"/>
  <testcase name="StModal StModalComponent should get correct width value without space (max width)" time="0.062" classname="HeadlessChrome_79_0_3945_(Linux_0_0_0).StModal"/>
  <testcase name="StModal StModalComponent should get buttons" time="0.061" classname="HeadlessChrome_79_0_3945_(Linux_0_0_0).StModal"/>
  <testcase name="StLauncherComponent It should be able to see changes in items when it is not the first change" time="0.05" classname="HeadlessChrome_79_0_3945_(Linux_0_0_0).StLauncherComponent"/>
  <testcase name="StLauncherComponent should click item and dispatch event select value of item" time="0.041" classname="HeadlessChrome_79_0_3945_(Linux_0_0_0).StLauncherComponent"/>
  <testcase name="StLauncherComponent should click item and dispatch event viewMore value of item" time="0.032" classname="HeadlessChrome_79_0_3945_(Linux_0_0_0).StLauncherComponent"/>
  <testcase name="StLauncherComponent should click item and dispatch event toggle with value of item" time="0.037" classname="HeadlessChrome_79_0_3945_(Linux_0_0_0).StLauncherComponent"/>
  <testcase name="StLauncherComponent should show two items in component" time="0.028" classname="HeadlessChrome_79_0_3945_(Linux_0_0_0).StLauncherComponent"/>
  <testcase name="StLauncherComponent should show one item changed in component" time="0.023" classname="HeadlessChrome_79_0_3945_(Linux_0_0_0).StLauncherComponent"/>
  <testcase name="ProgressBar when init component should add two elements with progress-bar class name" time="0.017" classname="HeadlessChrome_79_0_3945_(Linux_0_0_0).ProgressBar"/>
  <testcase name="ProgressBar when init component the second element should have a progress-bar-secondary class" time="0.012" classname="HeadlessChrome_79_0_3945_(Linux_0_0_0).ProgressBar"/>
  <testcase name="ProgressBar when init component the first element should have a progress-bar-primary class" time="0.015" classname="HeadlessChrome_79_0_3945_(Linux_0_0_0).ProgressBar"/>
  <testcase name="StSelectComponent Template form instance Should be possible to set disabled" time="0.105" classname="HeadlessChrome_79_0_3945_(Linux_0_0_0).StSelectComponent"/>
  <testcase name="StSelectComponent Template form instance Should change value from formControl" time="0.107" classname="HeadlessChrome_79_0_3945_(Linux_0_0_0).StSelectComponent"/>
  <testcase name="StSelectComponent Template form instance Should change model when select" time="0.184" classname="HeadlessChrome_79_0_3945_(Linux_0_0_0).StSelectComponent"/>
  <testcase name="StSelectComponent Template form instance Should validate required status" time="0.205" classname="HeadlessChrome_79_0_3945_(Linux_0_0_0).StSelectComponent"/>
  <testcase name="StTwoListSelectionComponent ListScrollComponent Should init correctly" time="0.188" classname="HeadlessChrome_79_0_3945_(Linux_0_0_0).StTwoListSelectionComponent"/>
  <testcase name="StModal StModalService should be manage buttons response with close on accept" time="0.002" classname="HeadlessChrome_79_0_3945_(Linux_0_0_0).StModal"/>
  <testcase name="StModal StModalService should be manage buttons response" time="0.001" classname="HeadlessChrome_79_0_3945_(Linux_0_0_0).StModal"/>
  <testcase name="StModal StModalService should be test all posible default configurations" time="0.001" classname="HeadlessChrome_79_0_3945_(Linux_0_0_0).StModal"/>
  <testcase name="StModal StModalService should be thrown an error when init without html nor message nor component" time="0.001" classname="HeadlessChrome_79_0_3945_(Linux_0_0_0).StModal"/>
  <testcase name="StModal StModalService should generate a warning confirmation modal config" time="0.001" classname="HeadlessChrome_79_0_3945_(Linux_0_0_0).StModal"/>
  <testcase name="StModal StModalService should be thrown an error when init twice" time="0" classname="HeadlessChrome_79_0_3945_(Linux_0_0_0).StModal"/>
  <testcase name="StModal StModalService should generate a delete confirmation modal config" time="0.002" classname="HeadlessChrome_79_0_3945_(Linux_0_0_0).StModal"/>
  <testcase name="StModal StModalService should be close modal" time="0.001" classname="HeadlessChrome_79_0_3945_(Linux_0_0_0).StModal"/>
  <testcase name="StModal StModalService should be thrown an error when init without container" time="0" classname="HeadlessChrome_79_0_3945_(Linux_0_0_0).StModal"/>
  <testcase name="StModal StModalService should be manage buttons response with close when close modal" time="0" classname="HeadlessChrome_79_0_3945_(Linux_0_0_0).StModal"/>
  <testcase name="StModal StModalService should test if resolve component factory return undefined" time="0" classname="HeadlessChrome_79_0_3945_(Linux_0_0_0).StModal"/>
  <testcase name="StTagComponent If tag can be removed When user clicks on the cross icon, an event is emitted" time="0.019" classname="HeadlessChrome_79_0_3945_(Linux_0_0_0).StTagComponent"/>
  <testcase name="StTagComponent If tag has an icon, it is displayed before text" time="0.021" classname="HeadlessChrome_79_0_3945_(Linux_0_0_0).StTagComponent"/>
  <testcase name="StTagComponent If tag can not be removed Cross icon is not displayed" time="0.02" classname="HeadlessChrome_79_0_3945_(Linux_0_0_0).StTagComponent"/>
  <testcase name="StHorizontalTabsComponent when it is initialized if active option is defined, it will be used as the active option" time="0.02" classname="HeadlessChrome_79_0_3945_(Linux_0_0_0).StHorizontalTabsComponent"/>
  <testcase name="StHorizontalTabsComponent when it is initialized only if option list has one option at least and if active tab is not defined, first option is activated" time="0.02" classname="HeadlessChrome_79_0_3945_(Linux_0_0_0).StHorizontalTabsComponent"/>
  <testcase name="StHorizontalTabsComponent when it is initialized if &quot;options&quot; input is not introduced, it throws an exception" time="0.021" classname="HeadlessChrome_79_0_3945_(Linux_0_0_0).StHorizontalTabsComponent"/>
  <testcase name="StHorizontalTabsComponent should be able to activate an option when active option is changed, an event is emitted with the active option" time="0.016" classname="HeadlessChrome_79_0_3945_(Linux_0_0_0).StHorizontalTabsComponent"/>
  <testcase name="StHorizontalTabsComponent should be able to activate an option when active option is changed, active option is updated" time="0.017" classname="HeadlessChrome_79_0_3945_(Linux_0_0_0).StHorizontalTabsComponent"/>
  <testcase name="StHorizontalTabsComponent should be able to return if an option is active" time="0.024" classname="HeadlessChrome_79_0_3945_(Linux_0_0_0).StHorizontalTabsComponent"/>
  <testcase name="StHorizontalTabsComponent should be able to add classes to tabs according to its status" time="0.05" classname="HeadlessChrome_79_0_3945_(Linux_0_0_0).StHorizontalTabsComponent"/>
  <testcase name="StVerticalIconTabsComponent should be able to activate an option when active option is changed, an event is emitted with the active option" time="0.036" classname="HeadlessChrome_79_0_3945_(Linux_0_0_0).StVerticalIconTabsComponent"/>
  <testcase name="StVerticalIconTabsComponent should be able to activate an option when active option is changed, active option is updated" time="0.041" classname="HeadlessChrome_79_0_3945_(Linux_0_0_0).StVerticalIconTabsComponent"/>
  <testcase name="StVerticalIconTabsComponent when it is initialized only if option list has one option at least and if active tab is not defined, first option is activated" time="0.023" classname="HeadlessChrome_79_0_3945_(Linux_0_0_0).StVerticalIconTabsComponent"/>
  <testcase name="StVerticalIconTabsComponent when it is initialized if active option is defined, it will be used as the active option" time="0.027" classname="HeadlessChrome_79_0_3945_(Linux_0_0_0).StVerticalIconTabsComponent"/>
  <testcase name="StVerticalIconTabsComponent should be able to return if an option is active" time="0.026" classname="HeadlessChrome_79_0_3945_(Linux_0_0_0).StVerticalIconTabsComponent"/>
  <testcase name="StTwoListSelectionComponent ListSelectionComponent Should init correctly" time="0.229" classname="HeadlessChrome_79_0_3945_(Linux_0_0_0).StTwoListSelectionComponent"/>
  <testcase name="StLauncherItemComponent should click item and dispatch event view value of item" time="0.042" classname="HeadlessChrome_79_0_3945_(Linux_0_0_0).StLauncherItemComponent"/>
  <testcase name="StLauncherItemComponent should filter items according the limit" time="0.022" classname="HeadlessChrome_79_0_3945_(Linux_0_0_0).StLauncherItemComponent"/>
  <testcase name="StLauncherItemComponent should click item and dispatch event select value of item" time="0.034" classname="HeadlessChrome_79_0_3945_(Linux_0_0_0).StLauncherItemComponent"/>
  <testcase name="StLauncherItemComponent should show label items changed and have items changed length" time="0.053" classname="HeadlessChrome_79_0_3945_(Linux_0_0_0).StLauncherItemComponent"/>
  <testcase name="StLauncherItemComponent should click item and dispatch event toggle with value of item" time="0.046" classname="HeadlessChrome_79_0_3945_(Linux_0_0_0).StLauncherItemComponent"/>
  <testcase name="StLauncherItemComponent should show label items and have items length" time="0.04" classname="HeadlessChrome_79_0_3945_(Linux_0_0_0).StLauncherItemComponent"/>
  <testcase name="StTwoListSelectionComponent StTwoListSelectionComponent Should change lists" time="0.348" classname="HeadlessChrome_79_0_3945_(Linux_0_0_0).StTwoListSelectionComponent"/>
  <testcase name="StTwoListSelectionComponent StTwoListSelectionComponent Should init correctly" time="0.235" classname="HeadlessChrome_79_0_3945_(Linux_0_0_0).StTwoListSelectionComponent"/>
  <testcase name="StPopoverFilterComponent Should calculate its position in axis X when it is going to be visible and should be aligned to the left side of parent" time="0.078" classname="HeadlessChrome_79_0_3945_(Linux_0_0_0).StPopoverFilterComponent"/>
  <testcase name="StPopoverFilterComponent should create" time="0.113" classname="HeadlessChrome_79_0_3945_(Linux_0_0_0).StPopoverFilterComponent"/>
  <testcase name="StAlertsComponent Should be init correctly" time="0.062" classname="HeadlessChrome_79_0_3945_(Linux_0_0_0).StAlertsComponent"/>
  <testcase name="StRadioGroup should set individual radio names based on the group name" time="0.096" classname="HeadlessChrome_79_0_3945_(Linux_0_0_0).StRadioGroup"/>
  <testcase name="StRadioGroup should blur about component radio" time="0.056" classname="HeadlessChrome_79_0_3945_(Linux_0_0_0).StRadioGroup"/>
  <testcase name="StRadioGroup should update the group value when one of the radios changes" time="0.095" classname="HeadlessChrome_79_0_3945_(Linux_0_0_0).StRadioGroup"/>
  <testcase name="StRadioGroup should emit change event when value of group change" time="0.064" classname="HeadlessChrome_79_0_3945_(Linux_0_0_0).StRadioGroup"/>
  <testcase name="StFileButtonComponent when it is initialized button class is added to the label tag" time="0.031" classname="HeadlessChrome_79_0_3945_(Linux_0_0_0).StFileButtonComponent"/>
  <testcase name="StFileButtonComponent when it is initialized if button class is not specified, label tag will be displayed as a primary button" time="0.016" classname="HeadlessChrome_79_0_3945_(Linux_0_0_0).StFileButtonComponent"/>
  <testcase name="StFileButtonComponent when it is initialized text is displayed inside of its button" time="0.015" classname="HeadlessChrome_79_0_3945_(Linux_0_0_0).StFileButtonComponent"/>
  <testcase name="StFileButtonComponent when it is initialized only the accepted extensions are allowed to be selected from the browser" time="0.012" classname="HeadlessChrome_79_0_3945_(Linux_0_0_0).StFileButtonComponent"/>
  <testcase name="StFileButtonComponent when it is initialized if button class is specified it is added to the label" time="0.015" classname="HeadlessChrome_79_0_3945_(Linux_0_0_0).StFileButtonComponent"/>
  <testcase name="StFileButtonComponent When user selects a file input value is reset once user has selected a file to detect if user selects the same file twice" time="0.014" classname="HeadlessChrome_79_0_3945_(Linux_0_0_0).StFileButtonComponent"/>
  <testcase name="StFileButtonComponent When user selects a file an event is emitted with files as params only if all files have an accepted extension and type if there is at least an invalid file, event is not emitted" time="0.026" classname="HeadlessChrome_79_0_3945_(Linux_0_0_0).StFileButtonComponent"/>
  <testcase name="StFileButtonComponent When user selects a file an event is emitted with files as params only if all files have an accepted extension and type if there is a file without type, its extension is searched in the accepted extensions" time="0.012" classname="HeadlessChrome_79_0_3945_(Linux_0_0_0).StFileButtonComponent"/>
  <testcase name="StFileButtonComponent When user selects a file an event is emitted with files as params only if all files have an accepted extension and type if all files are valid, event is emitted with files as params" time="0.045" classname="HeadlessChrome_79_0_3945_(Linux_0_0_0).StFileButtonComponent"/>
  <testcase name="StInputComponent in reactive form should be able to disable and enable" time="0.26" classname="HeadlessChrome_79_0_3945_(Linux_0_0_0).StInputComponent in reactive form"/>
  <testcase name="StInputComponent in reactive form should be init correct" time="0.236" classname="HeadlessChrome_79_0_3945_(Linux_0_0_0).StInputComponent in reactive form"/>
  <testcase name="StInputComponent in reactive form if internal control is not defined, when event is listened and force validations is true it does not do anything" time="0.196" classname="HeadlessChrome_79_0_3945_(Linux_0_0_0).StInputComponent in reactive form"/>
  <testcase name="StInputComponent in reactive form should notify custom errors" time="0.279" classname="HeadlessChrome_79_0_3945_(Linux_0_0_0).StInputComponent in reactive form"/>
  <testcase name="StInputComponent in reactive form should only notify error with focus" time="0.213" classname="HeadlessChrome_79_0_3945_(Linux_0_0_0).StInputComponent in reactive form"/>
  <testcase name="StInputComponent in reactive form if it is a number input, model emitted has to be a number" time="0.204" classname="HeadlessChrome_79_0_3945_(Linux_0_0_0).StInputComponent in reactive form"/>
  <testcase name="StInputComponent in reactive form should notify empty error with undefined errors object" time="0.147" classname="HeadlessChrome_79_0_3945_(Linux_0_0_0).StInputComponent in reactive form"/>
  <testcase name="StInputComponent in reactive form should notify generic errors" time="0.105" classname="HeadlessChrome_79_0_3945_(Linux_0_0_0).StInputComponent in reactive form"/>
  <testcase name="StInputComponent in reactive form should notify empty error" time="0.112" classname="HeadlessChrome_79_0_3945_(Linux_0_0_0).StInputComponent in reactive form"/>
  <testcase name="StHeader StHeaderMenuOptionComponent should be destroyed without subscription" time="0.021" classname="HeadlessChrome_79_0_3945_(Linux_0_0_0).StHeader"/>
  <testcase name="StHeader StHeaderMenuOptionComponent should update the active menu option in navigation event" time="0.024" classname="HeadlessChrome_79_0_3945_(Linux_0_0_0).StHeader"/>
  <testcase name="StHeader StHeaderMenuOptionComponent should be initialized correctly with submenu elements and one active" time="0.02" classname="HeadlessChrome_79_0_3945_(Linux_0_0_0).StHeader"/>
  <testcase name="StHeader StHeaderMenuOptionComponent should select a menu" time="0.047" classname="HeadlessChrome_79_0_3945_(Linux_0_0_0).StHeader"/>
  <testcase name="StHeader StHeaderMenuOptionComponent should select a submenu" time="0.038" classname="HeadlessChrome_79_0_3945_(Linux_0_0_0).StHeader"/>
  <testcase name="StHeader StHeaderMenuOptionComponent should be initialized correctly without submenu" time="0.036" classname="HeadlessChrome_79_0_3945_(Linux_0_0_0).StHeader"/>
  <testcase name="StHeader StHeaderMenuOptionComponent should open submenu dropdown" time="0.034" classname="HeadlessChrome_79_0_3945_(Linux_0_0_0).StHeader"/>
  <testcase name="StHeader StHeaderMenuOptionComponent should be initialized correctly with submenu" time="0.022" classname="HeadlessChrome_79_0_3945_(Linux_0_0_0).StHeader"/>
  <testcase name="StSidebarItemList When active item changes, the rest of them are closed" time="0.081" classname="HeadlessChrome_79_0_3945_(Linux_0_0_0).StSidebarItemList"/>
  <testcase name="StSidebarItemList only if item has result, it is displayed" time="0.046" classname="HeadlessChrome_79_0_3945_(Linux_0_0_0).StSidebarItemList"/>
  <testcase name="StSidebarItemList if an item is disabled, user can not click on it" time="0.059" classname="HeadlessChrome_79_0_3945_(Linux_0_0_0).StSidebarItemList"/>
  <testcase name="StSidebarItemList When it receives a change from a child of the active and it is different to the current active, it is emitted to its parent" time="0.029" classname="HeadlessChrome_79_0_3945_(Linux_0_0_0).StSidebarItemList"/>
  <testcase name="StBubbleOnEllipsisComponent When ellipsis has to be displayed in the first line When user puts the mouse over the content If its width is longer than the container with, bubble is displayed" time="0.036" classname="HeadlessChrome_79_0_3945_(Linux_0_0_0).StBubbleOnEllipsisComponent"/>
  <testcase name="StBubbleOnEllipsisComponent When ellipsis has to be displayed in the first line When user puts the mouse over the content If its width is smaller than the container with, bubble is not displayed" time="0.068" classname="HeadlessChrome_79_0_3945_(Linux_0_0_0).StBubbleOnEllipsisComponent"/>
  <testcase name="StBubbleOnEllipsisComponent A class is added to bubble if it is open to left" time="0.035" classname="HeadlessChrome_79_0_3945_(Linux_0_0_0).StBubbleOnEllipsisComponent"/>
  <testcase name="StBubbleOnEllipsisComponent When ellipsis has to be displayed in different line than the first one If text takes up more the specified lines, bubble is displayed" time="0.035" classname="HeadlessChrome_79_0_3945_(Linux_0_0_0).StBubbleOnEllipsisComponent"/>
  <testcase name="StBubbleOnEllipsisComponent When ellipsis has to be displayed in different line than the first one If text does not take up the specified lines, bubble is not displayed" time="0.041" classname="HeadlessChrome_79_0_3945_(Linux_0_0_0).StBubbleOnEllipsisComponent"/>
  <testcase name="StFormComponent in templateDriven form When schema is changed, model should be reset and only contain the properties of the new schema" time="1" classname="HeadlessChrome_79_0_3945_(Linux_0_0_0).StFormComponent in templateDriven form"/>
  <testcase name="StFormComponent in templateDriven form form can be disabled from outside" time="0.35" classname="HeadlessChrome_79_0_3945_(Linux_0_0_0).StFormComponent in templateDriven form"/>
  <testcase name="StFormComponent in templateDriven form form can be enabled after being disabled from outside" time="0.615" classname="HeadlessChrome_79_0_3945_(Linux_0_0_0).StFormComponent in templateDriven form"/>
  <testcase name="StFormComponent in templateDriven form fields which have a parent field wont be sent when parent is undefined" time="0.897" classname="HeadlessChrome_79_0_3945_(Linux_0_0_0).StFormComponent in templateDriven form"/>
  <testcase name="StInputComponent Input can be a number Input" time="0.145" classname="HeadlessChrome_79_0_3945_(Linux_0_0_0).StInputComponent"/>
  <testcase name="StInputComponent Input can be a text Input" time="0.077" classname="HeadlessChrome_79_0_3945_(Linux_0_0_0).StInputComponent"/>
  <testcase name="StInputComponent if default value is not introduced, reset button is not displayed" time="0.091" classname="HeadlessChrome_79_0_3945_(Linux_0_0_0).StInputComponent"/>
  <testcase name="StInputComponent Input should be enabled" time="0.173" classname="HeadlessChrome_79_0_3945_(Linux_0_0_0).StInputComponent"/>
  <testcase name="StInputComponent Input should be disabled" time="0.188" classname="HeadlessChrome_79_0_3945_(Linux_0_0_0).StInputComponent"/>
  <testcase name="StInputComponent Input has attribute value" time="0.091" classname="HeadlessChrome_79_0_3945_(Linux_0_0_0).StInputComponent"/>
  <testcase name="StInputComponent When a default value is introduced, user will be able to reset the input reset icon is only created if default input is introduced and current input value is different to it" time="0.076" classname="HeadlessChrome_79_0_3945_(Linux_0_0_0).StInputComponent"/>
  <testcase name="StInputComponent When a default value is introduced, user will be able to reset the input reset icon is only displayed when input is focused and user has typed something and it is different to default" time="0.097" classname="HeadlessChrome_79_0_3945_(Linux_0_0_0).StInputComponent"/>
  <testcase name="StInputComponent When a default value is introduced, user will be able to reset the input when user clicks on the reset button, value of input will turn to the default value" time="0.176" classname="HeadlessChrome_79_0_3945_(Linux_0_0_0).StInputComponent"/>
  <testcase name="StInputComponent It should be able to active the autocomplete function If autocomplete list is expanded and user clicks outside, it is hidden" time="0.185" classname="HeadlessChrome_79_0_3945_(Linux_0_0_0).StInputComponent"/>
  <testcase name="StInputComponent It should be able to active the autocomplete function If number of chars before displaying the autocomplete list is 0, autocomplete list has to be displayed when input has focus" time="0.186" classname="HeadlessChrome_79_0_3945_(Linux_0_0_0).StInputComponent"/>
  <testcase name="StInputComponent It should be able to active the autocomplete function Should display autocomplete list with autocomplete if it is active and after user has typed the required number of characters" time="0.169" classname="HeadlessChrome_79_0_3945_(Linux_0_0_0).StInputComponent"/>
  <testcase name="StInputComponent It should be able to active the autocomplete function Should add text from autocomplete list " time="0.084" classname="HeadlessChrome_79_0_3945_(Linux_0_0_0).StInputComponent"/>
  <testcase name="StInputComponent Input should be focused naturally" time="0.159" classname="HeadlessChrome_79_0_3945_(Linux_0_0_0).StInputComponent"/>
  <testcase name="StInputComponent When user leaves input, it emits an event" time="0.164" classname="HeadlessChrome_79_0_3945_(Linux_0_0_0).StInputComponent"/>
  <testcase name="StInputComponent Input can be a password Input" time="0.18" classname="HeadlessChrome_79_0_3945_(Linux_0_0_0).StInputComponent"/>
  <testcase name="StInputComponent label is only generated if label input is not empty" time="0.085" classname="HeadlessChrome_79_0_3945_(Linux_0_0_0).StInputComponent"/>
  <testcase name="StInputComponent Input should have a placeholder" time="0.084" classname="HeadlessChrome_79_0_3945_(Linux_0_0_0).StInputComponent"/>
  <testcase name="StMenuComponent When the menu is showed in dynamic height mode should scroll when the scroll button is hovered" time="0.149" classname="HeadlessChrome_79_0_3945_(Linux_0_0_0).StMenuComponent"/>
  <testcase name="StMenuComponent When the menu is showed in dynamic height mode should show a scroll down button, if the submenu is longer than the window" time="0.157" classname="HeadlessChrome_79_0_3945_(Linux_0_0_0).StMenuComponent"/>
  <testcase name="StMenuComponent When the action menu is clicked shoud not emit a selectedOption event if the clicked element have childs" time="0.061" classname="HeadlessChrome_79_0_3945_(Linux_0_0_0).StMenuComponent"/>
  <testcase name="StMenuComponent When the action menu is clicked should show submenu options when a element with submenu options is hovered" time="0.06" classname="HeadlessChrome_79_0_3945_(Linux_0_0_0).StMenuComponent"/>
  <testcase name="StMenuComponent When the action menu is clicked shows a search input if the option is enabled" time="0.048" classname="HeadlessChrome_79_0_3945_(Linux_0_0_0).StMenuComponent"/>
  <testcase name="StMenuComponent When the action menu is clicked the first level menu options are showed" time="0.054" classname="HeadlessChrome_79_0_3945_(Linux_0_0_0).StMenuComponent"/>
  <testcase name="StMenuComponent When the action menu is clicked shoud emit a selectedOption event if the clicked element have no childs" time="0.048" classname="HeadlessChrome_79_0_3945_(Linux_0_0_0).StMenuComponent"/>
  <testcase name="StMenuComponent When it is initialized the menu options are collapsed" time="0.037" classname="HeadlessChrome_79_0_3945_(Linux_0_0_0).StMenuComponent"/>
  <testcase name="PrismComponent should have pre > code html " time="0.017" classname="HeadlessChrome_79_0_3945_(Linux_0_0_0).PrismComponent"/>
  <testcase name="PrismComponent should have class language-html defined " time="0.016" classname="HeadlessChrome_79_0_3945_(Linux_0_0_0).PrismComponent"/>
  <testcase name="PrismComponent should havent pre html " time="0.012" classname="HeadlessChrome_79_0_3945_(Linux_0_0_0).PrismComponent"/>
  <testcase name="PrismComponent should have pre html " time="0.011" classname="HeadlessChrome_79_0_3945_(Linux_0_0_0).PrismComponent"/>
  <testcase name="PrismComponent should be defined" time="0.014" classname="HeadlessChrome_79_0_3945_(Linux_0_0_0).PrismComponent"/>
  <testcase name="StDropdownMenu Component Should init correctly" time="0.046" classname="HeadlessChrome_79_0_3945_(Linux_0_0_0).StDropdownMenu"/>
  <testcase name="StDropdownMenu Component Should show options when active it's true" time="0.061" classname="HeadlessChrome_79_0_3945_(Linux_0_0_0).StDropdownMenu"/>
  <testcase name="StDropdownMenu Component Should be able to active keyboard listeners to move between options If input keyBoardMove is true, listener is added If user presses key up and current focused options is the first, last option is focused" time="0.057" classname="HeadlessChrome_79_0_3945_(Linux_0_0_0).StDropdownMenu"/>
  <testcase name="StDropdownMenu Component Should be able to active keyboard listeners to move between options If input keyBoardMove is true, listener is added When user presses enter key when an option is focused, this is selected" time="0.096" classname="HeadlessChrome_79_0_3945_(Linux_0_0_0).StDropdownMenu"/>
  <testcase name="StDropdownMenu Component Should be able to active keyboard listeners to move between options If input keyBoardMove is true, listener is added If user presses key up and there is an option selected, previous option is focused" time="0.116" classname="HeadlessChrome_79_0_3945_(Linux_0_0_0).StDropdownMenu"/>
  <testcase name="StDropdownMenu Component Should be able to active keyboard listeners to move between options If input keyBoardMove is true, listener is added If user presses key down and there isn´t an option selected, first option is focused" time="0.115" classname="HeadlessChrome_79_0_3945_(Linux_0_0_0).StDropdownMenu"/>
  <testcase name="StDropdownMenu Component Should be able to active keyboard listeners to move between options If input keyBoardMove is true, listener is added If user presses key up and there isn´t an option selected, first option is focused" time="0.088" classname="HeadlessChrome_79_0_3945_(Linux_0_0_0).StDropdownMenu"/>
  <testcase name="StDropdownMenu Component Should be able to active keyboard listeners to move between options If input keyBoardMove is true, listener is added If user presses key down and current focused options is the last, first option is focused" time="0.045" classname="HeadlessChrome_79_0_3945_(Linux_0_0_0).StDropdownMenu"/>
  <testcase name="StDropdownMenu Component Should be able to active keyboard listeners to move between options If input keyBoardMove is true, listener is added If user presses key down and there is an option selected, next option is focused" time="0.047" classname="HeadlessChrome_79_0_3945_(Linux_0_0_0).StDropdownMenu"/>
  <testcase name="StDropdownMenu Component Should be able to active keyboard listeners to move between options If input keyBoardMove is false, listener is not added" time="0.049" classname="HeadlessChrome_79_0_3945_(Linux_0_0_0).StDropdownMenu"/>
  <testcase name="StDropdownMenu Component Should show options when active it's true and with a group menu" time="0.062" classname="HeadlessChrome_79_0_3945_(Linux_0_0_0).StDropdownMenu"/>
  <testcase name="StDropdownMenu Component Should get max height" time="0.072" classname="HeadlessChrome_79_0_3945_(Linux_0_0_0).StDropdownMenu"/>
  <testcase name="StDropdownMenu Component Should propagate ids" time="0.075" classname="HeadlessChrome_79_0_3945_(Linux_0_0_0).StDropdownMenu"/>
  <testcase name="StDropdownMenu Component Should show empty list message" time="0.09" classname="HeadlessChrome_79_0_3945_(Linux_0_0_0).StDropdownMenu"/>
  <testcase name="StDropdownMenu Component Should propagate ids to menu without label" time="0.083" classname="HeadlessChrome_79_0_3945_(Linux_0_0_0).StDropdownMenu"/>
  <testcase name="StDropdownMenu Component Should show empty list message with a group menu" time="0.097" classname="HeadlessChrome_79_0_3945_(Linux_0_0_0).StDropdownMenu"/>
  <testcase name="StDropdownMenu Component Should show title of group menu" time="0.138" classname="HeadlessChrome_79_0_3945_(Linux_0_0_0).StDropdownMenu"/>
  <testcase name="StDropdownMenu Component When mouse leaves an item, event is emitted" time="0.112" classname="HeadlessChrome_79_0_3945_(Linux_0_0_0).StDropdownMenu"/>
  <testcase name="StDropdownMenu Component When mouse is over an item, event is emitted" time="0.104" classname="HeadlessChrome_79_0_3945_(Linux_0_0_0).StDropdownMenu"/>
  <testcase name="StDropdownMenu Component Should propagate emit on select" time="0.077" classname="HeadlessChrome_79_0_3945_(Linux_0_0_0).StDropdownMenu"/>
  <testcase name="StDropdownMenu Instance Should adjust to button width when have button element" time="0.053" classname="HeadlessChrome_79_0_3945_(Linux_0_0_0).StDropdownMenu"/>
  <testcase name="StDropdownMenu Instance Should emit the same object as input on select (Extra parameters)" time="0.15" classname="HeadlessChrome_79_0_3945_(Linux_0_0_0).StDropdownMenu"/>
  <testcase name="StDropdownMenu Instance It should be able to add some content before and after the menu" time="0.14" classname="HeadlessChrome_79_0_3945_(Linux_0_0_0).StDropdownMenu"/>
  <testcase name="StDropdownMenu Instance Should have scroll to 0 in menu when without it's selected" time="0.149" classname="HeadlessChrome_79_0_3945_(Linux_0_0_0).StDropdownMenu"/>
  <testcase name="StDropdownMenu Instance If visual mode is MENU_LIST, class &quot;menu-list&quot; is added to the list" time="0.104" classname="HeadlessChrome_79_0_3945_(Linux_0_0_0).StDropdownMenu"/>
  <testcase name="StDropdownMenu Instance Should have scroll to 0 in menu" time="0.068" classname="HeadlessChrome_79_0_3945_(Linux_0_0_0).StDropdownMenu"/>
  <testcase name="StDropdownMenu Instance If visual mode is OPTION_LIST, class &quot;menu-list&quot; is not added to the list" time="0.118" classname="HeadlessChrome_79_0_3945_(Linux_0_0_0).StDropdownMenu"/>
  <testcase name="StDropdownMenu Instance Should not add a list container when item list it's empty " time="0.099" classname="HeadlessChrome_79_0_3945_(Linux_0_0_0).StDropdownMenu"/>
  <testcase name="StFullscreenLayoutComponent it should disable scroll to body in order not to see the content of the previous page" time="0.034" classname="HeadlessChrome_79_0_3945_(Linux_0_0_0).StFullscreenLayoutComponent"/>
  <testcase name="StFullscreenLayoutComponent If input fullWidth is true, a class is displayed to fit the entire screen´s width" time="0.045" classname="HeadlessChrome_79_0_3945_(Linux_0_0_0).StFullscreenLayoutComponent"/>
  <testcase name="StSidebar It should be able to add any class to an specific item" time="0.201" classname="HeadlessChrome_79_0_3945_(Linux_0_0_0).StSidebar"/>
  <testcase name="StSidebar if active item is updated from outside, it has to be updated as active" time="0.182" classname="HeadlessChrome_79_0_3945_(Linux_0_0_0).StSidebar"/>
  <testcase name="StSidebar by default, first item is active if the active item is not introduced" time="0.216" classname="HeadlessChrome_79_0_3945_(Linux_0_0_0).StSidebar"/>
  <testcase name="StSidebar st-sidebar class is added to the host tag" time="0.229" classname="HeadlessChrome_79_0_3945_(Linux_0_0_0).StSidebar"/>
  <testcase name="StSidebar if active is a children of an item, all its branch is displayed with the class &quot;item--has-active&quot;" time="0.11" classname="HeadlessChrome_79_0_3945_(Linux_0_0_0).StSidebar"/>
  <testcase name="StSidebar Should be able to activate the search mode When user interacts with the search input, an event is emitted with the introduced text" time="0.129" classname="HeadlessChrome_79_0_3945_(Linux_0_0_0).StSidebar"/>
  <testcase name="StSidebar Should be able to activate the search mode a search input is displayed only if search mode is activated" time="0.125" classname="HeadlessChrome_79_0_3945_(Linux_0_0_0).StSidebar"/>
  <testcase name="StSidebar Should be able to activate the search mode by default, search mode is not activated" time="0.095" classname="HeadlessChrome_79_0_3945_(Linux_0_0_0).StSidebar"/>
  <testcase name="StSidebar When user clicks on a tab and it does not have children event is emitted if it was not already activated" time="0.114" classname="HeadlessChrome_79_0_3945_(Linux_0_0_0).StSidebar"/>
  <testcase name="StSidebar When user clicks on a tab and it does not have children this tab is displayed as active one" time="0.238" classname="HeadlessChrome_79_0_3945_(Linux_0_0_0).StSidebar"/>
  <testcase name="StSidebar When user clicks on a tab and it has children if it is collapsed, these children are displayed" time="0.101" classname="HeadlessChrome_79_0_3945_(Linux_0_0_0).StSidebar"/>
  <testcase name="StSidebar When user clicks on a tab and it has children but it is expanded, these children are hidden" time="0.201" classname="HeadlessChrome_79_0_3945_(Linux_0_0_0).StSidebar"/>
  <testcase name="StSidebar When user clicks on a tab and it has children if user clicks on a child after clicking on its parent, it is displayed as active and class &quot;item-list--has-active&quot; is added to its parent" time="0.228" classname="HeadlessChrome_79_0_3945_(Linux_0_0_0).StSidebar"/>
  <testcase name="StAlertsComponent StAlert Should be increase opacity, cancel and decrease opacity" time="0.002" classname="HeadlessChrome_79_0_3945_(Linux_0_0_0).StAlertsComponent"/>
  <testcase name="StAlertsComponent StAlert Should be increase opacity, life and decrease opacity" time="0.002" classname="HeadlessChrome_79_0_3945_(Linux_0_0_0).StAlertsComponent"/>
  <testcase name="StAlertsComponent StAlert Should listen for remove" time="0.001" classname="HeadlessChrome_79_0_3945_(Linux_0_0_0).StAlertsComponent"/>
  <testcase name="StAlertsComponent StAlert Should be have link" time="0" classname="HeadlessChrome_79_0_3945_(Linux_0_0_0).StAlertsComponent"/>
  <testcase name="StAlertsComponent StAlert Should be increase opacity, life, pause life and decrease opacity" time="0.001" classname="HeadlessChrome_79_0_3945_(Linux_0_0_0).StAlertsComponent"/>
  <testcase name="StInfoBoxComponent if title is defined if the height is defined, height, min-height and max height styles must be defined" time="0.014" classname="HeadlessChrome_79_0_3945_(Linux_0_0_0).StInfoBoxComponent"/>
  <testcase name="StInfoBoxComponent if title is defined if the width is defined, width, min-width and max-width styles must be defined" time="0.021" classname="HeadlessChrome_79_0_3945_(Linux_0_0_0).StInfoBoxComponent"/>
  <testcase name="StInfoBoxComponent if title is defined should not throw an error on init" time="0.034" classname="HeadlessChrome_79_0_3945_(Linux_0_0_0).StInfoBoxComponent"/>
  <testcase name="StInfoBoxComponent if title is defined if icon is defined, an icon must be showed" time="0.028" classname="HeadlessChrome_79_0_3945_(Linux_0_0_0).StInfoBoxComponent"/>
  <testcase name="StInfoBoxComponent if title is not defined should throw an error" time="0.033" classname="HeadlessChrome_79_0_3945_(Linux_0_0_0).StInfoBoxComponent"/>
  <testcase name="StTagInputComponent Should be printed as valid if it has an error message and it is pristine" time="0.093" classname="HeadlessChrome_79_0_3945_(Linux_0_0_0).StTagInputComponent"/>
  <testcase name="StTagInputComponent Should be able to display an informative message it is displayed by default if item list is empty when it is initialized" time="0.088" classname="HeadlessChrome_79_0_3945_(Linux_0_0_0).StTagInputComponent"/>
  <testcase name="StTagInputComponent Should be able to display an informative message it is displayed (if it exists) until user adds a tag" time="0.075" classname="HeadlessChrome_79_0_3945_(Linux_0_0_0).StTagInputComponent"/>
  <testcase name="StTagInputComponent Error is not displayed when component is created invalid but forceValidations input is true" time="0.031" classname="HeadlessChrome_79_0_3945_(Linux_0_0_0).StTagInputComponent"/>
  <testcase name="StTagInputComponent Should set disabled with a empty tag list" time="0.04" classname="HeadlessChrome_79_0_3945_(Linux_0_0_0).StTagInputComponent"/>
  <testcase name="StTagInputComponent Should set disabled with tag list" time="0.04" classname="HeadlessChrome_79_0_3945_(Linux_0_0_0).StTagInputComponent"/>
  <testcase name="StTagInputComponent Should remove input text when press delete with input text" time="0.043" classname="HeadlessChrome_79_0_3945_(Linux_0_0_0).StTagInputComponent"/>
  <testcase name="StTagInputComponent Should lost focus when press tab without input text" time="0.04" classname="HeadlessChrome_79_0_3945_(Linux_0_0_0).StTagInputComponent"/>
  <testcase name="StTagInputComponent Should add tag when press enter, comma or tab with input text" time="0.045" classname="HeadlessChrome_79_0_3945_(Linux_0_0_0).StTagInputComponent"/>
  <testcase name="StTagInputComponent Should be able to be configured to allow free text and not by default, it allows free text" time="0.033" classname="HeadlessChrome_79_0_3945_(Linux_0_0_0).StTagInputComponent"/>
  <testcase name="StTagInputComponent Should be able to be configured to allow free text and not if it allows free text, user can clicks on input an types something" time="0.042" classname="HeadlessChrome_79_0_3945_(Linux_0_0_0).StTagInputComponent"/>
  <testcase name="StTagInputComponent Should init correctly" time="0.038" classname="HeadlessChrome_79_0_3945_(Linux_0_0_0).StTagInputComponent"/>
  <testcase name="StTagInputComponent Should add tag when focus out with input text" time="0.044" classname="HeadlessChrome_79_0_3945_(Linux_0_0_0).StTagInputComponent"/>
  <testcase name="StTagInputComponent Should avoid to add tag when press enter, comma or tab with input text already exist" time="0.047" classname="HeadlessChrome_79_0_3945_(Linux_0_0_0).StTagInputComponent"/>
  <testcase name="StTagInputComponent Should propagate id to internal elements" time="0.038" classname="HeadlessChrome_79_0_3945_(Linux_0_0_0).StTagInputComponent"/>
  <testcase name="StTagInputComponent Should have a placeholder" time="0.039" classname="HeadlessChrome_79_0_3945_(Linux_0_0_0).StTagInputComponent"/>
  <testcase name="StTagInputComponent Should not have a label" time="0.038" classname="HeadlessChrome_79_0_3945_(Linux_0_0_0).StTagInputComponent"/>
  <testcase name="StTagInputComponent Should hide a placeholder when tags added" time="0.041" classname="HeadlessChrome_79_0_3945_(Linux_0_0_0).StTagInputComponent"/>
  <testcase name="StTagInputComponent Should have a label and tooltip" time="0.038" classname="HeadlessChrome_79_0_3945_(Linux_0_0_0).StTagInputComponent"/>
  <testcase name="StTagInputComponent Should remove tag when user clicks on the remove button of a tag if input tag is disabled, remove button is not displayed and tag can not be removed" time="0.039" classname="HeadlessChrome_79_0_3945_(Linux_0_0_0).StTagInputComponent"/>
  <testcase name="StTagInputComponent Should remove tag when user clicks on the remove button of a tag if input tag is not disabled, remove button is displayed and tag is removed when user clicks on it" time="0.041" classname="HeadlessChrome_79_0_3945_(Linux_0_0_0).StTagInputComponent"/>
  <testcase name="StTagInputComponent Should be printed as invalid if it has an error message and it is not pristine" time="0.041" classname="HeadlessChrome_79_0_3945_(Linux_0_0_0).StTagInputComponent"/>
  <testcase name="StTagInputComponent Should change input focus on click input container" time="0.042" classname="HeadlessChrome_79_0_3945_(Linux_0_0_0).StTagInputComponent"/>
  <testcase name="StTagInputComponent it should be able to display an informative message (if it exists) until user interacts with tag input and if model is empty when tag input is initialized" time="0.043" classname="HeadlessChrome_79_0_3945_(Linux_0_0_0).StTagInputComponent"/>
  <testcase name="StTagInputComponent Should remove tag when press delete or backspace on focus tag" time="0.045" classname="HeadlessChrome_79_0_3945_(Linux_0_0_0).StTagInputComponent"/>
  <testcase name="StTagInputComponent Error is displayed when component is created invalid if forceValidations input is true" time="0.038" classname="HeadlessChrome_79_0_3945_(Linux_0_0_0).StTagInputComponent"/>
  <testcase name="StTagInputComponent It should be able to active the autocomplete function Should add tag from autocomplete list " time="0.044" classname="HeadlessChrome_79_0_3945_(Linux_0_0_0).StTagInputComponent"/>
  <testcase name="StTagInputComponent It should be able to active the autocomplete function Should add tag when click outside with autocomplete list " time="0.044" classname="HeadlessChrome_79_0_3945_(Linux_0_0_0).StTagInputComponent"/>
  <testcase name="StTagInputComponent It should be able to active the autocomplete function Should display autocomplete list with autocomplete if it is active and after user has typed the required number of characters" time="0.092" classname="HeadlessChrome_79_0_3945_(Linux_0_0_0).StTagInputComponent"/>
  <testcase name="StTagInputComponent It should be able to active the autocomplete function If number of chars before displaying the autocomplete list is 0, when user searches a text and adds a tag, input event is emitted to force to display the autocomplete list reset" time="0.062" classname="HeadlessChrome_79_0_3945_(Linux_0_0_0).StTagInputComponent"/>
  <testcase name="StTagInputComponent It should be able to active the autocomplete function If number of chars before displaying the autocomplete list is 0, when user clicks on input tag input event is emitted to force to display the autocomplete list reset" time="0.044" classname="HeadlessChrome_79_0_3945_(Linux_0_0_0).StTagInputComponent"/>
  <testcase name="StTagInputComponent It should be able to configure the type of its items When type is integer and user types and invalid integer, it wont be added" time="0.084" classname="HeadlessChrome_79_0_3945_(Linux_0_0_0).StTagInputComponent"/>
  <testcase name="StTagInputComponent It should be able to configure the type of its items When type is number and user types and invalid number, it wont be added" time="0.058" classname="HeadlessChrome_79_0_3945_(Linux_0_0_0).StTagInputComponent"/>
  <testcase name="StTagInputComponent It should be able to configure the type of its items by default type of items is text" time="0.041" classname="HeadlessChrome_79_0_3945_(Linux_0_0_0).StTagInputComponent"/>
  <testcase name="StTagInputComponent It should be able to configure the type of its items if type is number, model will be an array of numbers" time="0.042" classname="HeadlessChrome_79_0_3945_(Linux_0_0_0).StTagInputComponent"/>
  <testcase name="StTagInputComponent It should be able to configure the type of its items if type is integer, model will be an array of integers" time="0.04" classname="HeadlessChrome_79_0_3945_(Linux_0_0_0).StTagInputComponent"/>
  <testcase name="StTagInputComponent Should change component focus on focus tag" time="0.06" classname="HeadlessChrome_79_0_3945_(Linux_0_0_0).StTagInputComponent"/>
  <testcase name="StTagInputComponent Should prevent tag click propagation" time="0.088" classname="HeadlessChrome_79_0_3945_(Linux_0_0_0).StTagInputComponent"/>
  <testcase name="[StTwoListSelection] ListItem Should move all to all" time="0.007" classname="HeadlessChrome_79_0_3945_(Linux_0_0_0).[StTwoListSelection]"/>
  <testcase name="[StTwoListSelection] ListItem Should init correctly" time="0.004" classname="HeadlessChrome_79_0_3945_(Linux_0_0_0).[StTwoListSelection]"/>
  <testcase name="[StTwoListSelection] ListItem Should react to changes" time="0.008" classname="HeadlessChrome_79_0_3945_(Linux_0_0_0).[StTwoListSelection]"/>
  <testcase name="[StTwoListSelection] ListItem Should move to selected" time="0.002" classname="HeadlessChrome_79_0_3945_(Linux_0_0_0).[StTwoListSelection]"/>
  <testcase name="[StTwoListSelection] ListItem Shouldn't move to selected if element is disabled" time="0.003" classname="HeadlessChrome_79_0_3945_(Linux_0_0_0).[StTwoListSelection]"/>
  <testcase name="[StTwoListSelection] ListItem Should move all to selected" time="0.004" classname="HeadlessChrome_79_0_3945_(Linux_0_0_0).[StTwoListSelection]"/>
  <testcase name="[StTwoListSelection] ListItem Should move to all" time="0.004" classname="HeadlessChrome_79_0_3945_(Linux_0_0_0).[StTwoListSelection]"/>
  <testcase name="[StTwoListSelection] ListItem Should order by correct field" time="0" classname="HeadlessChrome_79_0_3945_(Linux_0_0_0).[StTwoListSelection]"/>
  <testcase name="[StTwoListSelection] ListItem Should select an element for first time" time="0.001" classname="HeadlessChrome_79_0_3945_(Linux_0_0_0).[StTwoListSelection]"/>
  <testcase name="[StTwoListSelection] ListItem Shouldn't select an element if is disabled" time="0.001" classname="HeadlessChrome_79_0_3945_(Linux_0_0_0).[StTwoListSelection]"/>
  <testcase name="[StTwoListSelection] ListItem Should update search values" time="0.002" classname="HeadlessChrome_79_0_3945_(Linux_0_0_0).[StTwoListSelection]"/>
  <testcase name="[StTwoListSelection] If a search is active only have  to apply mark/unmark all elements over filtered list" time="0.002" classname="HeadlessChrome_79_0_3945_(Linux_0_0_0).[StTwoListSelection]"/>
  <testcase name="[StTwoListSelection] Should mark/unmark all elements if click check all button" time="0.001" classname="HeadlessChrome_79_0_3945_(Linux_0_0_0).[StTwoListSelection]"/>
  <testcase name="StTooltip If showOnClick, st-tooltip-on class is added or removed on click" time="0.017" classname="HeadlessChrome_79_0_3945_(Linux_0_0_0).StTooltip"/>
  <testcase name="StTooltip It has st-tooltip class only if host element has a title" time="0.023" classname="HeadlessChrome_79_0_3945_(Linux_0_0_0).StTooltip"/>
  <testcase name="StTooltip It has to display content inside a span without a title" time="0.034" classname="HeadlessChrome_79_0_3945_(Linux_0_0_0).StTooltip"/>
  <testcase name="StLabel Label tag has st-label class" time="0.053" classname="HeadlessChrome_79_0_3945_(Linux_0_0_0).StLabel"/>
  <testcase name="StLabel Label tag has st-tooltip class if it has a title" time="0.052" classname="HeadlessChrome_79_0_3945_(Linux_0_0_0).StLabel"/>
  <testcase name="StLabel Exist an span element that contains label content" time="0.017" classname="HeadlessChrome_79_0_3945_(Linux_0_0_0).StLabel"/>
  <testcase name="StSidebarComponentComponent in usage It should be able to add some content before and after the menu" time="0.103" classname="HeadlessChrome_79_0_3945_(Linux_0_0_0).StSidebarComponentComponent in usage"/>
  <testcase name="StRadioGroup with FormControl When form control marked as disabled Should toggle the disabled state" time="0.023" classname="HeadlessChrome_79_0_3945_(Linux_0_0_0).StRadioGroup with FormControl"/>
  <testcase name="StRadioGroup with FormControl When add value to the form control Should update the component group with the value" time="0.026" classname="HeadlessChrome_79_0_3945_(Linux_0_0_0).StRadioGroup with FormControl"/>
  <testcase name="StToggleButtonsComponent Should emit an event when active tab is clicked" time="0.024" classname="HeadlessChrome_79_0_3945_(Linux_0_0_0).StToggleButtonsComponent"/>
  <testcase name="StToggleButtonsComponent should change active tab on click" time="0.02" classname="HeadlessChrome_79_0_3945_(Linux_0_0_0).StToggleButtonsComponent"/>
  <testcase name="StToggleButtonsComponent should init correctly" time="0.023" classname="HeadlessChrome_79_0_3945_(Linux_0_0_0).StToggleButtonsComponent"/>
  <testcase name="StSelectComponent Reactive form instance Should be possible to set disabled" time="0.084" classname="HeadlessChrome_79_0_3945_(Linux_0_0_0).StSelectComponent"/>
  <testcase name="StSelectComponent Reactive form instance Should change model when select" time="0.159" classname="HeadlessChrome_79_0_3945_(Linux_0_0_0).StSelectComponent"/>
  <testcase name="StSelectComponent Reactive form instance Should validate required status" time="0.209" classname="HeadlessChrome_79_0_3945_(Linux_0_0_0).StSelectComponent"/>
  <testcase name="StSelectComponent Reactive form instance Should change value from formControl" time="0.208" classname="HeadlessChrome_79_0_3945_(Linux_0_0_0).StSelectComponent"/>
  <testcase name="StSelectComponent Reactive form instance Should be able to enable a search box Should clean search input when user clicks on cross button" time="0.268" classname="HeadlessChrome_79_0_3945_(Linux_0_0_0).StSelectComponent"/>
  <testcase name="StSelectComponent Reactive form instance Should be able to enable a search box If &quot;enabledSearcher&quot; is true, a search box is displayed on top and event is emitted when user types something on it" time="0.221" classname="HeadlessChrome_79_0_3945_(Linux_0_0_0).StSelectComponent"/>
  <testcase name="StSelectComponent Reactive form instance Propagate itemsBeforeScroll variable to dropdownmenu" time="0.191" classname="HeadlessChrome_79_0_3945_(Linux_0_0_0).StSelectComponent"/>
  <testcase name="StFormFieldComponent in reactive form select field if a select field is required an option selected, form has to be valid" time="0.336" classname="HeadlessChrome_79_0_3945_(Linux_0_0_0).StFormFieldComponent in reactive form"/>
  <testcase name="StFormFieldComponent in reactive form select field if a select field is required no one option is selected, form has to be invalid" time="0.33" classname="HeadlessChrome_79_0_3945_(Linux_0_0_0).StFormFieldComponent in reactive form"/>
  <testcase name="StFormFieldComponent in reactive form select field select can be disabled" time="0.371" classname="HeadlessChrome_79_0_3945_(Linux_0_0_0).StFormFieldComponent in reactive form"/>
  <testcase name="StFormFieldComponent in reactive form select field if select is not required, form is valid although model is empty" time="0.282" classname="HeadlessChrome_79_0_3945_(Linux_0_0_0).StFormFieldComponent in reactive form"/>
  <testcase name="StFormFieldComponent in reactive form checkbox can be disabled if checkbox is enabled, when user clicks on it, it has to change" time="0.254" classname="HeadlessChrome_79_0_3945_(Linux_0_0_0).StFormFieldComponent in reactive form"/>
  <testcase name="StFormFieldComponent in reactive form checkbox can be disabled if checkbox is disabled, when user clicks on it, it does not change" time="0.324" classname="HeadlessChrome_79_0_3945_(Linux_0_0_0).StFormFieldComponent in reactive form"/>
  <testcase name="StFormFieldComponent in reactive form switch can be disabled if switch is enabled, when user clicks on it, it has to change" time="0.281" classname="HeadlessChrome_79_0_3945_(Linux_0_0_0).StFormFieldComponent in reactive form"/>
  <testcase name="StFormFieldComponent in reactive form switch can be disabled if switch is disabled, when user clicks on it, it does not change" time="0.146" classname="HeadlessChrome_79_0_3945_(Linux_0_0_0).StFormFieldComponent in reactive form"/>
  <testcase name="StFormFieldComponent in reactive form input can be disabled" time="0.138" classname="HeadlessChrome_79_0_3945_(Linux_0_0_0).StFormFieldComponent in reactive form"/>
  <testcase name="StBreadCrumbsItemComponent If initialized Should create the component" time="0.012" classname="HeadlessChrome_79_0_3945_(Linux_0_0_0).StBreadCrumbsItemComponent"/>
  <testcase name="StBreadCrumbsItemComponent If initialized Should be initialized the parameters" time="0.013" classname="HeadlessChrome_79_0_3945_(Linux_0_0_0).StBreadCrumbsItemComponent"/>
  <testcase name="Pipe: StObjectToArrayPipe It should transform a json in an array If object is undefined or empty, it returns an empty array" time="0.001" classname="HeadlessChrome_79_0_3945_(Linux_0_0_0).Pipe: StObjectToArrayPipe"/>
  <testcase name="Pipe: StObjectToArrayPipe It should transform a json in an array If object is valid It returns an array of JSONs with the key and value of each property" time="0.001" classname="HeadlessChrome_79_0_3945_(Linux_0_0_0).Pipe: StObjectToArrayPipe"/>
  <testcase name="StColorPickerComponent When user selects a color, an event is emitted with the selected color" time="0.027" classname="HeadlessChrome_79_0_3945_(Linux_0_0_0).StColorPickerComponent"/>
  <testcase name="StColorPickerComponent When it is initialized a ball is displayed for each palette`s color" time="0.048" classname="HeadlessChrome_79_0_3945_(Linux_0_0_0).StColorPickerComponent"/>
  <testcase name="StZeroPageComponent Should display a title and a info message" time="0.034" classname="HeadlessChrome_79_0_3945_(Linux_0_0_0).StZeroPageComponent"/>
  <testcase name="StZeroPageComponent It should display an image with the source specified by input" time="0.022" classname="HeadlessChrome_79_0_3945_(Linux_0_0_0).StZeroPageComponent"/>
  <testcase name="StFormFieldComponent should be able to render textareas with their validations max length validation" time="0.161" classname="HeadlessChrome_79_0_3945_(Linux_0_0_0).StFormFieldComponent"/>
  <testcase name="StFormFieldComponent should be able to render textareas with their validations min length validation" time="0.172" classname="HeadlessChrome_79_0_3945_(Linux_0_0_0).StFormFieldComponent"/>
  <testcase name="StFormFieldComponent should be able to render textareas with their validations if textarea has a default value and user interacts with textarea, he will be able to reset to the default value" time="0.166" classname="HeadlessChrome_79_0_3945_(Linux_0_0_0).StFormFieldComponent"/>
  <testcase name="StFormFieldComponent should be able to render textareas with their validations When user leaves it, it emits an event" time="0.216" classname="HeadlessChrome_79_0_3945_(Linux_0_0_0).StFormFieldComponent"/>
  <testcase name="StFormFieldComponent should be able to render textareas with their validations required validation" time="0.176" classname="HeadlessChrome_79_0_3945_(Linux_0_0_0).StFormFieldComponent"/>
  <testcase name="StFormFieldComponent should be able to render textareas with their validations a textarea is displayed when minLength or maxLength are defined and they are major or equal to maxWidth" time="0.271" classname="HeadlessChrome_79_0_3945_(Linux_0_0_0).StFormFieldComponent"/>
  <testcase name="StFormFieldComponent should be able to render textareas with their validations pattern validation" time="0.322" classname="HeadlessChrome_79_0_3945_(Linux_0_0_0).StFormFieldComponent"/>
  <testcase name="StFormFieldComponent should be able to render checkboxes with their validations icon for opening tooltip is not displayed if description does not exit" time="0.29" classname="HeadlessChrome_79_0_3945_(Linux_0_0_0).StFormFieldComponent"/>
  <testcase name="StFormFieldComponent should be able to render checkboxes with their validations if schema contains a default value, checkbox has to be initialized with it" time="0.317" classname="HeadlessChrome_79_0_3945_(Linux_0_0_0).StFormFieldComponent"/>
  <testcase name="StFormFieldComponent should be able to render checkboxes with their validations label is displayed" time="0.16" classname="HeadlessChrome_79_0_3945_(Linux_0_0_0).StFormFieldComponent"/>
  <testcase name="StFormFieldComponent should be able to render checkboxes with their validations tooltip is displayed if description exits" time="0.217" classname="HeadlessChrome_79_0_3945_(Linux_0_0_0).StFormFieldComponent"/>
  <testcase name="StFormFieldComponent should be able to render selects with their validations if user clicks on the first option, model is empty" time="0.16" classname="HeadlessChrome_79_0_3945_(Linux_0_0_0).StFormFieldComponent"/>
  <testcase name="StFormFieldComponent should be able to render selects with their validations tooltip is displayed if description exits" time="0.169" classname="HeadlessChrome_79_0_3945_(Linux_0_0_0).StFormFieldComponent"/>
  <testcase name="StFormFieldComponent should be able to render selects with their validations Options have to be generated and if options property is defined in UI definitions it is used to print a label inside of the value" time="0.185" classname="HeadlessChrome_79_0_3945_(Linux_0_0_0).StFormFieldComponent"/>
  <testcase name="StFormFieldComponent should be able to render selects with their validations Options have to be generated and if options property is defined in UI definitions options from enum and options are merged" time="0.263" classname="HeadlessChrome_79_0_3945_(Linux_0_0_0).StFormFieldComponent"/>
  <testcase name="StFormFieldComponent should be able to render selects with their validations Options have to be generated and if options property is defined in UI definitions Options from enum without label in ui definitions, are displayed with its value" time="0.206" classname="HeadlessChrome_79_0_3945_(Linux_0_0_0).StFormFieldComponent"/>
  <testcase name="StFormFieldComponent should be able to render selects with their validations Options have to be generated using the enum property and the first one to leave it empty" time="0.269" classname="HeadlessChrome_79_0_3945_(Linux_0_0_0).StFormFieldComponent"/>
  <testcase name="StFormFieldComponent should be able to render selects with their validations icon for opening tooltip is not displayed if description does not exit" time="0.293" classname="HeadlessChrome_79_0_3945_(Linux_0_0_0).StFormFieldComponent"/>
  <testcase name="StFormFieldComponent should be able to render selects with their validations properties of type string and with the attribute enum are rendered as selects" time="0.326" classname="HeadlessChrome_79_0_3945_(Linux_0_0_0).StFormFieldComponent"/>
  <testcase name="StFormFieldComponent should be able to render selects with their validations label is displayed" time="0.38" classname="HeadlessChrome_79_0_3945_(Linux_0_0_0).StFormFieldComponent"/>
  <testcase name="StFormFieldComponent should be able to render selects with their validations if select has a default value and user interacts with it, he will be able to reset to the default value" time="0.334" classname="HeadlessChrome_79_0_3945_(Linux_0_0_0).StFormFieldComponent"/>
  <testcase name="StFormFieldComponent should be able to render selects with their validations if schema contains a default value, select has to be initialized with it" time="0.161" classname="HeadlessChrome_79_0_3945_(Linux_0_0_0).StFormFieldComponent"/>
  <testcase name="StFormFieldComponent should be able to render selects with their validations if model is empty, default value is not defined and placeholder is defined in schema, this placeholder is displayed" time="0.347" classname="HeadlessChrome_79_0_3945_(Linux_0_0_0).StFormFieldComponent"/>
  <testcase name="StFormFieldComponent should be able to render selects with their validations if user clicks on an option, model is updated with te value of this option" time="0.372" classname="HeadlessChrome_79_0_3945_(Linux_0_0_0).StFormFieldComponent"/>
  <testcase name="StFormFieldComponent should display a link after field if property link is introduced in ui definition" time="0.353" classname="HeadlessChrome_79_0_3945_(Linux_0_0_0).StFormFieldComponent"/>
  <testcase name="StFormFieldComponent Error messages can be customized from outside If some error message is not introduced from outside, default error is displayed" time="0.333" classname="HeadlessChrome_79_0_3945_(Linux_0_0_0).StFormFieldComponent"/>
  <testcase name="StFormFieldComponent Error messages can be customized from outside If some error message is introduced from outside, it is displayed" time="0.33" classname="HeadlessChrome_79_0_3945_(Linux_0_0_0).StFormFieldComponent"/>
  <testcase name="StFormFieldComponent readOnly property if it is true, field can`t be edited and it is displayed as normal text" time="0.338" classname="HeadlessChrome_79_0_3945_(Linux_0_0_0).StFormFieldComponent"/>
  <testcase name="StFormFieldComponent readOnly property if it is false, field can be edited and it is displayed as a form field" time="0.334" classname="HeadlessChrome_79_0_3945_(Linux_0_0_0).StFormFieldComponent"/>
  <testcase name="StFormFieldComponent should be able to enable or disable the visualization of tooltips through the input &quot;showTooltip&quot;" time="0.292" classname="HeadlessChrome_79_0_3945_(Linux_0_0_0).StFormFieldComponent"/>
  <testcase name="StFormFieldComponent should be able to render switches with their validations tooltip is displayed if description exits" time="0.299" classname="HeadlessChrome_79_0_3945_(Linux_0_0_0).StFormFieldComponent"/>
  <testcase name="StFormFieldComponent should be able to render switches with their validations field is displayed with a switch when it has boolean type and it enables another fields" time="0.182" classname="HeadlessChrome_79_0_3945_(Linux_0_0_0).StFormFieldComponent"/>
  <testcase name="StFormFieldComponent should be able to render switches with their validations icon for opening tooltip is not displayed if description does not exit" time="0.307" classname="HeadlessChrome_79_0_3945_(Linux_0_0_0).StFormFieldComponent"/>
  <testcase name="StFormFieldComponent should be able to render switches with their validations label is displayed" time="0.296" classname="HeadlessChrome_79_0_3945_(Linux_0_0_0).StFormFieldComponent"/>
  <testcase name="StFormFieldComponent should be able to render switches with their validations if schema contains a default value, switch has to be initialized with it" time="0.141" classname="HeadlessChrome_79_0_3945_(Linux_0_0_0).StFormFieldComponent"/>
  <testcase name="StFormFieldComponent should be able to render inputs with their validations integer input min integer validation" time="0.167" classname="HeadlessChrome_79_0_3945_(Linux_0_0_0).StFormFieldComponent"/>
  <testcase name="StFormFieldComponent should be able to render inputs with their validations integer input integer has to be between a certain range if minimum is exclusive, when user puts a value equal or minor than the minimum, validation error is displayed" time="0.155" classname="HeadlessChrome_79_0_3945_(Linux_0_0_0).StFormFieldComponent"/>
  <testcase name="StFormFieldComponent should be able to render inputs with their validations integer input integer has to be between a certain range if maximum is not exclusive, when user puts a value equal to the maximum, input will be valid" time="0.151" classname="HeadlessChrome_79_0_3945_(Linux_0_0_0).StFormFieldComponent"/>
  <testcase name="StFormFieldComponent should be able to render inputs with their validations integer input integer has to be between a certain range if maximum is exclusive, when user puts a value equal or major than the maximum, validation error is displayed" time="0.257" classname="HeadlessChrome_79_0_3945_(Linux_0_0_0).StFormFieldComponent"/>
  <testcase name="StFormFieldComponent should be able to render inputs with their validations integer input integer has to be between a certain range if minimum is not exclusive, when user puts a value equal to the minimum, input will be valid" time="0.336" classname="HeadlessChrome_79_0_3945_(Linux_0_0_0).StFormFieldComponent"/>
  <testcase name="StFormFieldComponent should be able to render inputs with their validations integer input if model is empty, default value is not defined and placeholder is defined in schema, this placeholder is displayed" time="0.187" classname="HeadlessChrome_79_0_3945_(Linux_0_0_0).StFormFieldComponent"/>
  <testcase name="StFormFieldComponent should be able to render inputs with their validations integer input max integer validation" time="0.328" classname="HeadlessChrome_79_0_3945_(Linux_0_0_0).StFormFieldComponent"/>
  <testcase name="StFormFieldComponent should be able to render inputs with their validations integer input When user leaves it, it emits an event" time="0.216" classname="HeadlessChrome_79_0_3945_(Linux_0_0_0).StFormFieldComponent"/>
  <testcase name="StFormFieldComponent should be able to render inputs with their validations integer input required input" time="0.142" classname="HeadlessChrome_79_0_3945_(Linux_0_0_0).StFormFieldComponent"/>
  <testcase name="StFormFieldComponent should be able to render inputs with their validations integer input should add a step of 0.1 to input" time="0.139" classname="HeadlessChrome_79_0_3945_(Linux_0_0_0).StFormFieldComponent"/>
  <testcase name="StFormFieldComponent should be able to render inputs with their validations integer input if user tries to type text, input value is not updated" time="0.148" classname="HeadlessChrome_79_0_3945_(Linux_0_0_0).StFormFieldComponent"/>
  <testcase name="StFormFieldComponent should be able to render inputs with their validations number input min number validation" time="0.141" classname="HeadlessChrome_79_0_3945_(Linux_0_0_0).StFormFieldComponent"/>
  <testcase name="StFormFieldComponent should be able to render inputs with their validations number input max number validation" time="0.192" classname="HeadlessChrome_79_0_3945_(Linux_0_0_0).StFormFieldComponent"/>
  <testcase name="StFormFieldComponent should be able to render inputs with their validations number input When user leaves it, it emits an event" time="0.134" classname="HeadlessChrome_79_0_3945_(Linux_0_0_0).StFormFieldComponent"/>
  <testcase name="StFormFieldComponent should be able to render inputs with their validations number input required input" time="0.142" classname="HeadlessChrome_79_0_3945_(Linux_0_0_0).StFormFieldComponent"/>
  <testcase name="StFormFieldComponent should be able to render inputs with their validations number input should add a step of 0.1 to input" time="0.158" classname="HeadlessChrome_79_0_3945_(Linux_0_0_0).StFormFieldComponent"/>
  <testcase name="StFormFieldComponent should be able to render inputs with their validations number input number has to be between a certain range if maximum is exclusive, when user puts a value equal or major than the maximum, validation error is displayed" time="0.338" classname="HeadlessChrome_79_0_3945_(Linux_0_0_0).StFormFieldComponent"/>
  <testcase name="StFormFieldComponent should be able to render inputs with their validations number input number has to be between a certain range if maximum is not exclusive, when user puts a value equal to the maximum, input will be valid" time="0.228" classname="HeadlessChrome_79_0_3945_(Linux_0_0_0).StFormFieldComponent"/>
  <testcase name="StFormFieldComponent should be able to render inputs with their validations number input number has to be between a certain range if minimum is not exclusive, when user puts a value equal to the minimum, input will be valid" time="0.15" classname="HeadlessChrome_79_0_3945_(Linux_0_0_0).StFormFieldComponent"/>
  <testcase name="StFormFieldComponent should be able to render inputs with their validations number input number has to be between a certain range if minimum is exclusive, when user puts a value equal or minor than the minimum, validation error is displayed" time="0.17" classname="HeadlessChrome_79_0_3945_(Linux_0_0_0).StFormFieldComponent"/>
  <testcase name="StFormFieldComponent should be able to render inputs with their validations number input if user tries to type text, input value is not updated" time="0.31" classname="HeadlessChrome_79_0_3945_(Linux_0_0_0).StFormFieldComponent"/>
  <testcase name="StFormFieldComponent should be able to render inputs with their validations if input has a default value and user interacts with input, he will be able to reset to the default value" time="0.309" classname="HeadlessChrome_79_0_3945_(Linux_0_0_0).StFormFieldComponent"/>
  <testcase name="StFormFieldComponent should be able to render inputs with their validations text input It should render an input if minLength and maxLength are not defined or both are minor than the maxLengthField input" time="0.244" classname="HeadlessChrome_79_0_3945_(Linux_0_0_0).StFormFieldComponent"/>
  <testcase name="StFormFieldComponent should be able to render inputs with their validations text input It should render an input if maxWidth input is not defined" time="0.124" classname="HeadlessChrome_79_0_3945_(Linux_0_0_0).StFormFieldComponent"/>
  <testcase name="StFormFieldComponent should be able to render inputs with their validations text input required validation" time="0.188" classname="HeadlessChrome_79_0_3945_(Linux_0_0_0).StFormFieldComponent"/>
  <testcase name="StFormFieldComponent should be able to render inputs with their validations text input min length validation" time="0.304" classname="HeadlessChrome_79_0_3945_(Linux_0_0_0).StFormFieldComponent"/>
  <testcase name="StFormFieldComponent should be able to render inputs with their validations text input max length validation" time="0.218" classname="HeadlessChrome_79_0_3945_(Linux_0_0_0).StFormFieldComponent"/>
  <testcase name="StFormFieldComponent should be able to render inputs with their validations text input When user leaves it, it emits an event" time="0.162" classname="HeadlessChrome_79_0_3945_(Linux_0_0_0).StFormFieldComponent"/>
  <testcase name="StFormFieldComponent should be able to render inputs with their validations text input pattern validation" time="0.164" classname="HeadlessChrome_79_0_3945_(Linux_0_0_0).StFormFieldComponent"/>
  <testcase name="StPaginationComponent When insert input perPage should show dropdown" time="0.022" classname="HeadlessChrome_79_0_3945_(Linux_0_0_0).StPaginationComponent"/>
  <testcase name="StPaginationComponent When insert input perPage should not show dropdown" time="0.018" classname="HeadlessChrome_79_0_3945_(Linux_0_0_0).StPaginationComponent"/>
  <testcase name="StPaginationComponent when component is updated should generate new item for dropdown" time="0.017" classname="HeadlessChrome_79_0_3945_(Linux_0_0_0).StPaginationComponent"/>
[...]
  <testcase name="StBubbleComponent It should be able to be configure to be displayed to the left or right If input &quot;openToLeft&quot; is false, bubble is open to the right" time="0.047" classname="HeadlessChrome_79_0_3945_(Linux_0_0_0).StBubbleComponent"/>
  <testcase name="StFormListComponent in reactive form when form list is disabled button to add new items has to be hidden" time="0.355" classname="HeadlessChrome_79_0_3945_(Linux_0_0_0).StFormListComponent in reactive form"/>
  <testcase name="StFormListComponent in reactive form when form list is disabled fields are displayed as disabled" time="0.323" classname="HeadlessChrome_79_0_3945_(Linux_0_0_0).StFormListComponent in reactive form"/>
  <testcase name="StFormListComponent in reactive form when form list is disabled can be enabled again" time="0.248" classname="HeadlessChrome_79_0_3945_(Linux_0_0_0).StFormListComponent in reactive form"/>
  <testcase name="StAlertsComponent StAlertsService Should be get alertList correctly" time="0.002" classname="HeadlessChrome_79_0_3945_(Linux_0_0_0).StAlertsComponent"/>
  <testcase name="StAlertsComponent StAlertsService Should be remove an alert" time="0.002" classname="HeadlessChrome_79_0_3945_(Linux_0_0_0).StAlertsComponent"/>
  <testcase name="StAlertsComponent StAlertsService Should be add with different parameters correctly" time="0.001" classname="HeadlessChrome_79_0_3945_(Linux_0_0_0).StAlertsComponent"/>
  <testcase name="StAlertsComponent StAlertBoxComponent Should emit an event when user clicks on close button" time="0.018" classname="HeadlessChrome_79_0_3945_(Linux_0_0_0).StAlertsComponent"/>
  <testcase name="StAlertsComponent StAlertBoxComponent Should emit an event when user clicks link" time="0.021" classname="HeadlessChrome_79_0_3945_(Linux_0_0_0).StAlertsComponent"/>
  <testcase name="StAlertsComponent StAlertBoxComponent Should notify close alert" time="0.019" classname="HeadlessChrome_79_0_3945_(Linux_0_0_0).StAlertsComponent"/>
  <testcase name="StAlertsComponent StAlertBoxComponent Should return correct icon" time="0.018" classname="HeadlessChrome_79_0_3945_(Linux_0_0_0).StAlertsComponent"/>
  <testcase name="StAlertsComponent StAlertBoxComponent Should notify in console warning" time="0.015" classname="HeadlessChrome_79_0_3945_(Linux_0_0_0).StAlertsComponent"/>
  <testcase name="StAlertsComponent StAlertBoxComponent Should notify in console error" time="0.015" classname="HeadlessChrome_79_0_3945_(Linux_0_0_0).StAlertsComponent"/>
  <testcase name="StAlertsComponent StAlertBoxComponent Should notify in console error by default if not found severity" time="0.016" classname="HeadlessChrome_79_0_3945_(Linux_0_0_0).StAlertsComponent"/>
  <testcase name="StAlertsComponent StAlertBoxComponent Should be initialized correctly" time="0.016" classname="HeadlessChrome_79_0_3945_(Linux_0_0_0).StAlertsComponent"/>
  <testcase name="StAlertsComponent StAlertBoxComponent Should notify in console info" time="0.015" classname="HeadlessChrome_79_0_3945_(Linux_0_0_0).StAlertsComponent"/>
  <testcase name="StAlertsComponent StAlertBoxComponent Should fade out alert after life time" time="0.015" classname="HeadlessChrome_79_0_3945_(Linux_0_0_0).StAlertsComponent"/>
  <testcase name="StAlertsComponent StAlertBoxComponent Should return correct color by severity" time="0.017" classname="HeadlessChrome_79_0_3945_(Linux_0_0_0).StAlertsComponent"/>
  <testcase name="Directive: StMinValidator it should register the onChange function in order to be executed when form control is updated" time="0" classname="HeadlessChrome_79_0_3945_(Linux_0_0_0).Directive: StMinValidator"/>
  <testcase name="Directive: StMinValidator should be able to validate if a number is minor than another if number is major than the allowed, it does not return any error" time="0" classname="HeadlessChrome_79_0_3945_(Linux_0_0_0).Directive: StMinValidator"/>
  <testcase name="Directive: StMinValidator should be able to validate if a number is minor than another if number is equal to the allowed, it does not return any error" time="0" classname="HeadlessChrome_79_0_3945_(Linux_0_0_0).Directive: StMinValidator"/>
  <testcase name="Directive: StMinValidator should be able to validate if a number is minor than another if number is undefined, it does not return any error" time="0" classname="HeadlessChrome_79_0_3945_(Linux_0_0_0).Directive: StMinValidator"/>
  <testcase name="Directive: StMinValidator should be able to validate if a number is minor than another if number is minor than the allowed, it returns an error" time="0.001" classname="HeadlessChrome_79_0_3945_(Linux_0_0_0).Directive: StMinValidator"/>
  <testcase name="Directive: StMinValidator should be able to validate if a number is minor than another if the allowed minimum number is not defined, it does not return any error" time="0.001" classname="HeadlessChrome_79_0_3945_(Linux_0_0_0).Directive: StMinValidator"/>
  <testcase name="StCheckboxComponent When insert input checked Should mark the input as checked" time="0.018" classname="HeadlessChrome_79_0_3945_(Linux_0_0_0).StCheckboxComponent"/>
  <testcase name="StCheckboxComponent When add a value to component  Should mark the input with the value" time="0.031" classname="HeadlessChrome_79_0_3945_(Linux_0_0_0).StCheckboxComponent"/>
  <testcase name="StCheckboxComponent When add a value to component  Should not update the value when no change" time="0.047" classname="HeadlessChrome_79_0_3945_(Linux_0_0_0).StCheckboxComponent"/>
  <testcase name="StCheckboxComponent When check the component as disabled Should disabled the input" time="0.03" classname="HeadlessChrome_79_0_3945_(Linux_0_0_0).StCheckboxComponent"/>
  <testcase name="StCheckboxComponent When clicked about the component Should mark as checked the input" time="0.039" classname="HeadlessChrome_79_0_3945_(Linux_0_0_0).StCheckboxComponent"/>
  <testcase name="StCheckboxComponent When clicked about the component disabled Should not be checked when disabled" time="0.027" classname="HeadlessChrome_79_0_3945_(Linux_0_0_0).StCheckboxComponent"/>
  <testcase name="StDynamicTableUtils Should be able to convert a json schema in a list of header fields If it is a valid json schema All the root properties (non object) are added as a header field" time="0.002" classname="HeadlessChrome_79_0_3945_(Linux_0_0_0).StDynamicTableUtils"/>
  <testcase name="StDynamicTableUtils Should be able to convert a json schema in a list of header fields If it is a valid json schema When property is an enum, filter config is added" time="0" classname="HeadlessChrome_79_0_3945_(Linux_0_0_0).StDynamicTableUtils"/>
  <testcase name="StDynamicTableUtils Should be able to convert a json schema in a list of header fields If it is a valid json schema If UI definition object is introduced and property does not have visible property, is added as header field" time="0.001" classname="HeadlessChrome_79_0_3945_(Linux_0_0_0).StDynamicTableUtils"/>
  <testcase name="StDynamicTableUtils Should be able to convert a json schema in a list of header fields If it is a valid json schema If UI definition object is introduced and property is defined as visible, is added as header field" time="0.001" classname="HeadlessChrome_79_0_3945_(Linux_0_0_0).StDynamicTableUtils"/>
  <testcase name="StDynamicTableUtils Should be able to convert a json schema in a list of header fields If it is a valid json schema If UI definition object is introduced and property is defined as not visible, is not added as header field" time="0" classname="HeadlessChrome_79_0_3945_(Linux_0_0_0).StDynamicTableUtils"/>
  <testcase name="StDynamicTableUtils Should be able to convert a json schema in a list of header fields If json schema is null, undefined or it does not have any property, it should return an empty list" time="0.001" classname="HeadlessChrome_79_0_3945_(Linux_0_0_0).StDynamicTableUtils"/>
  <testcase name="StFooterComponent When check component Input Should have a right menu text" time="0.019" classname="HeadlessChrome_79_0_3945_(Linux_0_0_0).StFooterComponent"/>
  <testcase name="StFooterComponent When check component Input Should have 4 links the menu" time="0.032" classname="HeadlessChrome_79_0_3945_(Linux_0_0_0).StFooterComponent"/>
  <testcase name="StFooterComponent When modify input image Should have a image as logo" time="0.019" classname="HeadlessChrome_79_0_3945_(Linux_0_0_0).StFooterComponent"/>
  <testcase name="StFooterComponent When modify input image Should not have a image as logo" time="0.023" classname="HeadlessChrome_79_0_3945_(Linux_0_0_0).StFooterComponent"/>
  <testcase name="StFooterComponent When check component Output Should click on a link in the menu and output the content of the link" time="0.029" classname="HeadlessChrome_79_0_3945_(Linux_0_0_0).StFooterComponent"/>
  <testcase name="StFooterComponent Should display a list of links if a link has an icon, it is displayed as an button" time="0.212" classname="HeadlessChrome_79_0_3945_(Linux_0_0_0).StFooterComponent"/>
  <testcase name="StFooterComponent Should display a list of links if links does not have an icon, it is displayed as a link" time="0.07" classname="HeadlessChrome_79_0_3945_(Linux_0_0_0).StFooterComponent"/>
  <testcase name="StFormComponent form can be configured to be able to enable or disable the visualization of tooltips through the input &quot;showTooltips&quot; if input is true, tooltips are displayed in fields with description" time="0.548" classname="HeadlessChrome_79_0_3945_(Linux_0_0_0).StFormComponent"/>
  <testcase name="StFormComponent form can be configured to be able to enable or disable the visualization of tooltips through the input &quot;showTooltips&quot; by default, tooltips are displayed" time="1.152" classname="HeadlessChrome_79_0_3945_(Linux_0_0_0).StFormComponent"/>
  <testcase name="StFormComponent form can be configured to be able to enable or disable the visualization of tooltips through the input &quot;showTooltips&quot; if input is false, tooltips are not displayed" time="1.267" classname="HeadlessChrome_79_0_3945_(Linux_0_0_0).StFormComponent"/>
  <testcase name="StFormComponent Form can be configured to be validated its fields without any user interaction Errors of invalid fields are displayed if forceValidations input is true" time="1.316" classname="HeadlessChrome_79_0_3945_(Linux_0_0_0).StFormComponent"/>
  <testcase name="StFormComponent Form can be configured to be validated its fields without any user interaction Errors of invalid fields are not displayed if forceValidations input is false" time="0.932" classname="HeadlessChrome_79_0_3945_(Linux_0_0_0).StFormComponent"/>
  <testcase name="StFormComponent Form can be configured to be validated its fields without any user interaction Form is marked as pristine only if forceValidations is false after view is initialized" time="0.853" classname="HeadlessChrome_79_0_3945_(Linux_0_0_0).StFormComponent"/>
  <testcase name="StFormComponent Section descriptions can be displayed using the input &quot;sectionDescriptionLevel&quot; if sectionDescriptionLevel is not introduced, section descriptions are not displayed" time="0.71" classname="HeadlessChrome_79_0_3945_(Linux_0_0_0).StFormComponent"/>
  <testcase name="StFormComponent Section descriptions can be displayed using the input &quot;sectionDescriptionLevel&quot; if sectionDescriptionLevel is introduced, section descriptions are only displayed if section level is minor than sectionDescriptionLevel" time="0.543" classname="HeadlessChrome_79_0_3945_(Linux_0_0_0).StFormComponent"/>
  <testcase name="StFormComponent It has to be able to render nested properties properties of the nested property are rendered" time="0.472" classname="HeadlessChrome_79_0_3945_(Linux_0_0_0).StFormComponent"/>
  <testcase name="StFormComponent It has to be able to render nested properties form should add a nesting level to its nested sections in order to display section titles taking it into account" time="0.694" classname="HeadlessChrome_79_0_3945_(Linux_0_0_0).StFormComponent"/>
  <testcase name="StFormComponent If there are some dependant fields these fields are not rendered if switch is off" time="1.059" classname="HeadlessChrome_79_0_3945_(Linux_0_0_0).StFormComponent"/>
  <testcase name="StFormComponent If there are some dependant fields if a field has type boolean and has dependant fields, it will be displayed as a switch" time="0.989" classname="HeadlessChrome_79_0_3945_(Linux_0_0_0).StFormComponent"/>
  <testcase name="StFormComponent Should be able to improve the visualization of its sections according to the ui attribute should be able to display fields in the same row if these are related all adjacent fields with the property relatedTo are displayed at the same row" time="1.272" classname="HeadlessChrome_79_0_3945_(Linux_0_0_0).StFormComponent"/>
  <testcase name="StFormComponent Should be able to improve the visualization of its sections according to the ui attribute should be able to display fields in the same row if these are related When a field is not related with its adjacent fields, a line break is displayed after it" time="0.997" classname="HeadlessChrome_79_0_3945_(Linux_0_0_0).StFormComponent"/>
  <testcase name="StFormComponent Should be able to improve the visualization of its sections according to the ui attribute should be able to display or hide a field according to the value of another one a field is displayed if all the conditions specified in the property visible are fulfilled" time="1.338" classname="HeadlessChrome_79_0_3945_(Linux_0_0_0).StFormComponent"/>
  <testcase name="StFormComponent Should be able to improve the visualization of its sections according to the ui attribute should be able to display or hide a field according to the value of another one when a field is not visible, it is removed from the model" time="0.997" classname="HeadlessChrome_79_0_3945_(Linux_0_0_0).StFormComponent"/>
  <testcase name="StFormComponent Should be able to improve the visualization of its sections according to the ui attribute should be able to display or hide a field according to the value of another one a field is displayed if it has the property visible empty or it does not have it" time="1.143" classname="HeadlessChrome_79_0_3945_(Linux_0_0_0).StFormComponent"/>
  <testcase name="StFormComponent Should be able to improve the visualization of its sections according to the ui attribute section can be hidden if it has defined as show-more component When user clicks on the button, it changes its text to hide again these fields" time="1.062" classname="HeadlessChrome_79_0_3945_(Linux_0_0_0).StFormComponent"/>
  <testcase name="StFormComponent Should be able to improve the visualization of its sections according to the ui attribute section can be hidden if it has defined as show-more component link button should display a label  with the section name if parent name is not introduced" time="1.184" classname="HeadlessChrome_79_0_3945_(Linux_0_0_0).StFormComponent"/>
  <testcase name="StFormComponent Should be able to improve the visualization of its sections according to the ui attribute section can be hidden if it has defined as show-more component link button should display a label  with the title of the parent section if it is introduced" time="1.41" classname="HeadlessChrome_79_0_3945_(Linux_0_0_0).StFormComponent"/>
  <testcase name="StFormComponent Should be able to improve the visualization of its sections according to the ui attribute section can be hidden if it has defined as show-more component link button should display a label  without any section name if parent section and section name are not introduced" time="1.181" classname="HeadlessChrome_79_0_3945_(Linux_0_0_0).StFormComponent"/>
  <testcase name="StFormComponent Should be able to improve the visualization of its sections according to the ui attribute section can be hidden if it has defined as show-more component fields will be hidden until user clicks on link button" time="0.675" classname="HeadlessChrome_79_0_3945_(Linux_0_0_0).StFormComponent"/>
  <testcase name="StFormComponent Should be able to improve the visualization of its sections according to the ui attribute section can be hidden if it has defined as show-more component link button is displayed and all its properties are hidden" time="0.489" classname="HeadlessChrome_79_0_3945_(Linux_0_0_0).StFormComponent"/>
  <testcase name="StFormComponent Should be able to improve the visualization of its sections according to the ui attribute section is displayed with a switch if it is defined as switch component when section is disabled, an info text should be displayed to inform user" time="1.085" classname="HeadlessChrome_79_0_3945_(Linux_0_0_0).StFormComponent"/>
  <testcase name="StFormComponent Should be able to improve the visualization of its sections according to the ui attribute section is displayed with a switch if it is defined as switch component if first field is a boolean, it is displayed as a switch" time="0.673" classname="HeadlessChrome_79_0_3945_(Linux_0_0_0).StFormComponent"/>
  <testcase name="StFormComponent Should be able to improve the visualization of its sections according to the ui attribute section is displayed with a switch if it is defined as switch component section fields are hidden while first field does not have value" time="0.821" classname="HeadlessChrome_79_0_3945_(Linux_0_0_0).StFormComponent"/>
  <testcase name="StFormComponent Should be able to improve the visualization of its sections according to the ui attribute section is displayed with a switch if it is defined as switch component when first field does not have any value, rest of fields have to be cleaned" time="0.81" classname="HeadlessChrome_79_0_3945_(Linux_0_0_0).StFormComponent"/>
  <testcase name="StFormComponent Should be able to improve the visualization of its sections according to the ui attribute section can be displayed as an accordion section fields are hidden by default until user clicks on the title" time="1.293" classname="HeadlessChrome_79_0_3945_(Linux_0_0_0).StFormComponent"/>
  <testcase name="StFormComponent should render a form according its json schema controls are displayed with their default value and label" time="1.184" classname="HeadlessChrome_79_0_3945_(Linux_0_0_0).StFormComponent"/>
  <testcase name="StFormComponent should render a form according its json schema a control is created for each property with its ids" time="1.159" classname="HeadlessChrome_79_0_3945_(Linux_0_0_0).StFormComponent"/>
  <testcase name="StFormComponent should render a form according its json schema tooltips are generated using their descriptions" time="0.543" classname="HeadlessChrome_79_0_3945_(Linux_0_0_0).StFormComponent"/>
  <system-out>
    <![CDATA[HeadlessChrome 79.0.3945 (Linux 0.0.0) WARN: '
    It looks like you're using ngModel on the same form field as formControlName. 
    Support for using the ngModel input property and ngModelChange event with 
    reactive form directives has been deprecated in Angular v6 and will be removed 
    in Angular v7.
    
    For more information on this, see our API docs here:
    https://angular.io/api/forms/FormControlName#use-with-ngmodel
    '
,HeadlessChrome 79.0.3945 (Linux 0.0.0) WARN: '
    It looks like you're using ngModel on the same form field as formControl. 
    Support for using the ngModel input property and ngModelChange event with 
    reactive form directives has been deprecated in Angular v6 and will be removed 
    in Angular v7.
    
    For more information on this, see our API docs here:
    https://angular.io/api/forms/FormControlDirective#use-with-ngmodel
    '

]]>
  </system-out>
  <system-err/>
</testsuite>