<?xml version="1.0" ?>
<!DOCTYPE coverage SYSTEM "http://cobertura.sourceforge.net/xml/coverage-04.dtd">
<coverage lines-valid="3920" lines-covered="3792" line-rate="0.9673" branches-valid="1742" branches-covered="1537" branch-rate="0.8823000000000001" timestamp="1593172291640" complexity="0" version="0.1">
  <sources>
    <source>/home/cpetinal/datos/ws/pit/cpetinal/egeo</source>
  </sources>
  <packages>
    <package name="src" line-rate="1" branch-rate="1">
      <classes>
        <class name="test.ts" filename="projects/egeo/src/test.ts" line-rate="1" branch-rate="1">
          <methods>
          </methods>
          <lines>
            <line number="20" hits="1" branch="false"/>
            <line number="25" hits="1" branch="false"/>
            <line number="27" hits="1" branch="false"/>
          </lines>
        </class>
      </classes>
    </package>
    <package name="src.lib" line-rate="0.8" branch-rate="1">
      <classes>
        <class name="barrels.ts" filename="projects/egeo/src/lib/barrels.ts" line-rate="1" branch-rate="1">
          <methods>
          </methods>
          <lines>
            <line number="62" hits="1" branch="false"/>
          </lines>
        </class>
        <class name="egeo.module.ts" filename="projects/egeo/src/lib/egeo.module.ts" line-rate="0.75" branch-rate="1">
          <methods>
            <method name="(anonymous_4)" hits="1" signature="()V">
              <lines>
                <line number="33" hits="1"/>
              </lines>
            </method>
            <method name="(anonymous_6)" hits="0" signature="()V">
              <lines>
                <line number="34" hits="0"/>
              </lines>
            </method>
          </methods>
          <lines>
            <line number="33" hits="1" branch="false"/>
            <line number="34" hits="1" branch="false"/>
            <line number="35" hits="0" branch="false"/>
            <line number="47" hits="1" branch="false"/>
          </lines>
        </class>
        <class name="index.ts" filename="projects/egeo/src/lib/index.ts" line-rate="1" branch-rate="1">
          <methods>
          </methods>
          <lines>
          </lines>
        </class>
      </classes>
    </package>
    <package name="src.lib.decorators" line-rate="0.7234" branch-rate="0.5294">
      <classes>
        <class name="require-decorators.ts" filename="projects/egeo/src/lib/decorators/require-decorators.ts" line-rate="0.7234" branch-rate="0.5294">
          <methods>
            <method name="StRequired" hits="21" signature="()V">
              <lines>
                <line number="28" hits="21"/>
              </lines>
            </method>
            <method name="(anonymous_2)" hits="21" signature="()V">
              <lines>
                <line number="29" hits="21"/>
              </lines>
            </method>
            <method name="StDeprecated" hits="0" signature="()V">
              <lines>
                <line number="41" hits="0"/>
              </lines>
            </method>
            <method name="(anonymous_4)" hits="0" signature="()V">
              <lines>
                <line number="42" hits="0"/>
              </lines>
            </method>
            <method name="StEgeo" hits="10" signature="()V">
              <lines>
                <line number="54" hits="10"/>
              </lines>
            </method>
            <method name="(anonymous_6)" hits="10" signature="()V">
              <lines>
                <line number="55" hits="10"/>
              </lines>
            </method>
            <method name="(anonymous_7)" hits="1034" signature="()V">
              <lines>
                <line number="58" hits="1034"/>
              </lines>
            </method>
            <method name="(anonymous_8)" hits="62" signature="()V">
              <lines>
                <line number="64" hits="62"/>
              </lines>
            </method>
            <method name="checkDeprecated" hits="1096" signature="()V">
              <lines>
                <line number="72" hits="1096"/>
              </lines>
            </method>
            <method name="(anonymous_10)" hits="1111" signature="()V">
              <lines>
                <line number="75" hits="1111"/>
              </lines>
            </method>
            <method name="checkRequired" hits="1096" signature="()V">
              <lines>
                <line number="87" hits="1096"/>
              </lines>
            </method>
            <method name="getKeys" hits="1067" signature="()V">
              <lines>
                <line number="95" hits="1067"/>
              </lines>
            </method>
            <method name="(anonymous_13)" hits="1111" signature="()V">
              <lines>
                <line number="96" hits="1111"/>
              </lines>
            </method>
            <method name="checkConditionMetadata" hits="2" signature="()V">
              <lines>
                <line number="108" hits="2"/>
              </lines>
            </method>
          </methods>
          <lines>
            <line number="15" hits="1" branch="false"/>
            <line number="29" hits="21" branch="false"/>
            <line number="30" hits="21" branch="true" condition-coverage="100% (2/2)"/>
            <line number="31" hits="21" branch="true" condition-coverage="66.66666666666666% (2/3)"/>
            <line number="32" hits="21" branch="false"/>
            <line number="33" hits="21" branch="true" condition-coverage="100% (2/2)"/>
            <line number="34" hits="1" branch="false"/>
            <line number="37" hits="21" branch="false"/>
            <line number="42" hits="0" branch="false"/>
            <line number="43" hits="0" branch="true" condition-coverage="0% (0/2)"/>
            <line number="44" hits="0" branch="true" condition-coverage="0% (0/3)"/>
            <line number="45" hits="0" branch="false"/>
            <line number="46" hits="0" branch="true" condition-coverage="0% (0/2)"/>
            <line number="47" hits="0" branch="false"/>
            <line number="50" hits="0" branch="false"/>
            <line number="55" hits="10" branch="false"/>
            <line number="56" hits="10" branch="false"/>
            <line number="57" hits="10" branch="true" condition-coverage="100% (2/2)"/>
            <line number="58" hits="2068" branch="false"/>
            <line number="59" hits="1034" branch="false"/>
            <line number="60" hits="1034" branch="false"/>
            <line number="61" hits="1032" branch="false"/>
            <line number="64" hits="4" branch="false"/>
            <line number="65" hits="62" branch="false"/>
            <line number="66" hits="62" branch="false"/>
            <line number="73" hits="1096" branch="false"/>
            <line number="74" hits="1096" branch="true" condition-coverage="100% (2/2)"/>
            <line number="75" hits="1067" branch="false"/>
            <line number="76" hits="1111" branch="true" condition-coverage="50% (1/2)"/>
            <line number="77" hits="0" branch="true" condition-coverage="0% (0/2)"/>
            <line number="78" hits="0" branch="false"/>
            <line number="79" hits="0" branch="true" condition-coverage="0% (0/2)"/>
            <line number="80" hits="0" branch="false"/>
            <line number="88" hits="1096" branch="false"/>
            <line number="89" hits="1096" branch="true" condition-coverage="100% (2/2)"/>
            <line number="90" hits="1067" branch="false"/>
            <line number="91" hits="1067" branch="false"/>
            <line number="96" hits="1067" branch="false"/>
            <line number="97" hits="1111" branch="true" condition-coverage="100% (2/2)"/>
            <line number="98" hits="2" branch="true" condition-coverage="50% (1/2)"/>
            <line number="99" hits="0" branch="false"/>
            <line number="101" hits="1109" branch="true" condition-coverage="50% (1/2)"/>
            <line number="102" hits="1109" branch="false"/>
            <line number="104" hits="1111" branch="false"/>
            <line number="109" hits="2" branch="true" condition-coverage="50% (1/2)"/>
            <line number="110" hits="0" branch="false"/>
            <line number="112" hits="2" branch="false"/>
          </lines>
        </class>
      </classes>
    </package>
    <package name="src.lib.directives.form" line-rate="1" branch-rate="1">
      <classes>
        <class name="form-directives.module.ts" filename="projects/egeo/src/lib/directives/form/form-directives.module.ts" line-rate="1" branch-rate="1">
          <methods>
            <method name="(anonymous_2)" hits="157" signature="()V">
              <lines>
                <line number="28" hits="157"/>
              </lines>
            </method>
          </methods>
          <lines>
            <line number="17" hits="1" branch="false"/>
            <line number="28" hits="1" branch="false"/>
            <line number="29" hits="1" branch="false"/>
          </lines>
        </class>
      </classes>
    </package>
    <package name="src.lib.directives.form.st-max-validator" line-rate="1" branch-rate="0.8332999999999999">
      <classes>
        <class name="st-max-validator.ts" filename="projects/egeo/src/lib/directives/form/st-max-validator/st-max-validator.ts" line-rate="1" branch-rate="0.8332999999999999">
          <methods>
            <method name="(anonymous_3)" hits="844" signature="()V">
              <lines>
                <line number="21" hits="844"/>
              </lines>
            </method>
            <method name="(anonymous_5)" hits="847" signature="()V">
              <lines>
                <line number="27" hits="847"/>
              </lines>
            </method>
            <method name="(anonymous_6)" hits="5042" signature="()V">
              <lines>
                <line number="34" hits="5042"/>
              </lines>
            </method>
            <method name="(anonymous_7)" hits="838" signature="()V">
              <lines>
                <line number="38" hits="838"/>
              </lines>
            </method>
            <method name="(anonymous_8)" hits="847" signature="()V">
              <lines>
                <line number="42" hits="847"/>
              </lines>
            </method>
            <method name="(anonymous_9)" hits="156" signature="()V">
              <lines>
                <line number="17" hits="156"/>
              </lines>
            </method>
          </methods>
          <lines>
            <line number="17" hits="156" branch="false"/>
            <line number="21" hits="1" branch="false"/>
            <line number="22" hits="1" branch="false"/>
            <line number="27" hits="1" branch="false"/>
            <line number="28" hits="847" branch="true" condition-coverage="50% (1/2)"/>
            <line number="29" hits="847" branch="false"/>
            <line number="30" hits="847" branch="true" condition-coverage="100% (2/2)"/>
            <line number="34" hits="1" branch="false"/>
            <line number="35" hits="5042" branch="true" condition-coverage="100% (2/2)"/>
            <line number="38" hits="1" branch="false"/>
            <line number="39" hits="838" branch="false"/>
            <line number="42" hits="1" branch="false"/>
            <line number="43" hits="847" branch="false"/>
            <line number="45" hits="1" branch="false"/>
          </lines>
        </class>
      </classes>
    </package>
    <package name="src.lib.directives.form.st-min-validator" line-rate="1" branch-rate="0.8332999999999999">
      <classes>
        <class name="st-min-validator.ts" filename="projects/egeo/src/lib/directives/form/st-min-validator/st-min-validator.ts" line-rate="1" branch-rate="0.8332999999999999">
          <methods>
            <method name="(anonymous_3)" hits="844" signature="()V">
              <lines>
                <line number="20" hits="844"/>
              </lines>
            </method>
            <method name="(anonymous_5)" hits="847" signature="()V">
              <lines>
                <line number="27" hits="847"/>
              </lines>
            </method>
            <method name="(anonymous_6)" hits="5042" signature="()V">
              <lines>
                <line number="34" hits="5042"/>
              </lines>
            </method>
            <method name="(anonymous_7)" hits="838" signature="()V">
              <lines>
                <line number="38" hits="838"/>
              </lines>
            </method>
            <method name="(anonymous_8)" hits="847" signature="()V">
              <lines>
                <line number="42" hits="847"/>
              </lines>
            </method>
            <method name="(anonymous_9)" hits="156" signature="()V">
              <lines>
                <line number="17" hits="156"/>
              </lines>
            </method>
          </methods>
          <lines>
            <line number="17" hits="156" branch="false"/>
            <line number="20" hits="1" branch="false"/>
            <line number="21" hits="1" branch="false"/>
            <line number="27" hits="1" branch="false"/>
            <line number="28" hits="847" branch="true" condition-coverage="50% (1/2)"/>
            <line number="29" hits="847" branch="false"/>
            <line number="30" hits="847" branch="true" condition-coverage="100% (2/2)"/>
            <line number="34" hits="1" branch="false"/>
            <line number="35" hits="5042" branch="true" condition-coverage="100% (2/2)"/>
            <line number="38" hits="1" branch="false"/>
            <line number="39" hits="838" branch="false"/>
            <line number="42" hits="1" branch="false"/>
            <line number="43" hits="847" branch="false"/>
            <line number="45" hits="1" branch="false"/>
          </lines>
        </class>
      </classes>
    </package>
    <package name="src.lib.directives.st-click-outside" line-rate="1" branch-rate="1">
      <classes>
        <class name="st-click-outside.directive.ts" filename="projects/egeo/src/lib/directives/st-click-outside/st-click-outside.directive.ts" line-rate="1" branch-rate="1">
          <methods>
            <method name="(anonymous_3)" hits="1" signature="()V">
              <lines>
                <line number="14" hits="1"/>
              </lines>
            </method>
            <method name="StClickOutside" hits="1038" signature="()V">
              <lines>
                <line number="17" hits="1038"/>
              </lines>
            </method>
            <method name="(anonymous_5)" hits="104" signature="()V">
              <lines>
                <line number="20" hits="104"/>
              </lines>
            </method>
          </methods>
          <lines>
            <line number="14" hits="1" branch="false"/>
            <line number="15" hits="1038" branch="false"/>
            <line number="17" hits="1038" branch="false"/>
            <line number="20" hits="1" branch="false"/>
            <line number="21" hits="104" branch="false"/>
            <line number="22" hits="104" branch="true" condition-coverage="100% (4/4)"/>
            <line number="23" hits="63" branch="false"/>
            <line number="26" hits="1" branch="false"/>
          </lines>
        </class>
        <class name="st-click-outside.module.ts" filename="projects/egeo/src/lib/directives/st-click-outside/st-click-outside.module.ts" line-rate="1" branch-rate="1">
          <methods>
            <method name="(anonymous_2)" hits="332" signature="()V">
              <lines>
                <line number="20" hits="332"/>
              </lines>
            </method>
          </methods>
          <lines>
            <line number="20" hits="1" branch="false"/>
          </lines>
        </class>
      </classes>
    </package>
    <package name="src.lib.directives.st-input-adjustable" line-rate="1" branch-rate="0.8332999999999999">
      <classes>
        <class name="st-input-adjustable.ts" filename="projects/egeo/src/lib/directives/st-input-adjustable/st-input-adjustable.ts" line-rate="1" branch-rate="0.8332999999999999">
          <methods>
            <method name="(anonymous_3)" hits="1" signature="()V">
              <lines>
                <line number="22" hits="1"/>
              </lines>
            </method>
            <method name="StInputAdjustable" hits="3" signature="()V">
              <lines>
                <line number="28" hits="3"/>
              </lines>
            </method>
            <method name="(anonymous_5)" hits="4" signature="()V">
              <lines>
                <line number="32" hits="4"/>
              </lines>
            </method>
            <method name="(anonymous_6)" hits="5" signature="()V">
              <lines>
                <line number="34" hits="5"/>
              </lines>
            </method>
            <method name="(anonymous_7)" hits="5" signature="()V">
              <lines>
                <line number="37" hits="5"/>
              </lines>
            </method>
            <method name="(anonymous_8)" hits="4" signature="()V">
              <lines>
                <line number="43" hits="4"/>
              </lines>
            </method>
          </methods>
          <lines>
            <line number="22" hits="1" branch="false"/>
            <line number="23" hits="1" branch="false"/>
            <line number="28" hits="3" branch="false"/>
            <line number="29" hits="3" branch="false"/>
            <line number="32" hits="4" branch="false"/>
            <line number="33" hits="4" branch="false"/>
            <line number="34" hits="4" branch="false"/>
            <line number="35" hits="5" branch="true" condition-coverage="100% (2/2)"/>
            <line number="36" hits="5" branch="false"/>
            <line number="37" hits="5" branch="false"/>
            <line number="38" hits="5" branch="false"/>
            <line number="43" hits="1" branch="false"/>
            <line number="44" hits="4" branch="true" condition-coverage="50% (1/2)"/>
            <line number="45" hits="4" branch="false"/>
            <line number="46" hits="4" branch="false"/>
            <line number="48" hits="4" branch="false"/>
            <line number="49" hits="4" branch="true" condition-coverage="100% (2/2)"/>
            <line number="50" hits="3" branch="false"/>
            <line number="51" hits="3" branch="false"/>
            <line number="54" hits="4" branch="false"/>
            <line number="55" hits="4" branch="false"/>
            <line number="56" hits="4" branch="false"/>
            <line number="57" hits="4" branch="false"/>
            <line number="58" hits="4" branch="false"/>
            <line number="59" hits="4" branch="false"/>
            <line number="60" hits="4" branch="false"/>
            <line number="63" hits="1" branch="false"/>
          </lines>
        </class>
      </classes>
    </package>
    <package name="src.lib.pipes" line-rate="1" branch-rate="1">
      <classes>
        <class name="pipes.module.ts" filename="projects/egeo/src/lib/pipes/pipes.module.ts" line-rate="1" branch-rate="1">
          <methods>
            <method name="(anonymous_2)" hits="127" signature="()V">
              <lines>
                <line number="22" hits="127"/>
              </lines>
            </method>
          </methods>
          <lines>
            <line number="22" hits="1" branch="false"/>
          </lines>
        </class>
      </classes>
    </package>
    <package name="src.lib.pipes.search-filter" line-rate="0.95" branch-rate="0.9473999999999999">
      <classes>
        <class name="search-filter.pipe.ts" filename="projects/egeo/src/lib/pipes/search-filter/search-filter.pipe.ts" line-rate="0.95" branch-rate="0.9473999999999999">
          <methods>
            <method name="(anonymous_2)" hits="16" signature="()V">
              <lines>
                <line number="16" hits="16"/>
              </lines>
            </method>
            <method name="(anonymous_4)" hits="26" signature="()V">
              <lines>
                <line number="17" hits="26"/>
              </lines>
            </method>
            <method name="(anonymous_5)" hits="29" signature="()V">
              <lines>
                <line number="23" hits="29"/>
              </lines>
            </method>
            <method name="(anonymous_6)" hits="29" signature="()V">
              <lines>
                <line number="29" hits="29"/>
              </lines>
            </method>
            <method name="(anonymous_7)" hits="142" signature="()V">
              <lines>
                <line number="36" hits="142"/>
              </lines>
            </method>
            <method name="(anonymous_8)" hits="113" signature="()V">
              <lines>
                <line number="40" hits="113"/>
              </lines>
            </method>
            <method name="(anonymous_9)" hits="26" signature="()V">
              <lines>
                <line number="44" hits="26"/>
              </lines>
            </method>
          </methods>
          <lines>
            <line number="16" hits="1" branch="false"/>
            <line number="17" hits="26" branch="false"/>
            <line number="18" hits="26" branch="false"/>
            <line number="19" hits="24" branch="true" condition-coverage="100% (2/2)"/>
            <line number="20" hits="11" branch="false"/>
            <line number="22" hits="13" branch="true" condition-coverage="100% (5/5)"/>
            <line number="23" hits="29" branch="false"/>
            <line number="25" hits="4" branch="false"/>
            <line number="29" hits="1" branch="false"/>
            <line number="30" hits="29" branch="true" condition-coverage="83.33333333333334% (5/6)"/>
            <line number="31" hits="29" branch="false"/>
            <line number="33" hits="0" branch="false"/>
            <line number="36" hits="1" branch="false"/>
            <line number="37" hits="142" branch="true" condition-coverage="100% (2/2)"/>
            <line number="40" hits="1" branch="false"/>
            <line number="41" hits="113" branch="true" condition-coverage="100% (2/2)"/>
            <line number="44" hits="1" branch="false"/>
            <line number="45" hits="26" branch="true" condition-coverage="100% (2/2)"/>
            <line number="46" hits="2" branch="false"/>
            <line number="49" hits="1" branch="false"/>
          </lines>
        </class>
      </classes>
    </package>
    <package name="src.lib.pipes.st-object-to-array" line-rate="1" branch-rate="1">
      <classes>
        <class name="st-object-to-array.pipe.ts" filename="projects/egeo/src/lib/pipes/st-object-to-array/st-object-to-array.pipe.ts" line-rate="1" branch-rate="1">
          <methods>
            <method name="(anonymous_2)" hits="134" signature="()V">
              <lines>
                <line number="14" hits="134"/>
              </lines>
            </method>
            <method name="(anonymous_4)" hits="164" signature="()V">
              <lines>
                <line number="15" hits="164"/>
              </lines>
            </method>
            <method name="(anonymous_5)" hits="968" signature="()V">
              <lines>
                <line number="16" hits="968"/>
              </lines>
            </method>
          </methods>
          <lines>
            <line number="14" hits="1" branch="false"/>
            <line number="15" hits="1" branch="false"/>
            <line number="16" hits="968" branch="true" condition-coverage="100% (2/2)"/>
            <line number="18" hits="1" branch="false"/>
          </lines>
        </class>
      </classes>
    </package>
    <package name="src.lib.st-alerts" line-rate="1" branch-rate="1">
      <classes>
        <class name="st-alerts.component.ts" filename="projects/egeo/src/lib/st-alerts/st-alerts.component.ts" line-rate="1" branch-rate="1">
          <methods>
            <method name="(anonymous_3)" hits="1" signature="()V">
              <lines>
                <line number="40" hits="1"/>
              </lines>
            </method>
            <method name="StAlertsComponent" hits="1" signature="()V">
              <lines>
                <line number="46" hits="1"/>
              </lines>
            </method>
          </methods>
          <lines>
            <line number="40" hits="1" branch="false"/>
            <line number="42" hits="1" branch="false"/>
            <line number="44" hits="1" branch="false"/>
            <line number="47" hits="1" branch="false"/>
            <line number="49" hits="1" branch="false"/>
          </lines>
        </class>
        <class name="st-alerts.model.ts" filename="projects/egeo/src/lib/st-alerts/st-alerts.model.ts" line-rate="1" branch-rate="1">
          <methods>
            <method name="(anonymous_1)" hits="1" signature="()V">
              <lines>
                <line number="14" hits="1"/>
              </lines>
            </method>
            <method name="(anonymous_2)" hits="1" signature="()V">
              <lines>
                <line number="16" hits="1"/>
              </lines>
            </method>
            <method name="(anonymous_4)" hits="1" signature="()V">
              <lines>
                <line number="21" hits="1"/>
              </lines>
            </method>
            <method name="StAlert" hits="21" signature="()V">
              <lines>
                <line number="29" hits="21"/>
              </lines>
            </method>
            <method name="(anonymous_6)" hits="25" signature="()V">
              <lines>
                <line number="39" hits="25"/>
              </lines>
            </method>
            <method name="(anonymous_7)" hits="5" signature="()V">
              <lines>
                <line number="43" hits="5"/>
              </lines>
            </method>
            <method name="(anonymous_8)" hits="16" signature="()V">
              <lines>
                <line number="47" hits="16"/>
              </lines>
            </method>
            <method name="(anonymous_9)" hits="1" signature="()V">
              <lines>
                <line number="51" hits="1"/>
              </lines>
            </method>
            <method name="(anonymous_10)" hits="1" signature="()V">
              <lines>
                <line number="59" hits="1"/>
              </lines>
            </method>
            <method name="(anonymous_11)" hits="4" signature="()V">
              <lines>
                <line number="63" hits="4"/>
              </lines>
            </method>
            <method name="(anonymous_12)" hits="31" signature="()V">
              <lines>
                <line number="68" hits="31"/>
              </lines>
            </method>
            <method name="(anonymous_13)" hits="309" signature="()V">
              <lines>
                <line number="70" hits="309"/>
              </lines>
            </method>
            <method name="(anonymous_14)" hits="309" signature="()V">
              <lines>
                <line number="73" hits="309"/>
              </lines>
            </method>
            <method name="(anonymous_15)" hits="10" signature="()V">
              <lines>
                <line number="86" hits="10"/>
              </lines>
            </method>
            <method name="(anonymous_16)" hits="53" signature="()V">
              <lines>
                <line number="92" hits="53"/>
              </lines>
            </method>
            <method name="(anonymous_17)" hits="1" signature="()V">
              <lines>
                <line number="96" hits="1"/>
              </lines>
            </method>
            <method name="(anonymous_18)" hits="12" signature="()V">
              <lines>
                <line number="100" hits="12"/>
              </lines>
            </method>
            <method name="(anonymous_19)" hits="11" signature="()V">
              <lines>
                <line number="102" hits="11"/>
              </lines>
            </method>
          </methods>
          <lines>
            <line number="14" hits="1" branch="true" condition-coverage="100% (2/2)"/>
            <line number="16" hits="1" branch="false"/>
            <line number="19" hits="1" branch="false"/>
            <line number="21" hits="1" branch="false"/>
            <line number="24" hits="21" branch="false"/>
            <line number="25" hits="21" branch="false"/>
            <line number="26" hits="21" branch="false"/>
            <line number="27" hits="21" branch="false"/>
            <line number="30" hits="21" branch="false"/>
            <line number="31" hits="21" branch="false"/>
            <line number="32" hits="21" branch="false"/>
            <line number="33" hits="21" branch="false"/>
            <line number="34" hits="21" branch="false"/>
            <line number="35" hits="21" branch="false"/>
            <line number="36" hits="21" branch="false"/>
            <line number="39" hits="1" branch="false"/>
            <line number="40" hits="25" branch="false"/>
            <line number="43" hits="1" branch="false"/>
            <line number="44" hits="5" branch="false"/>
            <line number="47" hits="1" branch="false"/>
            <line number="48" hits="16" branch="false"/>
            <line number="51" hits="1" branch="false"/>
            <line number="52" hits="1" branch="false"/>
            <line number="53" hits="1" branch="false"/>
            <line number="54" hits="1" branch="false"/>
            <line number="55" hits="1" branch="false"/>
            <line number="56" hits="1" branch="false"/>
            <line number="59" hits="1" branch="false"/>
            <line number="60" hits="1" branch="false"/>
            <line number="63" hits="1" branch="false"/>
            <line number="64" hits="4" branch="false"/>
            <line number="68" hits="31" branch="false"/>
            <line number="69" hits="31" branch="false"/>
            <line number="70" hits="309" branch="false"/>
            <line number="73" hits="1" branch="false"/>
            <line number="74" hits="309" branch="true" condition-coverage="100% (2/2)"/>
            <line number="75" hits="309" branch="true" condition-coverage="100% (4/4)"/>
            <line number="76" hits="21" branch="false"/>
            <line number="77" hits="21" branch="true" condition-coverage="100% (2/2)"/>
            <line number="78" hits="11" branch="false"/>
            <line number="80" hits="10" branch="false"/>
            <line number="83" hits="309" branch="false"/>
            <line number="86" hits="1" branch="false"/>
            <line number="87" hits="10" branch="false"/>
            <line number="88" hits="10" branch="false"/>
            <line number="89" hits="10" branch="false"/>
            <line number="92" hits="1" branch="false"/>
            <line number="93" hits="53" branch="false"/>
            <line number="96" hits="1" branch="false"/>
            <line number="97" hits="1" branch="false"/>
            <line number="100" hits="12" branch="false"/>
            <line number="101" hits="12" branch="true" condition-coverage="100% (2/2)"/>
            <line number="102" hits="12" branch="false"/>
            <line number="104" hits="1" branch="false"/>
          </lines>
        </class>
        <class name="st-alerts.module.ts" filename="projects/egeo/src/lib/st-alerts/st-alerts.module.ts" line-rate="1" branch-rate="1">
          <methods>
            <method name="(anonymous_2)" hits="1" signature="()V">
              <lines>
                <line number="22" hits="1"/>
              </lines>
            </method>
          </methods>
          <lines>
            <line number="22" hits="1" branch="false"/>
          </lines>
        </class>
        <class name="st-alerts.service.ts" filename="projects/egeo/src/lib/st-alerts/st-alerts.service.ts" line-rate="1" branch-rate="1">
          <methods>
            <method name="(anonymous_2)" hits="1" signature="()V">
              <lines>
                <line number="17" hits="1"/>
              </lines>
            </method>
            <method name="StAlertsService" hits="3" signature="()V">
              <lines>
                <line number="16" hits="3"/>
              </lines>
            </method>
            <method name="(anonymous_4)" hits="6" signature="()V">
              <lines>
                <line number="23" hits="6"/>
              </lines>
            </method>
            <method name="(anonymous_5)" hits="4" signature="()V">
              <lines>
                <line number="27" hits="4"/>
              </lines>
            </method>
            <method name="(anonymous_6)" hits="1" signature="()V">
              <lines>
                <line number="31" hits="1"/>
              </lines>
            </method>
            <method name="(anonymous_7)" hits="4" signature="()V">
              <lines>
                <line number="36" hits="4"/>
              </lines>
            </method>
            <method name="(anonymous_8)" hits="1" signature="()V">
              <lines>
                <line number="41" hits="1"/>
              </lines>
            </method>
            <method name="(anonymous_9)" hits="1" signature="()V">
              <lines>
                <line number="42" hits="1"/>
              </lines>
            </method>
          </methods>
          <lines>
            <line number="17" hits="1" branch="false"/>
            <line number="18" hits="3" branch="false"/>
            <line number="19" hits="3" branch="false"/>
            <line number="21" hits="3" branch="false"/>
            <line number="23" hits="1" branch="false"/>
            <line number="24" hits="6" branch="false"/>
            <line number="27" hits="4" branch="false"/>
            <line number="28" hits="4" branch="true" condition-coverage="100% (2/2)"/>
            <line number="29" hits="4" branch="true" condition-coverage="100% (2/2)"/>
            <line number="30" hits="4" branch="false"/>
            <line number="31" hits="4" branch="false"/>
            <line number="32" hits="4" branch="false"/>
            <line number="33" hits="4" branch="false"/>
            <line number="36" hits="1" branch="false"/>
            <line number="37" hits="4" branch="false"/>
            <line number="38" hits="4" branch="false"/>
            <line number="41" hits="1" branch="false"/>
            <line number="42" hits="1" branch="false"/>
            <line number="43" hits="1" branch="false"/>
            <line number="44" hits="1" branch="false"/>
            <line number="46" hits="1" branch="false"/>
          </lines>
        </class>
      </classes>
    </package>
    <package name="src.lib.st-alerts.alert-box" line-rate="1" branch-rate="1">
      <classes>
        <class name="st-alert-box.component.ts" filename="projects/egeo/src/lib/st-alerts/alert-box/st-alert-box.component.ts" line-rate="1" branch-rate="1">
          <methods>
            <method name="(anonymous_3)" hits="1" signature="()V">
              <lines>
                <line number="40" hits="1"/>
              </lines>
            </method>
            <method name="StAlertBoxComponent" hits="12" signature="()V">
              <lines>
                <line number="54" hits="12"/>
              </lines>
            </method>
            <method name="(anonymous_5)" hits="12" signature="()V">
              <lines>
                <line number="57" hits="12"/>
              </lines>
            </method>
            <method name="(anonymous_6)" hits="216" signature="()V">
              <lines>
                <line number="58" hits="216"/>
              </lines>
            </method>
            <method name="(anonymous_7)" hits="2" signature="()V">
              <lines>
                <line number="67" hits="2"/>
              </lines>
            </method>
            <method name="(anonymous_8)" hits="17" signature="()V">
              <lines>
                <line number="72" hits="17"/>
              </lines>
            </method>
            <method name="(anonymous_9)" hits="17" signature="()V">
              <lines>
                <line number="82" hits="17"/>
              </lines>
            </method>
            <method name="(anonymous_10)" hits="1" signature="()V">
              <lines>
                <line number="92" hits="1"/>
              </lines>
            </method>
            <method name="(anonymous_11)" hits="216" signature="()V">
              <lines>
                <line number="96" hits="216"/>
              </lines>
            </method>
            <method name="(anonymous_12)" hits="5" signature="()V">
              <lines>
                <line number="101" hits="5"/>
              </lines>
            </method>
          </methods>
          <lines>
            <line number="40" hits="1" branch="false"/>
            <line number="42" hits="1" branch="false"/>
            <line number="44" hits="12" branch="false"/>
            <line number="46" hits="12" branch="false"/>
            <line number="48" hits="12" branch="false"/>
            <line number="51" hits="12" branch="false"/>
            <line number="54" hits="12" branch="false"/>
            <line number="57" hits="12" branch="false"/>
            <line number="58" hits="216" branch="false"/>
            <line number="59" hits="12" branch="false"/>
            <line number="60" hits="12" branch="true" condition-coverage="100% (2/2)"/>
            <line number="61" hits="5" branch="false"/>
            <line number="63" hits="12" branch="false"/>
            <line number="64" hits="12" branch="false"/>
            <line number="67" hits="1" branch="false"/>
            <line number="68" hits="2" branch="false"/>
            <line number="69" hits="2" branch="false"/>
            <line number="72" hits="1" branch="false"/>
            <line number="73" hits="17" branch="false"/>
            <line number="74" hits="10" branch="true" condition-coverage="100% (5/5)"/>
            <line number="75" hits="2" branch="false"/>
            <line number="76" hits="2" branch="false"/>
            <line number="77" hits="1" branch="false"/>
            <line number="78" hits="2" branch="false"/>
            <line number="82" hits="1" branch="false"/>
            <line number="83" hits="17" branch="false"/>
            <line number="84" hits="10" branch="true" condition-coverage="100% (5/5)"/>
            <line number="85" hits="2" branch="false"/>
            <line number="86" hits="2" branch="false"/>
            <line number="87" hits="1" branch="false"/>
            <line number="88" hits="2" branch="false"/>
            <line number="92" hits="1" branch="false"/>
            <line number="93" hits="1" branch="false"/>
            <line number="96" hits="1" branch="false"/>
            <line number="97" hits="216" branch="false"/>
            <line number="98" hits="216" branch="false"/>
            <line number="101" hits="1" branch="false"/>
            <line number="102" hits="5" branch="false"/>
            <line number="103" hits="2" branch="true" condition-coverage="100% (4/4)"/>
            <line number="104" hits="1" branch="false"/>
            <line number="105" hits="1" branch="false"/>
            <line number="106" hits="1" branch="false"/>
            <line number="109" hits="1" branch="false"/>
          </lines>
        </class>
        <class name="st-alert-box.module.ts" filename="projects/egeo/src/lib/st-alerts/alert-box/st-alert-box.module.ts" line-rate="1" branch-rate="1">
          <methods>
            <method name="(anonymous_2)" hits="1" signature="()V">
              <lines>
                <line number="20" hits="1"/>
              </lines>
            </method>
          </methods>
          <lines>
            <line number="20" hits="1" branch="false"/>
          </lines>
        </class>
      </classes>
    </package>
    <package name="src.lib.st-breadcrumbs" line-rate="1" branch-rate="1">
      <classes>
        <class name="st-breadcrumbs.component.ts" filename="projects/egeo/src/lib/st-breadcrumbs/st-breadcrumbs.component.ts" line-rate="1" branch-rate="1">
          <methods>
            <method name="(anonymous_3)" hits="1" signature="()V">
              <lines>
                <line number="53" hits="1"/>
              </lines>
            </method>
            <method name="StBreadCrumbsComponent" hits="16" signature="()V">
              <lines>
                <line number="47" hits="16"/>
              </lines>
            </method>
            <method name="(anonymous_5)" hits="16" signature="()V">
              <lines>
                <line number="69" hits="16"/>
              </lines>
            </method>
            <method name="(anonymous_6)" hits="3" signature="()V">
              <lines>
                <line number="73" hits="3"/>
              </lines>
            </method>
            <method name="(anonymous_7)" hits="3" signature="()V">
              <lines>
                <line number="81" hits="3"/>
              </lines>
            </method>
            <method name="(anonymous_8)" hits="3" signature="()V">
              <lines>
                <line number="88" hits="3"/>
              </lines>
            </method>
            <method name="(anonymous_9)" hits="210" signature="()V">
              <lines>
                <line number="92" hits="210"/>
              </lines>
            </method>
            <method name="(anonymous_10)" hits="73" signature="()V">
              <lines>
                <line number="96" hits="73"/>
              </lines>
            </method>
            <method name="(anonymous_11)" hits="209" signature="()V">
              <lines>
                <line number="100" hits="209"/>
              </lines>
            </method>
            <method name="(anonymous_12)" hits="18" signature="()V">
              <lines>
                <line number="104" hits="18"/>
              </lines>
            </method>
          </methods>
          <lines>
            <line number="53" hits="1" branch="false"/>
            <line number="55" hits="16" branch="false"/>
            <line number="57" hits="16" branch="false"/>
            <line number="59" hits="16" branch="false"/>
            <line number="61" hits="1" branch="false"/>
            <line number="64" hits="16" branch="false"/>
            <line number="66" hits="16" branch="false"/>
            <line number="67" hits="16" branch="false"/>
            <line number="69" hits="1" branch="false"/>
            <line number="70" hits="16" branch="false"/>
            <line number="73" hits="1" branch="false"/>
            <line number="74" hits="3" branch="true" condition-coverage="100% (4/4)"/>
            <line number="75" hits="2" branch="true" condition-coverage="100% (2/2)"/>
            <line number="76" hits="2" branch="true" condition-coverage="100% (2/2)"/>
            <line number="77" hits="2" branch="false"/>
            <line number="81" hits="1" branch="false"/>
            <line number="82" hits="3" branch="true" condition-coverage="100% (2/2)"/>
            <line number="83" hits="3" branch="true" condition-coverage="100% (2/2)"/>
            <line number="84" hits="2" branch="false"/>
            <line number="88" hits="1" branch="false"/>
            <line number="89" hits="3" branch="false"/>
            <line number="92" hits="1" branch="false"/>
            <line number="93" hits="210" branch="true" condition-coverage="100% (2/2)"/>
            <line number="96" hits="1" branch="false"/>
            <line number="97" hits="73" branch="true" condition-coverage="100% (2/2)"/>
            <line number="100" hits="1" branch="false"/>
            <line number="101" hits="209" branch="true" condition-coverage="100% (2/2)"/>
            <line number="104" hits="1" branch="false"/>
            <line number="105" hits="18" branch="true" condition-coverage="100% (2/2)"/>
            <line number="106" hits="16" branch="false"/>
            <line number="107" hits="16" branch="false"/>
            <line number="108" hits="16" branch="false"/>
            <line number="109" hits="16" branch="false"/>
            <line number="111" hits="2" branch="false"/>
            <line number="112" hits="2" branch="false"/>
            <line number="115" hits="1" branch="false"/>
          </lines>
        </class>
        <class name="st-breadcrumbs.interface.ts" filename="projects/egeo/src/lib/st-breadcrumbs/st-breadcrumbs.interface.ts" line-rate="1" branch-rate="1">
          <methods>
            <method name="(anonymous_1)" hits="1" signature="()V">
              <lines>
                <line number="12" hits="1"/>
              </lines>
            </method>
            <method name="(anonymous_3)" hits="1" signature="()V">
              <lines>
                <line number="18" hits="1"/>
              </lines>
            </method>
          </methods>
          <lines>
            <line number="12" hits="1" branch="false"/>
            <line number="16" hits="1" branch="false"/>
            <line number="18" hits="1" branch="true" condition-coverage="100% (2/2)"/>
          </lines>
        </class>
        <class name="st-breadcrumbs.module.ts" filename="projects/egeo/src/lib/st-breadcrumbs/st-breadcrumbs.module.ts" line-rate="1" branch-rate="1">
          <methods>
            <method name="(anonymous_2)" hits="1" signature="()V">
              <lines>
                <line number="22" hits="1"/>
              </lines>
            </method>
          </methods>
          <lines>
            <line number="22" hits="1" branch="false"/>
          </lines>
        </class>
      </classes>
    </package>
    <package name="src.lib.st-breadcrumbs.st-breadcrumbs-item" line-rate="1" branch-rate="1">
      <classes>
        <class name="st-breadcrumbs-item.component.ts" filename="projects/egeo/src/lib/st-breadcrumbs/st-breadcrumbs-item/st-breadcrumbs-item.component.ts" line-rate="1" branch-rate="1">
          <methods>
            <method name="(anonymous_3)" hits="3" signature="()V">
              <lines>
                <line number="18" hits="3"/>
              </lines>
            </method>
            <method name="(anonymous_5)" hits="5" signature="()V">
              <lines>
                <line number="20" hits="5"/>
              </lines>
            </method>
            <method name="(anonymous_6)" hits="1" signature="()V">
              <lines>
                <line number="24" hits="1"/>
              </lines>
            </method>
          </methods>
          <lines>
            <line number="18" hits="1" branch="false"/>
            <line number="20" hits="2" branch="false"/>
            <line number="21" hits="5" branch="false"/>
            <line number="25" hits="1" branch="false"/>
            <line number="28" hits="1" branch="false"/>
            <line number="31" hits="1" branch="false"/>
          </lines>
        </class>
      </classes>
    </package>
    <package name="src.lib.st-bubble" line-rate="1" branch-rate="1">
      <classes>
        <class name="st-bubble.component.ts" filename="projects/egeo/src/lib/st-bubble/st-bubble.component.ts" line-rate="1" branch-rate="1">
          <methods>
            <method name="(anonymous_3)" hits="1" signature="()V">
              <lines>
                <line number="34" hits="1"/>
              </lines>
            </method>
            <method name="StBubbleComponent" hits="19" signature="()V">
              <lines>
                <line number="29" hits="19"/>
              </lines>
            </method>
          </methods>
          <lines>
            <line number="34" hits="1" branch="false"/>
            <line number="37" hits="1" branch="false"/>
            <line number="39" hits="19" branch="false"/>
            <line number="41" hits="19" branch="false"/>
            <line number="43" hits="19" branch="false"/>
            <line number="45" hits="19" branch="false"/>
            <line number="47" hits="19" branch="false"/>
            <line number="49" hits="19" branch="false"/>
            <line number="51" hits="1" branch="false"/>
            <line number="53" hits="1" branch="false"/>
            <line number="55" hits="19" branch="false"/>
            <line number="57" hits="1" branch="false"/>
          </lines>
        </class>
        <class name="st-bubble.module.ts" filename="projects/egeo/src/lib/st-bubble/st-bubble.module.ts" line-rate="1" branch-rate="1">
          <methods>
            <method name="(anonymous_2)" hits="295" signature="()V">
              <lines>
                <line number="22" hits="295"/>
              </lines>
            </method>
          </methods>
          <lines>
            <line number="22" hits="1" branch="false"/>
          </lines>
        </class>
      </classes>
    </package>
    <package name="src.lib.st-bubble-on-ellipsis" line-rate="0.9473999999999999" branch-rate="1">
      <classes>
        <class name="st-bubble-on-ellipsis.component.ts" filename="projects/egeo/src/lib/st-bubble-on-ellipsis/st-bubble-on-ellipsis.component.ts" line-rate="0.9444" branch-rate="1">
          <methods>
            <method name="(anonymous_3)" hits="1" signature="()V">
              <lines>
                <line number="44" hits="1"/>
              </lines>
            </method>
            <method name="StBubbleOnEllipsisComponent" hits="5" signature="()V">
              <lines>
                <line number="62" hits="5"/>
              </lines>
            </method>
            <method name="(anonymous_5)" hits="76" signature="()V">
              <lines>
                <line number="67" hits="76"/>
              </lines>
            </method>
            <method name="(anonymous_6)" hits="6" signature="()V">
              <lines>
                <line number="71" hits="6"/>
              </lines>
            </method>
            <method name="(anonymous_7)" hits="4" signature="()V">
              <lines>
                <line number="77" hits="4"/>
              </lines>
            </method>
            <method name="(anonymous_8)" hits="0" signature="()V">
              <lines>
                <line number="84" hits="0"/>
              </lines>
            </method>
          </methods>
          <lines>
            <line number="44" hits="1" branch="false"/>
            <line number="47" hits="1" branch="false"/>
            <line number="49" hits="1" branch="false"/>
            <line number="51" hits="1" branch="false"/>
            <line number="53" hits="5" branch="false"/>
            <line number="55" hits="1" branch="false"/>
            <line number="62" hits="5" branch="false"/>
            <line number="67" hits="2" branch="false"/>
            <line number="68" hits="76" branch="false"/>
            <line number="72" hits="6" branch="false"/>
            <line number="73" hits="6" branch="true" condition-coverage="100% (2/2)"/>
            <line number="74" hits="6" branch="false"/>
            <line number="77" hits="1" branch="false"/>
            <line number="78" hits="4" branch="true" condition-coverage="100% (4/4)"/>
            <line number="80" hits="2" branch="false"/>
            <line number="84" hits="1" branch="false"/>
            <line number="85" hits="0" branch="false"/>
            <line number="88" hits="1" branch="false"/>
          </lines>
        </class>
        <class name="st-bubble-on-ellipsis.module.ts" filename="projects/egeo/src/lib/st-bubble-on-ellipsis/st-bubble-on-ellipsis.module.ts" line-rate="1" branch-rate="1">
          <methods>
            <method name="(anonymous_2)" hits="1" signature="()V">
              <lines>
                <line number="22" hits="1"/>
              </lines>
            </method>
          </methods>
          <lines>
            <line number="22" hits="1" branch="false"/>
          </lines>
        </class>
      </classes>
    </package>
    <package name="src.lib.st-checkbox" line-rate="1" branch-rate="0.875">
      <classes>
        <class name="st-checkbox.component.ts" filename="projects/egeo/src/lib/st-checkbox/st-checkbox.component.ts" line-rate="1" branch-rate="0.875">
          <methods>
            <method name="(anonymous_3)" hits="206" signature="()V">
              <lines>
                <line number="17" hits="206"/>
              </lines>
            </method>
            <method name="(anonymous_4)" hits="1" signature="()V">
              <lines>
                <line number="44" hits="1"/>
              </lines>
            </method>
            <method name="StCheckboxComponent" hits="80" signature="()V">
              <lines>
                <line number="75" hits="80"/>
              </lines>
            </method>
            <method name="(anonymous_6)" hits="8" signature="()V">
              <lines>
                <line number="81" hits="8"/>
              </lines>
            </method>
            <method name="(anonymous_7)" hits="0" signature="()V">
              <lines>
                <line number="83" hits="0"/>
              </lines>
            </method>
            <method name="(anonymous_8)" hits="397" signature="()V">
              <lines>
                <line number="46" hits="397"/>
              </lines>
            </method>
            <method name="(anonymous_9)" hits="85" signature="()V">
              <lines>
                <line number="50" hits="85"/>
              </lines>
            </method>
            <method name="(anonymous_10)" hits="151" signature="()V">
              <lines>
                <line number="85" hits="151"/>
              </lines>
            </method>
            <method name="(anonymous_11)" hits="11" signature="()V">
              <lines>
                <line number="89" hits="11"/>
              </lines>
            </method>
            <method name="(anonymous_12)" hits="10" signature="()V">
              <lines>
                <line number="99" hits="10"/>
              </lines>
            </method>
            <method name="(anonymous_13)" hits="97" signature="()V">
              <lines>
                <line number="103" hits="97"/>
              </lines>
            </method>
            <method name="(anonymous_14)" hits="46" signature="()V">
              <lines>
                <line number="108" hits="46"/>
              </lines>
            </method>
            <method name="(anonymous_15)" hits="46" signature="()V">
              <lines>
                <line number="112" hits="46"/>
              </lines>
            </method>
            <method name="(anonymous_16)" hits="4" signature="()V">
              <lines>
                <line number="116" hits="4"/>
              </lines>
            </method>
          </methods>
          <lines>
            <line number="14" hits="1" branch="false"/>
            <line number="17" hits="206" branch="false"/>
            <line number="44" hits="1" branch="false"/>
            <line number="46" hits="2" branch="false"/>
            <line number="47" hits="397" branch="false"/>
            <line number="51" hits="85" branch="true" condition-coverage="100% (2/2)"/>
            <line number="52" hits="81" branch="false"/>
            <line number="53" hits="81" branch="false"/>
            <line number="57" hits="1" branch="false"/>
            <line number="59" hits="1" branch="false"/>
            <line number="61" hits="1" branch="false"/>
            <line number="63" hits="1" branch="false"/>
            <line number="65" hits="1" branch="false"/>
            <line number="67" hits="1" branch="false"/>
            <line number="69" hits="1" branch="false"/>
            <line number="71" hits="80" branch="false"/>
            <line number="73" hits="80" branch="false"/>
            <line number="76" hits="80" branch="false"/>
            <line number="81" hits="80" branch="false"/>
            <line number="83" hits="80" branch="false"/>
            <line number="85" hits="1" branch="false"/>
            <line number="86" hits="151" branch="true" condition-coverage="100% (2/2)"/>
            <line number="89" hits="1" branch="false"/>
            <line number="90" hits="11" branch="true" condition-coverage="50% (1/2)"/>
            <line number="91" hits="11" branch="true" condition-coverage="100% (2/2)"/>
            <line number="92" hits="10" branch="false"/>
            <line number="93" hits="10" branch="false"/>
            <line number="94" hits="10" branch="false"/>
            <line number="99" hits="1" branch="false"/>
            <line number="100" hits="10" branch="false"/>
            <line number="103" hits="1" branch="false"/>
            <line number="104" hits="97" branch="false"/>
            <line number="105" hits="97" branch="false"/>
            <line number="108" hits="1" branch="false"/>
            <line number="109" hits="46" branch="false"/>
            <line number="112" hits="1" branch="false"/>
            <line number="113" hits="46" branch="false"/>
            <line number="116" hits="1" branch="false"/>
            <line number="117" hits="4" branch="false"/>
            <line number="118" hits="4" branch="false"/>
            <line number="121" hits="1" branch="false"/>
          </lines>
        </class>
        <class name="st-checkbox.module.ts" filename="projects/egeo/src/lib/st-checkbox/st-checkbox.module.ts" line-rate="1" branch-rate="1">
          <methods>
            <method name="(anonymous_2)" hits="201" signature="()V">
              <lines>
                <line number="22" hits="201"/>
              </lines>
            </method>
          </methods>
          <lines>
            <line number="22" hits="1" branch="false"/>
            <line number="23" hits="1" branch="false"/>
          </lines>
        </class>
      </classes>
    </package>
    <package name="src.lib.st-color-picker" line-rate="0.9091" branch-rate="0.5">
      <classes>
        <class name="st-color-picker.component.ts" filename="projects/egeo/src/lib/st-color-picker/st-color-picker.component.ts" line-rate="0.9031999999999999" branch-rate="0.5">
          <methods>
            <method name="(anonymous_3)" hits="1" signature="()V">
              <lines>
                <line number="41" hits="1"/>
              </lines>
            </method>
            <method name="StColorPickerComponent" hits="4" signature="()V">
              <lines>
                <line number="32" hits="4"/>
              </lines>
            </method>
            <method name="(anonymous_5)" hits="1" signature="()V">
              <lines>
                <line number="53" hits="1"/>
              </lines>
            </method>
            <method name="(anonymous_6)" hits="0" signature="()V">
              <lines>
                <line number="58" hits="0"/>
              </lines>
            </method>
            <method name="(anonymous_7)" hits="33" signature="()V">
              <lines>
                <line number="62" hits="33"/>
              </lines>
            </method>
            <method name="(anonymous_8)" hits="0" signature="()V">
              <lines>
                <line number="66" hits="0"/>
              </lines>
            </method>
            <method name="(anonymous_9)" hits="1" signature="()V">
              <lines>
                <line number="70" hits="1"/>
              </lines>
            </method>
            <method name="(anonymous_10)" hits="32" signature="()V">
              <lines>
                <line number="75" hits="32"/>
              </lines>
            </method>
            <method name="(anonymous_11)" hits="2" signature="()V">
              <lines>
                <line number="80" hits="2"/>
              </lines>
            </method>
            <method name="(anonymous_12)" hits="2" signature="()V">
              <lines>
                <line number="91" hits="2"/>
              </lines>
            </method>
            <method name="(anonymous_13)" hits="2" signature="()V">
              <lines>
                <line number="96" hits="2"/>
              </lines>
            </method>
            <method name="(anonymous_14)" hits="0" signature="()V">
              <lines>
                <line number="100" hits="0"/>
              </lines>
            </method>
            <method name="(anonymous_15)" hits="4" signature="()V">
              <lines>
                <line number="37" hits="4"/>
              </lines>
            </method>
          </methods>
          <lines>
            <line number="32" hits="4" branch="false"/>
            <line number="37" hits="4" branch="false"/>
            <line number="41" hits="1" branch="false"/>
            <line number="43" hits="1" branch="false"/>
            <line number="45" hits="1" branch="false"/>
            <line number="47" hits="4" branch="false"/>
            <line number="53" hits="4" branch="false"/>
            <line number="54" hits="1" branch="false"/>
            <line number="55" hits="1" branch="false"/>
            <line number="58" hits="4" branch="false"/>
            <line number="62" hits="2" branch="false"/>
            <line number="63" hits="33" branch="false"/>
            <line number="67" hits="0" branch="false"/>
            <line number="70" hits="1" branch="false"/>
            <line number="71" hits="1" branch="false"/>
            <line number="72" hits="1" branch="false"/>
            <line number="75" hits="1" branch="false"/>
            <line number="76" hits="32" branch="false"/>
            <line number="80" hits="1" branch="false"/>
            <line number="81" hits="2" branch="true" condition-coverage="50% (1/2)"/>
            <line number="82" hits="2" branch="false"/>
            <line number="83" hits="2" branch="false"/>
            <line number="84" hits="2" branch="true" condition-coverage="50% (1/2)"/>
            <line number="85" hits="0" branch="false"/>
            <line number="91" hits="1" branch="false"/>
            <line number="92" hits="2" branch="false"/>
            <line number="96" hits="1" branch="false"/>
            <line number="97" hits="2" branch="false"/>
            <line number="100" hits="1" branch="false"/>
            <line number="101" hits="0" branch="false"/>
            <line number="103" hits="1" branch="false"/>
          </lines>
        </class>
        <class name="st-color-picker.module.ts" filename="projects/egeo/src/lib/st-color-picker/st-color-picker.module.ts" line-rate="1" branch-rate="1">
          <methods>
            <method name="(anonymous_2)" hits="1" signature="()V">
              <lines>
                <line number="24" hits="1"/>
              </lines>
            </method>
          </methods>
          <lines>
            <line number="24" hits="1" branch="false"/>
            <line number="25" hits="1" branch="false"/>
          </lines>
        </class>
      </classes>
    </package>
    <package name="src.lib.st-docs" line-rate="0.9756" branch-rate="0.6667000000000001">
      <classes>
        <class name="st-docs.component.ts" filename="projects/egeo/src/lib/st-docs/st-docs.component.ts" line-rate="1" branch-rate="0.6667000000000001">
          <methods>
            <method name="(anonymous_3)" hits="1" signature="()V">
              <lines>
                <line number="23" hits="1"/>
              </lines>
            </method>
            <method name="StDocsComponent" hits="1" signature="()V">
              <lines>
                <line number="44" hits="1"/>
              </lines>
            </method>
            <method name="(anonymous_5)" hits="1" signature="()V">
              <lines>
                <line number="46" hits="1"/>
              </lines>
            </method>
            <method name="(anonymous_6)" hits="1" signature="()V">
              <lines>
                <line number="47" hits="1"/>
              </lines>
            </method>
            <method name="(anonymous_7)" hits="1" signature="()V">
              <lines>
                <line number="49" hits="1"/>
              </lines>
            </method>
            <method name="(anonymous_8)" hits="1" signature="()V">
              <lines>
                <line number="58" hits="1"/>
              </lines>
            </method>
            <method name="(anonymous_9)" hits="1" signature="()V">
              <lines>
                <line number="62" hits="1"/>
              </lines>
            </method>
            <method name="(anonymous_10)" hits="3" signature="()V">
              <lines>
                <line number="66" hits="3"/>
              </lines>
            </method>
            <method name="(anonymous_11)" hits="1" signature="()V">
              <lines>
                <line number="70" hits="1"/>
              </lines>
            </method>
            <method name="(anonymous_12)" hits="3" signature="()V">
              <lines>
                <line number="85" hits="3"/>
              </lines>
            </method>
            <method name="(anonymous_13)" hits="9" signature="()V">
              <lines>
                <line number="86" hits="9"/>
              </lines>
            </method>
          </methods>
          <lines>
            <line number="23" hits="1" branch="false"/>
            <line number="25" hits="1" branch="false"/>
            <line number="26" hits="1" branch="false"/>
            <line number="27" hits="1" branch="false"/>
            <line number="33" hits="1" branch="false"/>
            <line number="40" hits="1" branch="false"/>
            <line number="44" hits="1" branch="false"/>
            <line number="46" hits="1" branch="false"/>
            <line number="47" hits="1" branch="false"/>
            <line number="48" hits="1" branch="false"/>
            <line number="50" hits="1" branch="true" condition-coverage="75% (3/4)"/>
            <line number="51" hits="1" branch="true" condition-coverage="75% (3/4)"/>
            <line number="52" hits="1" branch="true" condition-coverage="75% (3/4)"/>
            <line number="53" hits="1" branch="false"/>
            <line number="54" hits="1" branch="false"/>
            <line number="58" hits="1" branch="false"/>
            <line number="59" hits="1" branch="false"/>
            <line number="62" hits="1" branch="false"/>
            <line number="63" hits="1" branch="false"/>
            <line number="66" hits="1" branch="false"/>
            <line number="67" hits="3" branch="false"/>
            <line number="70" hits="1" branch="false"/>
            <line number="71" hits="1" branch="true" condition-coverage="50% (1/2)"/>
            <line number="72" hits="1" branch="false"/>
            <line number="75" hits="1" branch="true" condition-coverage="50% (1/2)"/>
            <line number="76" hits="1" branch="false"/>
            <line number="79" hits="1" branch="true" condition-coverage="50% (1/2)"/>
            <line number="81" hits="1" branch="false"/>
            <line number="85" hits="1" branch="false"/>
            <line number="86" hits="3" branch="false"/>
            <line number="87" hits="9" branch="false"/>
            <line number="91" hits="1" branch="false"/>
          </lines>
        </class>
        <class name="st-docs.module.ts" filename="projects/egeo/src/lib/st-docs/st-docs.module.ts" line-rate="1" branch-rate="1">
          <methods>
            <method name="(anonymous_2)" hits="2" signature="()V">
              <lines>
                <line number="26" hits="2"/>
              </lines>
            </method>
          </methods>
          <lines>
            <line number="26" hits="1" branch="false"/>
            <line number="27" hits="1" branch="false"/>
          </lines>
        </class>
        <class name="st-docs.service.ts" filename="projects/egeo/src/lib/st-docs/st-docs.service.ts" line-rate="0.8571" branch-rate="1">
          <methods>
            <method name="(anonymous_3)" hits="1" signature="()V">
              <lines>
                <line number="18" hits="1"/>
              </lines>
            </method>
            <method name="StDocsService" hits="1" signature="()V">
              <lines>
                <line number="20" hits="1"/>
              </lines>
            </method>
            <method name="(anonymous_5)" hits="3" signature="()V">
              <lines>
                <line number="22" hits="3"/>
              </lines>
            </method>
            <method name="(anonymous_6)" hits="0" signature="()V">
              <lines>
                <line number="24" hits="0"/>
              </lines>
            </method>
            <method name="(anonymous_7)" hits="3" signature="()V">
              <lines>
                <line number="25" hits="3"/>
              </lines>
            </method>
          </methods>
          <lines>
            <line number="18" hits="1" branch="false"/>
            <line number="20" hits="1" branch="false"/>
            <line number="22" hits="1" branch="false"/>
            <line number="23" hits="3" branch="false"/>
            <line number="24" hits="0" branch="false"/>
            <line number="26" hits="3" branch="false"/>
            <line number="30" hits="1" branch="false"/>
          </lines>
        </class>
      </classes>
    </package>
    <package name="src.lib.st-docs.st-prism" line-rate="0.9167000000000001" branch-rate="1">
      <classes>
        <class name="st-prism.component.ts" filename="projects/egeo/src/lib/st-docs/st-prism/st-prism.component.ts" line-rate="0.9091" branch-rate="1">
          <methods>
            <method name="(anonymous_3)" hits="1" signature="()V">
              <lines>
                <line number="28" hits="1"/>
              </lines>
            </method>
            <method name="StPrismComponent" hits="5" signature="()V">
              <lines>
                <line number="23" hits="5"/>
              </lines>
            </method>
            <method name="(anonymous_5)" hits="3" signature="()V">
              <lines>
                <line number="34" hits="3"/>
              </lines>
            </method>
            <method name="(anonymous_6)" hits="0" signature="()V">
              <lines>
                <line number="42" hits="0"/>
              </lines>
            </method>
            <method name="(anonymous_7)" hits="3" signature="()V">
              <lines>
                <line number="50" hits="3"/>
              </lines>
            </method>
          </methods>
          <lines>
            <line number="28" hits="1" branch="false"/>
            <line number="29" hits="1" branch="false"/>
            <line number="31" hits="5" branch="false"/>
            <line number="32" hits="5" branch="false"/>
            <line number="34" hits="1" branch="false"/>
            <line number="35" hits="3" branch="false"/>
            <line number="42" hits="1" branch="false"/>
            <line number="43" hits="0" branch="false"/>
            <line number="50" hits="1" branch="false"/>
            <line number="51" hits="3" branch="false"/>
            <line number="53" hits="1" branch="false"/>
          </lines>
        </class>
        <class name="st-prism.module.ts" filename="projects/egeo/src/lib/st-docs/st-prism/st-prism.module.ts" line-rate="1" branch-rate="1">
          <methods>
            <method name="(anonymous_2)" hits="7" signature="()V">
              <lines>
                <line number="23" hits="7"/>
              </lines>
            </method>
          </methods>
          <lines>
            <line number="23" hits="1" branch="false"/>
          </lines>
        </class>
      </classes>
    </package>
    <package name="src.lib.st-draggable-card" line-rate="1" branch-rate="1">
      <classes>
        <class name="st-draggable-card.component.ts" filename="projects/egeo/src/lib/st-draggable-card/st-draggable-card.component.ts" line-rate="1" branch-rate="1">
          <methods>
            <method name="(anonymous_3)" hits="1" signature="()V">
              <lines>
                <line number="47" hits="1"/>
              </lines>
            </method>
            <method name="StDraggableCardComponent" hits="6" signature="()V">
              <lines>
                <line number="40" hits="6"/>
              </lines>
            </method>
            <method name="(anonymous_5)" hits="10" signature="()V">
              <lines>
                <line number="62" hits="10"/>
              </lines>
            </method>
            <method name="(anonymous_6)" hits="3" signature="()V">
              <lines>
                <line number="67" hits="3"/>
              </lines>
            </method>
            <method name="(anonymous_7)" hits="3" signature="()V">
              <lines>
                <line number="69" hits="3"/>
              </lines>
            </method>
            <method name="(anonymous_8)" hits="3" signature="()V">
              <lines>
                <line number="77" hits="3"/>
              </lines>
            </method>
          </methods>
          <lines>
            <line number="47" hits="1" branch="false"/>
            <line number="49" hits="1" branch="false"/>
            <line number="51" hits="6" branch="false"/>
            <line number="53" hits="6" branch="false"/>
            <line number="57" hits="6" branch="false"/>
            <line number="59" hits="1" branch="false"/>
            <line number="60" hits="6" branch="false"/>
            <line number="62" hits="1" branch="false"/>
            <line number="63" hits="10" branch="false"/>
            <line number="66" hits="3" branch="false"/>
            <line number="67" hits="1" branch="false"/>
            <line number="68" hits="3" branch="false"/>
            <line number="69" hits="3" branch="false"/>
            <line number="70" hits="3" branch="false"/>
            <line number="71" hits="3" branch="false"/>
            <line number="72" hits="3" branch="false"/>
            <line number="73" hits="3" branch="false"/>
            <line number="77" hits="1" branch="false"/>
            <line number="78" hits="3" branch="false"/>
            <line number="79" hits="3" branch="false"/>
            <line number="80" hits="3" branch="false"/>
            <line number="81" hits="3" branch="false"/>
            <line number="83" hits="1" branch="false"/>
          </lines>
        </class>
        <class name="st-draggable-card.module.ts" filename="projects/egeo/src/lib/st-draggable-card/st-draggable-card.module.ts" line-rate="1" branch-rate="1">
          <methods>
            <method name="(anonymous_2)" hits="1" signature="()V">
              <lines>
                <line number="21" hits="1"/>
              </lines>
            </method>
          </methods>
          <lines>
            <line number="21" hits="1" branch="false"/>
          </lines>
        </class>
      </classes>
    </package>
    <package name="src.lib.st-dropdown-menu" line-rate="0.9417" branch-rate="0.8493">
      <classes>
        <class name="st-dropdown-menu.component.ts" filename="projects/egeo/src/lib/st-dropdown-menu/st-dropdown-menu.component.ts" line-rate="0.9351999999999999" branch-rate="0.8406">
          <methods>
            <method name="(anonymous_5)" hits="1" signature="()V">
              <lines>
                <line number="56" hits="1"/>
              </lines>
            </method>
            <method name="StDropdownMenuComponent" hits="1052" signature="()V">
              <lines>
                <line number="108" hits="1052"/>
              </lines>
            </method>
            <method name="(anonymous_7)" hits="1063" signature="()V">
              <lines>
                <line number="111" hits="1063"/>
              </lines>
            </method>
            <method name="(anonymous_8)" hits="1535" signature="()V">
              <lines>
                <line number="117" hits="1535"/>
              </lines>
            </method>
            <method name="(anonymous_9)" hits="89" signature="()V">
              <lines>
                <line number="122" hits="89"/>
              </lines>
            </method>
            <method name="(anonymous_10)" hits="181" signature="()V">
              <lines>
                <line number="126" hits="181"/>
              </lines>
            </method>
            <method name="(anonymous_11)" hits="89" signature="()V">
              <lines>
                <line number="130" hits="89"/>
              </lines>
            </method>
            <method name="(anonymous_12)" hits="90" signature="()V">
              <lines>
                <line number="134" hits="90"/>
              </lines>
            </method>
            <method name="(anonymous_13)" hits="724" signature="()V">
              <lines>
                <line number="138" hits="724"/>
              </lines>
            </method>
            <method name="(anonymous_14)" hits="186" signature="()V">
              <lines>
                <line number="142" hits="186"/>
              </lines>
            </method>
            <method name="(anonymous_15)" hits="1050" signature="()V">
              <lines>
                <line number="146" hits="1050"/>
              </lines>
            </method>
            <method name="(anonymous_16)" hits="1111" signature="()V">
              <lines>
                <line number="150" hits="1111"/>
              </lines>
            </method>
            <method name="(anonymous_17)" hits="7" signature="()V">
              <lines>
                <line number="154" hits="7"/>
              </lines>
            </method>
            <method name="(anonymous_18)" hits="18" signature="()V">
              <lines>
                <line number="171" hits="18"/>
              </lines>
            </method>
            <method name="(anonymous_19)" hits="0" signature="()V">
              <lines>
                <line number="175" hits="0"/>
              </lines>
            </method>
            <method name="(anonymous_20)" hits="2" signature="()V">
              <lines>
                <line number="182" hits="2"/>
              </lines>
            </method>
            <method name="(anonymous_21)" hits="2" signature="()V">
              <lines>
                <line number="186" hits="2"/>
              </lines>
            </method>
            <method name="(anonymous_22)" hits="170" signature="()V">
              <lines>
                <line number="190" hits="170"/>
              </lines>
            </method>
            <method name="(anonymous_23)" hits="1050" signature="()V">
              <lines>
                <line number="196" hits="1050"/>
              </lines>
            </method>
            <method name="(anonymous_24)" hits="1050" signature="()V">
              <lines>
                <line number="198" hits="1050"/>
              </lines>
            </method>
            <method name="(anonymous_25)" hits="1037" signature="()V">
              <lines>
                <line number="209" hits="1037"/>
              </lines>
            </method>
            <method name="(anonymous_26)" hits="642" signature="()V">
              <lines>
                <line number="216" hits="642"/>
              </lines>
            </method>
            <method name="(anonymous_27)" hits="7" signature="()V">
              <lines>
                <line number="220" hits="7"/>
              </lines>
            </method>
            <method name="(anonymous_28)" hits="0" signature="()V">
              <lines>
                <line number="224" hits="0"/>
              </lines>
            </method>
            <method name="(anonymous_29)" hits="23" signature="()V">
              <lines>
                <line number="234" hits="23"/>
              </lines>
[...]
              </lines>
            </method>
            <method name="(anonymous_5)" hits="1109" signature="()V">
              <lines>
                <line number="18" hits="1109"/>
              </lines>
            </method>
            <method name="(anonymous_6)" hits="3" signature="()V">
              <lines>
                <line number="25" hits="3"/>
              </lines>
            </method>
            <method name="(anonymous_7)" hits="11" signature="()V">
              <lines>
                <line number="27" hits="11"/>
              </lines>
            </method>
          </methods>
          <lines>
            <line number="11" hits="1" branch="false"/>
            <line number="13" hits="1" branch="false"/>
            <line number="14" hits="1109" branch="true" condition-coverage="100% (2/2)"/>
            <line number="17" hits="1067" branch="false"/>
            <line number="18" hits="1067" branch="false"/>
            <line number="19" hits="1109" branch="true" condition-coverage="100% (2/2)"/>
            <line number="20" hits="3" branch="false"/>
            <line number="25" hits="1" branch="false"/>
            <line number="26" hits="3" branch="false"/>
            <line number="27" hits="11" branch="false"/>
            <line number="29" hits="0" branch="false"/>
            <line number="32" hits="1" branch="false"/>
          </lines>
        </class>
        <class name="event-window-manager.ts" filename="projects/egeo/src/lib/utils/event-window-manager.ts" line-rate="0.8181999999999999" branch-rate="0.7">
          <methods>
            <method name="(anonymous_1)" hits="1" signature="()V">
              <lines>
                <line number="13" hits="1"/>
              </lines>
            </method>
            <method name="EventWindowManager" hits="32" signature="()V">
              <lines>
                <line number="20" hits="32"/>
              </lines>
            </method>
            <method name="(anonymous_3)" hits="3" signature="()V">
              <lines>
                <line number="24" hits="3"/>
              </lines>
            </method>
            <method name="(anonymous_4)" hits="3" signature="()V">
              <lines>
                <line number="29" hits="3"/>
              </lines>
            </method>
            <method name="(anonymous_5)" hits="39" signature="()V">
              <lines>
                <line number="36" hits="39"/>
              </lines>
            </method>
            <method name="(anonymous_6)" hits="0" signature="()V">
              <lines>
                <line number="47" hits="0"/>
              </lines>
            </method>
            <method name="(anonymous_7)" hits="0" signature="()V">
              <lines>
                <line number="53" hits="0"/>
              </lines>
            </method>
          </methods>
          <lines>
            <line number="13" hits="1" branch="false"/>
            <line number="20" hits="32" branch="false"/>
            <line number="24" hits="3" branch="false"/>
            <line number="25" hits="3" branch="true" condition-coverage="50% (1/2)"/>
            <line number="26" hits="0" branch="false"/>
            <line number="28" hits="3" branch="false"/>
            <line number="29" hits="3" branch="false"/>
            <line number="30" hits="3" branch="false"/>
            <line number="31" hits="3" branch="false"/>
            <line number="36" hits="1" branch="false"/>
            <line number="37" hits="39" branch="true" condition-coverage="100% (2/2)"/>
            <line number="38" hits="4" branch="false"/>
            <line number="39" hits="4" branch="false"/>
            <line number="40" hits="4" branch="true" condition-coverage="100% (4/4)"/>
            <line number="41" hits="3" branch="false"/>
            <line number="42" hits="3" branch="false"/>
            <line number="47" hits="1" branch="false"/>
            <line number="48" hits="0" branch="true" condition-coverage="0% (0/2)"/>
            <line number="49" hits="0" branch="false"/>
            <line number="53" hits="1" branch="false"/>
            <line number="54" hits="0" branch="false"/>
            <line number="56" hits="1" branch="false"/>
          </lines>
        </class>
        <class name="st-regex.ts" filename="projects/egeo/src/lib/utils/st-regex.ts" line-rate="1" branch-rate="1">
          <methods>
            <method name="(anonymous_1)" hits="1" signature="()V">
              <lines>
                <line number="12" hits="1"/>
              </lines>
            </method>
          </methods>
          <lines>
            <line number="12" hits="1" branch="true" condition-coverage="100% (2/2)"/>
            <line number="15" hits="1" branch="false"/>
          </lines>
        </class>
        <class name="unique-dispatcher.ts" filename="projects/egeo/src/lib/utils/unique-dispatcher.ts" line-rate="1" branch-rate="1">
          <methods>
            <method name="(anonymous_4)" hits="1" signature="()V">
              <lines>
                <line number="16" hits="1"/>
              </lines>
            </method>
            <method name="SelectOneDispatcher" hits="12" signature="()V">
              <lines>
                <line number="15" hits="12"/>
              </lines>
            </method>
            <method name="(anonymous_6)" hits="5" signature="()V">
              <lines>
                <line number="19" hits="5"/>
              </lines>
            </method>
            <method name="(anonymous_7)" hits="20" signature="()V">
              <lines>
                <line number="25" hits="20"/>
              </lines>
            </method>
          </methods>
          <lines>
            <line number="16" hits="1" branch="false"/>
            <line number="17" hits="12" branch="false"/>
            <line number="19" hits="1" branch="false"/>
            <line number="20" hits="11" branch="false"/>
            <line number="21" hits="11" branch="false"/>
            <line number="25" hits="1" branch="false"/>
            <line number="26" hits="20" branch="false"/>
            <line number="29" hits="1" branch="false"/>
          </lines>
        </class>
        <class name="window-service.ts" filename="projects/egeo/src/lib/utils/window-service.ts" line-rate="0.6" branch-rate="1">
          <methods>
            <method name="getWindow" hits="0" signature="()V">
              <lines>
                <line number="13" hits="0"/>
              </lines>
            </method>
            <method name="(anonymous_3)" hits="1" signature="()V">
              <lines>
                <line number="18" hits="1"/>
              </lines>
            </method>
            <method name="(anonymous_5)" hits="0" signature="()V">
              <lines>
                <line number="19" hits="0"/>
              </lines>
            </method>
          </methods>
          <lines>
            <line number="14" hits="0" branch="false"/>
            <line number="18" hits="1" branch="false"/>
            <line number="19" hits="1" branch="false"/>
            <line number="20" hits="0" branch="false"/>
            <line number="22" hits="1" branch="false"/>
          </lines>
        </class>
      </classes>
    </package>
    <package name="src.lib.utils.demo-generator" line-rate="0.9722" branch-rate="0.8332999999999999">
      <classes>
        <class name="demo-generator.interface.ts" filename="projects/egeo/src/lib/utils/demo-generator/demo-generator.interface.ts" line-rate="1" branch-rate="1">
          <methods>
            <method name="(anonymous_1)" hits="1" signature="()V">
              <lines>
                <line number="13" hits="1"/>
              </lines>
            </method>
          </methods>
          <lines>
            <line number="13" hits="1" branch="false"/>
            <line number="17" hits="1" branch="false"/>
          </lines>
        </class>
        <class name="demo-generator.module.ts" filename="projects/egeo/src/lib/utils/demo-generator/demo-generator.module.ts" line-rate="0.75" branch-rate="1">
          <methods>
            <method name="(anonymous_2)" hits="1" signature="()V">
              <lines>
                <line number="26" hits="1"/>
              </lines>
            </method>
            <method name="(anonymous_4)" hits="0" signature="()V">
              <lines>
                <line number="27" hits="0"/>
              </lines>
            </method>
          </methods>
          <lines>
            <line number="26" hits="1" branch="false"/>
            <line number="27" hits="1" branch="false"/>
            <line number="28" hits="0" branch="false"/>
            <line number="36" hits="1" branch="false"/>
          </lines>
        </class>
        <class name="demo-generator.routing.ts" filename="projects/egeo/src/lib/utils/demo-generator/demo-generator.routing.ts" line-rate="1" branch-rate="1">
          <methods>
          </methods>
          <lines>
            <line number="16" hits="1" branch="false"/>
            <line number="20" hits="1" branch="false"/>
          </lines>
        </class>
        <class name="demo-generator.ts" filename="projects/egeo/src/lib/utils/demo-generator/demo-generator.ts" line-rate="1" branch-rate="0.8332999999999999">
          <methods>
            <method name="(anonymous_3)" hits="1" signature="()V">
              <lines>
                <line number="36" hits="1"/>
              </lines>
            </method>
            <method name="StDemoGenerator" hits="5" signature="()V">
              <lines>
                <line number="45" hits="5"/>
              </lines>
            </method>
            <method name="(anonymous_5)" hits="5" signature="()V">
              <lines>
                <line number="55" hits="5"/>
              </lines>
            </method>
            <method name="(anonymous_6)" hits="6" signature="()V">
              <lines>
                <line number="61" hits="6"/>
              </lines>
            </method>
            <method name="(anonymous_7)" hits="5" signature="()V">
              <lines>
                <line number="67" hits="5"/>
              </lines>
            </method>
            <method name="(anonymous_8)" hits="4" signature="()V">
              <lines>
                <line number="77" hits="4"/>
              </lines>
            </method>
            <method name="(anonymous_9)" hits="5" signature="()V">
              <lines>
                <line number="80" hits="5"/>
              </lines>
            </method>
            <method name="(anonymous_10)" hits="5" signature="()V">
              <lines>
                <line number="85" hits="5"/>
              </lines>
            </method>
          </methods>
          <lines>
            <line number="36" hits="1" branch="false"/>
            <line number="37" hits="1" branch="false"/>
            <line number="46" hits="5" branch="false"/>
            <line number="47" hits="5" branch="false"/>
            <line number="49" hits="5" branch="false"/>
            <line number="50" hits="5" branch="false"/>
            <line number="51" hits="5" branch="false"/>
            <line number="55" hits="1" branch="false"/>
            <line number="56" hits="5" branch="true" condition-coverage="100% (2/2)"/>
            <line number="57" hits="4" branch="false"/>
            <line number="61" hits="1" branch="false"/>
            <line number="62" hits="6" branch="true" condition-coverage="100% (2/2)"/>
            <line number="63" hits="5" branch="false"/>
            <line number="67" hits="1" branch="false"/>
            <line number="68" hits="5" branch="true" condition-coverage="100% (2/2)"/>
            <line number="69" hits="4" branch="false"/>
            <line number="70" hits="4" branch="false"/>
            <line number="71" hits="4" branch="false"/>
            <line number="72" hits="4" branch="false"/>
            <line number="77" hits="4" branch="false"/>
            <line number="79" hits="4" branch="true" condition-coverage="50% (1/2)"/>
            <line number="80" hits="5" branch="false"/>
            <line number="84" hits="4" branch="true" condition-coverage="50% (1/2)"/>
            <line number="85" hits="4" branch="false"/>
            <line number="86" hits="5" branch="true" condition-coverage="100% (2/2)"/>
            <line number="87" hits="4" branch="false"/>
            <line number="92" hits="4" branch="false"/>
            <line number="94" hits="1" branch="false"/>
          </lines>
        </class>
      </classes>
    </package>
    <package name="src.lib.utils.egeo-resolver" line-rate="0.9608" branch-rate="0.8065000000000001">
      <classes>
        <class name="egeo-resolve.service.ts" filename="projects/egeo/src/lib/utils/egeo-resolver/egeo-resolve.service.ts" line-rate="0.9608" branch-rate="0.8065000000000001">
          <methods>
            <method name="(anonymous_4)" hits="8" signature="()V">
              <lines>
                <line number="31" hits="8"/>
              </lines>
            </method>
            <method name="(anonymous_6)" hits="5" signature="()V">
              <lines>
                <line number="33" hits="5"/>
              </lines>
            </method>
            <method name="(anonymous_7)" hits="1" signature="()V">
              <lines>
                <line number="37" hits="1"/>
              </lines>
            </method>
            <method name="(anonymous_8)" hits="10" signature="()V">
              <lines>
                <line number="38" hits="10"/>
              </lines>
            </method>
            <method name="(anonymous_9)" hits="4" signature="()V">
              <lines>
                <line number="41" hits="4"/>
              </lines>
            </method>
            <method name="(anonymous_10)" hits="3" signature="()V">
              <lines>
                <line number="47" hits="3"/>
              </lines>
            </method>
            <method name="(anonymous_11)" hits="1" signature="()V">
              <lines>
                <line number="49" hits="1"/>
              </lines>
            </method>
            <method name="(anonymous_12)" hits="1" signature="()V">
              <lines>
                <line number="56" hits="1"/>
              </lines>
            </method>
            <method name="(anonymous_13)" hits="1" signature="()V">
              <lines>
                <line number="58" hits="1"/>
              </lines>
            </method>
            <method name="(anonymous_14)" hits="1" signature="()V">
              <lines>
                <line number="61" hits="1"/>
              </lines>
            </method>
            <method name="(anonymous_15)" hits="6" signature="()V">
              <lines>
                <line number="62" hits="6"/>
              </lines>
            </method>
            <method name="(anonymous_16)" hits="3" signature="()V">
              <lines>
                <line number="65" hits="3"/>
              </lines>
            </method>
            <method name="(anonymous_17)" hits="21" signature="()V">
              <lines>
                <line number="68" hits="21"/>
              </lines>
            </method>
            <method name="(anonymous_18)" hits="21" signature="()V">
              <lines>
                <line number="75" hits="21"/>
              </lines>
            </method>
            <method name="(anonymous_19)" hits="3" signature="()V">
              <lines>
                <line number="80" hits="3"/>
              </lines>
            </method>
            <method name="(anonymous_20)" hits="21" signature="()V">
              <lines>
                <line number="81" hits="21"/>
              </lines>
            </method>
            <method name="(anonymous_21)" hits="77" signature="()V">
              <lines>
                <line number="84" hits="77"/>
              </lines>
            </method>
            <method name="(anonymous_22)" hits="167" signature="()V">
              <lines>
                <line number="96" hits="167"/>
              </lines>
            </method>
            <method name="(anonymous_23)" hits="72" signature="()V">
              <lines>
                <line number="106" hits="72"/>
              </lines>
            </method>
            <method name="(anonymous_24)" hits="72" signature="()V">
              <lines>
                <line number="115" hits="72"/>
              </lines>
            </method>
          </methods>
          <lines>
            <line number="31" hits="1" branch="false"/>
            <line number="33" hits="1" branch="false"/>
            <line number="34" hits="5" branch="false"/>
            <line number="37" hits="1" branch="false"/>
            <line number="38" hits="10" branch="false"/>
            <line number="41" hits="4" branch="false"/>
            <line number="42" hits="4" branch="false"/>
            <line number="44" hits="4" branch="true" condition-coverage="100% (4/4)"/>
            <line number="45" hits="3" branch="false"/>
            <line number="46" hits="3" branch="false"/>
            <line number="47" hits="3" branch="false"/>
            <line number="49" hits="1" branch="false"/>
            <line number="50" hits="1" branch="false"/>
            <line number="51" hits="1" branch="false"/>
            <line number="56" hits="1" branch="false"/>
            <line number="57" hits="1" branch="false"/>
            <line number="58" hits="1" branch="false"/>
            <line number="61" hits="1" branch="false"/>
            <line number="62" hits="6" branch="true" condition-coverage="100% (2/2)"/>
            <line number="65" hits="3" branch="false"/>
            <line number="66" hits="3" branch="false"/>
            <line number="67" hits="3" branch="true" condition-coverage="50% (2/4)"/>
            <line number="68" hits="3" branch="false"/>
            <line number="69" hits="21" branch="false"/>
            <line number="72" hits="3" branch="false"/>
            <line number="75" hits="1" branch="false"/>
            <line number="76" hits="21" branch="true" condition-coverage="100% (5/5)"/>
            <line number="77" hits="21" branch="true" condition-coverage="100% (2/2)"/>
            <line number="80" hits="1" branch="false"/>
            <line number="81" hits="21" branch="false"/>
            <line number="84" hits="82" branch="true" condition-coverage="100% (2/2)"/>
            <line number="85" hits="77" branch="false"/>
            <line number="86" hits="77" branch="true" condition-coverage="100% (2/2)"/>
            <line number="87" hits="31" branch="true" condition-coverage="50% (1/2)"/>
            <line number="88" hits="0" branch="true" condition-coverage="0% (0/2)"/>
            <line number="89" hits="0" branch="false"/>
            <line number="92" hits="31" branch="false"/>
            <line number="95" hits="77" branch="false"/>
            <line number="96" hits="77" branch="false"/>
            <line number="97" hits="167" branch="true" condition-coverage="100% (2/2)"/>
            <line number="98" hits="72" branch="false"/>
            <line number="100" hits="167" branch="false"/>
            <line number="102" hits="77" branch="false"/>
            <line number="106" hits="1" branch="false"/>
            <line number="107" hits="72" branch="true" condition-coverage="100% (2/2)"/>
            <line number="108" hits="32" branch="false"/>
            <line number="110" hits="40" branch="true" condition-coverage="50% (1/2)"/>
            <line number="112" hits="72" branch="false"/>
            <line number="115" hits="1" branch="false"/>
            <line number="116" hits="72" branch="false"/>
            <line number="118" hits="1" branch="false"/>
          </lines>
        </class>
      </classes>
    </package>
  </packages>
</coverage>
