TN:
SF:/home/cpetinal/datos/ws/pit/cpetinal/egeo/projects/egeo/src/test.ts
FNF:0
FNH:0
DA:20,1
DA:25,1
DA:27,1
LF:3
LH:3
BRF:0
BRH:0
end_of_record
TN:
SF:/home/cpetinal/datos/ws/pit/cpetinal/egeo/projects/egeo/src/lib/barrels.ts
FNF:0
FNH:0
DA:62,1
LF:1
LH:1
BRF:0
BRH:0
end_of_record
TN:
SF:/home/cpetinal/datos/ws/pit/cpetinal/egeo/projects/egeo/src/lib/egeo.module.ts
FN:33,(anonymous_4)
FN:34,(anonymous_6)
FNF:2
FNH:1
FNDA:1,(anonymous_4)
FNDA:0,(anonymous_6)
DA:33,1
DA:34,1
DA:35,0
DA:47,1
LF:4
LH:3
BRF:0
BRH:0
end_of_record
TN:
SF:/home/cpetinal/datos/ws/pit/cpetinal/egeo/projects/egeo/src/lib/index.ts
FNF:0
FNH:0
LF:0
LH:0
BRF:0
BRH:0
end_of_record
TN:
SF:/home/cpetinal/datos/ws/pit/cpetinal/egeo/projects/egeo/src/lib/decorators/require-decorators.ts
FN:28,StRequired
FN:29,(anonymous_2)
FN:41,StDeprecated
FN:42,(anonymous_4)
FN:54,StEgeo
FN:55,(anonymous_6)
FN:58,(anonymous_7)
FN:64,(anonymous_8)
FN:72,checkDeprecated
FN:75,(anonymous_10)
FN:87,checkRequired
FN:95,getKeys
FN:96,(anonymous_13)
FN:108,checkConditionMetadata
FNF:14
FNH:12
FNDA:21,StRequired
FNDA:21,(anonymous_2)
FNDA:0,StDeprecated
FNDA:0,(anonymous_4)
FNDA:10,StEgeo
FNDA:10,(anonymous_6)
FNDA:1034,(anonymous_7)
FNDA:62,(anonymous_8)
FNDA:1096,checkDeprecated
FNDA:1111,(anonymous_10)
FNDA:1096,checkRequired
FNDA:1067,getKeys
FNDA:1111,(anonymous_13)
FNDA:2,checkConditionMetadata
DA:15,1
DA:29,21
DA:30,21
DA:31,21
DA:32,21
DA:33,21
DA:34,1
DA:37,21
DA:42,0
DA:43,0
DA:44,0
DA:45,0
DA:46,0
DA:47,0
DA:50,0
DA:55,10
DA:56,10
DA:57,10
DA:58,2068
DA:59,1034
DA:60,1034
DA:61,1032
DA:64,4
DA:65,62
DA:66,62
DA:73,1096
DA:74,1096
DA:75,1067
DA:76,1111
DA:77,0
DA:78,0
DA:79,0
DA:80,0
DA:88,1096
DA:89,1096
DA:90,1067
DA:91,1067
DA:96,1067
DA:97,1111
DA:98,2
DA:99,0
DA:101,1109
DA:102,1109
DA:104,1111
DA:109,2
DA:110,0
DA:112,2
LF:47
LH:34
BRDA:30,0,0,21
BRDA:30,0,1,12
BRDA:31,1,0,21
BRDA:31,1,1,0
BRDA:31,1,2,21
BRDA:33,2,0,1
BRDA:33,2,1,20
BRDA:43,3,0,0
BRDA:43,3,1,0
BRDA:44,4,0,0
BRDA:44,4,1,0
BRDA:44,4,2,0
BRDA:46,5,0,0
BRDA:46,5,1,0
BRDA:57,6,0,6
BRDA:57,6,1,4
BRDA:74,7,0,1067
BRDA:74,7,1,29
BRDA:76,8,0,0
BRDA:76,8,1,1111
BRDA:77,9,0,0
BRDA:77,9,1,0
BRDA:79,10,0,0
BRDA:79,10,1,0
BRDA:89,11,0,1067
BRDA:89,11,1,29
BRDA:97,12,0,2
BRDA:97,12,1,1109
BRDA:98,13,0,0
BRDA:98,13,1,2
BRDA:101,14,0,1109
BRDA:101,14,1,0
BRDA:109,15,0,0
BRDA:109,15,1,2
BRF:34
BRH:18
end_of_record
TN:
SF:/home/cpetinal/datos/ws/pit/cpetinal/egeo/projects/egeo/src/lib/directives/form/form-directives.module.ts
FN:28,(anonymous_2)
FNF:1
FNH:1
FNDA:157,(anonymous_2)
DA:17,1
DA:28,1
DA:29,1
LF:3
LH:3
BRF:0
BRH:0
end_of_record
TN:
SF:/home/cpetinal/datos/ws/pit/cpetinal/egeo/projects/egeo/src/lib/directives/form/st-max-validator/st-max-validator.ts
FN:21,(anonymous_3)
FN:27,(anonymous_5)
FN:34,(anonymous_6)
FN:38,(anonymous_7)
FN:42,(anonymous_8)
FN:17,(anonymous_9)
FNF:6
FNH:6
FNDA:844,(anonymous_3)
FNDA:847,(anonymous_5)
FNDA:5042,(anonymous_6)
FNDA:838,(anonymous_7)
FNDA:847,(anonymous_8)
FNDA:156,(anonymous_9)
DA:17,156
DA:21,1
DA:22,1
DA:27,1
DA:28,847
DA:29,847
DA:30,847
DA:34,1
DA:35,5042
DA:38,1
DA:39,838
DA:42,1
DA:43,847
DA:45,1
LF:14
LH:14
BRDA:28,0,0,847
BRDA:28,0,1,0
BRDA:30,1,0,3
BRDA:30,1,1,844
BRDA:35,2,0,3476
BRDA:35,2,1,1566
BRF:6
BRH:5
end_of_record
TN:
SF:/home/cpetinal/datos/ws/pit/cpetinal/egeo/projects/egeo/src/lib/directives/form/st-min-validator/st-min-validator.ts
FN:20,(anonymous_3)
FN:27,(anonymous_5)
FN:34,(anonymous_6)
FN:38,(anonymous_7)
FN:42,(anonymous_8)
FN:17,(anonymous_9)
FNF:6
FNH:6
FNDA:844,(anonymous_3)
FNDA:847,(anonymous_5)
FNDA:5042,(anonymous_6)
FNDA:838,(anonymous_7)
FNDA:847,(anonymous_8)
FNDA:156,(anonymous_9)
DA:17,156
DA:20,1
DA:21,1
DA:27,1
DA:28,847
DA:29,847
DA:30,847
DA:34,1
DA:35,5042
DA:38,1
DA:39,838
DA:42,1
DA:43,847
DA:45,1
LF:14
LH:14
BRDA:28,0,0,847
BRDA:28,0,1,0
BRDA:30,1,0,3
BRDA:30,1,1,844
BRDA:35,2,0,3693
BRDA:35,2,1,1349
BRF:6
BRH:5
end_of_record
TN:
SF:/home/cpetinal/datos/ws/pit/cpetinal/egeo/projects/egeo/src/lib/directives/st-click-outside/st-click-outside.directive.ts
FN:14,(anonymous_3)
FN:17,StClickOutside
FN:20,(anonymous_5)
FNF:3
FNH:3
FNDA:1,(anonymous_3)
FNDA:1038,StClickOutside
FNDA:104,(anonymous_5)
DA:14,1
DA:15,1038
DA:17,1038
DA:20,1
DA:21,104
DA:22,104
DA:23,63
DA:26,1
LF:8
LH:8
BRDA:22,0,0,63
BRDA:22,0,1,41
BRDA:22,1,0,104
BRDA:22,1,1,104
BRF:4
BRH:4
end_of_record
TN:
SF:/home/cpetinal/datos/ws/pit/cpetinal/egeo/projects/egeo/src/lib/directives/st-click-outside/st-click-outside.module.ts
FN:20,(anonymous_2)
FNF:1
FNH:1
FNDA:332,(anonymous_2)
DA:20,1
LF:1
LH:1
BRF:0
BRH:0
end_of_record
TN:
SF:/home/cpetinal/datos/ws/pit/cpetinal/egeo/projects/egeo/src/lib/directives/st-input-adjustable/st-input-adjustable.ts
FN:22,(anonymous_3)
FN:28,StInputAdjustable
FN:32,(anonymous_5)
FN:34,(anonymous_6)
FN:37,(anonymous_7)
FN:43,(anonymous_8)
FNF:6
FNH:6
FNDA:1,(anonymous_3)
FNDA:3,StInputAdjustable
FNDA:4,(anonymous_5)
FNDA:5,(anonymous_6)
FNDA:5,(anonymous_7)
FNDA:4,(anonymous_8)
DA:22,1
DA:23,1
DA:28,3
DA:29,3
DA:32,4
DA:33,4
DA:34,4
DA:35,5
DA:36,5
DA:37,5
DA:38,5
DA:43,1
DA:44,4
DA:45,4
DA:46,4
DA:48,4
DA:49,4
DA:50,3
DA:51,3
DA:54,4
DA:55,4
DA:56,4
DA:57,4
DA:58,4
DA:59,4
DA:60,4
DA:63,1
LF:27
LH:27
BRDA:35,0,0,5
BRDA:35,0,1,4
BRDA:44,1,0,4
BRDA:44,1,1,0
BRDA:49,2,0,3
BRDA:49,2,1,1
BRF:6
BRH:5
end_of_record
TN:
SF:/home/cpetinal/datos/ws/pit/cpetinal/egeo/projects/egeo/src/lib/pipes/pipes.module.ts
FN:22,(anonymous_2)
FNF:1
FNH:1
FNDA:127,(anonymous_2)
DA:22,1
LF:1
LH:1
BRF:0
BRH:0
end_of_record
TN:
SF:/home/cpetinal/datos/ws/pit/cpetinal/egeo/projects/egeo/src/lib/pipes/search-filter/search-filter.pipe.ts
FN:16,(anonymous_2)
FN:17,(anonymous_4)
FN:23,(anonymous_5)
FN:29,(anonymous_6)
FN:36,(anonymous_7)
FN:40,(anonymous_8)
FN:44,(anonymous_9)
FNF:7
FNH:7
FNDA:16,(anonymous_2)
FNDA:26,(anonymous_4)
FNDA:29,(anonymous_5)
FNDA:29,(anonymous_6)
FNDA:142,(anonymous_7)
FNDA:113,(anonymous_8)
FNDA:26,(anonymous_9)
DA:16,1
DA:17,26
DA:18,26
DA:19,24
DA:20,11
DA:22,13
DA:23,29
DA:25,4
DA:29,1
DA:30,29
DA:31,29
DA:33,0
DA:36,1
DA:37,142
DA:40,1
DA:41,113
DA:44,1
DA:45,26
DA:46,2
DA:49,1
LF:20
LH:19
BRDA:19,0,0,11
BRDA:19,0,1,13
BRDA:22,1,0,9
BRDA:22,1,1,4
BRDA:22,2,0,13
BRDA:22,2,1,11
BRDA:22,2,2,10
BRDA:30,3,0,29
BRDA:30,3,1,0
BRDA:30,4,0,29
BRDA:30,4,1,29
BRDA:30,4,2,29
BRDA:30,4,3,29
BRDA:37,5,0,142
BRDA:37,5,1,141
BRDA:41,6,0,113
BRDA:41,6,1,111
BRDA:45,7,0,2
BRDA:45,7,1,24
BRF:19
BRH:18
end_of_record
TN:
SF:/home/cpetinal/datos/ws/pit/cpetinal/egeo/projects/egeo/src/lib/pipes/st-object-to-array/st-object-to-array.pipe.ts
FN:14,(anonymous_2)
FN:15,(anonymous_4)
FN:16,(anonymous_5)
FNF:3
FNH:3
FNDA:134,(anonymous_2)
FNDA:164,(anonymous_4)
FNDA:968,(anonymous_5)
DA:14,1
DA:15,1
DA:16,968
DA:18,1
LF:4
LH:4
BRDA:16,0,0,161
BRDA:16,0,1,3
BRF:2
BRH:2
end_of_record
TN:
SF:/home/cpetinal/datos/ws/pit/cpetinal/egeo/projects/egeo/src/lib/st-alerts/st-alerts.component.ts
FN:40,(anonymous_3)
FN:46,StAlertsComponent
FNF:2
FNH:2
FNDA:1,(anonymous_3)
FNDA:1,StAlertsComponent
DA:40,1
DA:42,1
DA:44,1
DA:47,1
DA:49,1
LF:5
LH:5
BRF:0
BRH:0
end_of_record
TN:
SF:/home/cpetinal/datos/ws/pit/cpetinal/egeo/projects/egeo/src/lib/st-alerts/st-alerts.model.ts
FN:14,(anonymous_1)
FN:16,(anonymous_2)
FN:21,(anonymous_4)
FN:29,StAlert
FN:39,(anonymous_6)
FN:43,(anonymous_7)
FN:47,(anonymous_8)
FN:51,(anonymous_9)
FN:59,(anonymous_10)
FN:63,(anonymous_11)
FN:68,(anonymous_12)
FN:70,(anonymous_13)
FN:73,(anonymous_14)
FN:86,(anonymous_15)
FN:92,(anonymous_16)
FN:96,(anonymous_17)
FN:100,(anonymous_18)
FN:102,(anonymous_19)
FNF:18
FNH:18
FNDA:1,(anonymous_1)
FNDA:1,(anonymous_2)
FNDA:1,(anonymous_4)
FNDA:21,StAlert
FNDA:25,(anonymous_6)
FNDA:5,(anonymous_7)
FNDA:16,(anonymous_8)
FNDA:1,(anonymous_9)
FNDA:1,(anonymous_10)
FNDA:4,(anonymous_11)
FNDA:31,(anonymous_12)
FNDA:309,(anonymous_13)
FNDA:309,(anonymous_14)
FNDA:10,(anonymous_15)
FNDA:53,(anonymous_16)
FNDA:1,(anonymous_17)
FNDA:12,(anonymous_18)
FNDA:11,(anonymous_19)
DA:14,1
DA:16,1
DA:19,1
DA:21,1
DA:24,21
DA:25,21
DA:26,21
DA:27,21
DA:30,21
DA:31,21
DA:32,21
DA:33,21
DA:34,21
DA:35,21
DA:36,21
DA:39,1
DA:40,25
DA:43,1
DA:44,5
DA:47,1
DA:48,16
DA:51,1
DA:52,1
DA:53,1
DA:54,1
DA:55,1
DA:56,1
DA:59,1
DA:60,1
DA:63,1
DA:64,4
DA:68,31
DA:69,31
DA:70,309
DA:73,1
DA:74,309
DA:75,309
DA:76,21
DA:77,21
DA:78,11
DA:80,10
DA:83,309
DA:86,1
DA:87,10
DA:88,10
DA:89,10
DA:92,1
DA:93,53
DA:96,1
DA:97,1
DA:100,12
DA:101,12
DA:102,12
DA:104,1
LF:54
LH:54
BRDA:14,0,0,1
BRDA:14,0,1,1
BRDA:74,1,0,161
BRDA:74,1,1,148
BRDA:75,2,0,21
BRDA:75,2,1,288
BRDA:75,3,0,309
BRDA:75,3,1,298
BRDA:77,4,0,11
BRDA:77,4,1,10
BRDA:101,5,0,1
BRDA:101,5,1,11
BRF:12
BRH:12
end_of_record
TN:
SF:/home/cpetinal/datos/ws/pit/cpetinal/egeo/projects/egeo/src/lib/st-alerts/st-alerts.module.ts
FN:22,(anonymous_2)
FNF:1
FNH:1
FNDA:1,(anonymous_2)
DA:22,1
LF:1
LH:1
BRF:0
BRH:0
end_of_record
TN:
SF:/home/cpetinal/datos/ws/pit/cpetinal/egeo/projects/egeo/src/lib/st-alerts/st-alerts.service.ts
FN:17,(anonymous_2)
FN:16,StAlertsService
FN:23,(anonymous_4)
FN:27,(anonymous_5)
FN:31,(anonymous_6)
FN:36,(anonymous_7)
FN:41,(anonymous_8)
FN:42,(anonymous_9)
FNF:8
FNH:8
FNDA:1,(anonymous_2)
FNDA:3,StAlertsService
FNDA:6,(anonymous_4)
FNDA:4,(anonymous_5)
FNDA:1,(anonymous_6)
FNDA:4,(anonymous_7)
FNDA:1,(anonymous_8)
FNDA:1,(anonymous_9)
DA:17,1
DA:18,3
DA:19,3
DA:21,3
DA:23,1
DA:24,6
DA:27,4
DA:28,4
DA:29,4
DA:30,4
DA:31,4
DA:32,4
DA:33,4
DA:36,1
DA:37,4
DA:38,4
DA:41,1
DA:42,1
DA:43,1
DA:44,1
DA:46,1
LF:21
LH:21
BRDA:28,0,0,1
BRDA:28,0,1,3
BRDA:29,1,0,1
BRDA:29,1,1,3
BRF:4
BRH:4
end_of_record
TN:
SF:/home/cpetinal/datos/ws/pit/cpetinal/egeo/projects/egeo/src/lib/st-alerts/alert-box/st-alert-box.component.ts
FN:40,(anonymous_3)
FN:54,StAlertBoxComponent
FN:57,(anonymous_5)
FN:58,(anonymous_6)
FN:67,(anonymous_7)
FN:72,(anonymous_8)
FN:82,(anonymous_9)
FN:92,(anonymous_10)
FN:96,(anonymous_11)
FN:101,(anonymous_12)
FNF:10
FNH:10
FNDA:1,(anonymous_3)
FNDA:12,StAlertBoxComponent
FNDA:12,(anonymous_5)
FNDA:216,(anonymous_6)
FNDA:2,(anonymous_7)
FNDA:17,(anonymous_8)
FNDA:17,(anonymous_9)
FNDA:1,(anonymous_10)
FNDA:216,(anonymous_11)
FNDA:5,(anonymous_12)
DA:40,1
DA:42,1
DA:44,12
DA:46,12
DA:48,12
DA:51,12
DA:54,12
DA:57,12
DA:58,216
DA:59,12
DA:60,12
DA:61,5
DA:63,12
DA:64,12
DA:67,1
DA:68,2
DA:69,2
DA:72,1
DA:73,17
DA:74,10
DA:75,2
DA:76,2
DA:77,1
DA:78,2
DA:82,1
DA:83,17
DA:84,10
DA:85,2
DA:86,2
DA:87,1
DA:88,2
DA:92,1
DA:93,1
DA:96,1
DA:97,216
DA:98,216
DA:101,1
DA:102,5
DA:103,2
DA:104,1
DA:105,1
DA:106,1
DA:109,1
LF:43
LH:43
BRDA:60,0,0,5
BRDA:60,0,1,7
BRDA:74,1,0,10
BRDA:74,1,1,2
BRDA:74,1,2,2
BRDA:74,1,3,1
BRDA:74,1,4,2
BRDA:84,2,0,10
BRDA:84,2,1,2
BRDA:84,2,2,2
BRDA:84,2,3,1
BRDA:84,2,4,2
BRDA:103,3,0,2
BRDA:103,3,1,1
BRDA:103,3,2,1
BRDA:103,3,3,1
BRF:16
BRH:16
end_of_record
TN:
SF:/home/cpetinal/datos/ws/pit/cpetinal/egeo/projects/egeo/src/lib/st-alerts/alert-box/st-alert-box.module.ts
FN:20,(anonymous_2)
FNF:1
FNH:1
FNDA:1,(anonymous_2)
DA:20,1
LF:1
LH:1
BRF:0
BRH:0
end_of_record
TN:
SF:/home/cpetinal/datos/ws/pit/cpetinal/egeo/projects/egeo/src/lib/st-breadcrumbs/st-breadcrumbs.component.ts
FN:53,(anonymous_3)
FN:47,StBreadCrumbsComponent
FN:69,(anonymous_5)
FN:73,(anonymous_6)
FN:81,(anonymous_7)
FN:88,(anonymous_8)
FN:92,(anonymous_9)
FN:96,(anonymous_10)
FN:100,(anonymous_11)
FN:104,(anonymous_12)
FNF:10
FNH:10
FNDA:1,(anonymous_3)
FNDA:16,StBreadCrumbsComponent
FNDA:16,(anonymous_5)
FNDA:3,(anonymous_6)
FNDA:3,(anonymous_7)
FNDA:3,(anonymous_8)
FNDA:210,(anonymous_9)
FNDA:73,(anonymous_10)
FNDA:209,(anonymous_11)
FNDA:18,(anonymous_12)
DA:53,1
DA:55,16
DA:57,16
DA:59,16
DA:61,1
DA:64,16
DA:66,16
DA:67,16
DA:69,1
DA:70,16
DA:73,1
DA:74,3
DA:75,2
DA:76,2
DA:77,2
DA:81,1
DA:82,3
DA:83,3
DA:84,2
DA:88,1
DA:89,3
DA:92,1
DA:93,210
DA:96,1
DA:97,73
DA:100,1
DA:101,209
DA:104,1
DA:105,18
DA:106,16
DA:107,16
DA:108,16
DA:109,16
DA:111,2
DA:112,2
DA:115,1
LF:36
LH:36
BRDA:74,0,0,2
BRDA:74,0,1,1
BRDA:74,1,0,3
BRDA:74,1,1,2
BRDA:75,2,0,1
BRDA:75,2,1,1
BRDA:76,3,0,1
BRDA:76,3,1,1
BRDA:82,4,0,2
BRDA:82,4,1,1
BRDA:83,5,0,2
BRDA:83,5,1,1
BRDA:93,6,0,177
BRDA:93,6,1,33
BRDA:97,7,0,72
BRDA:97,7,1,1
BRDA:101,8,0,209
BRDA:101,8,1,177
BRDA:105,9,0,16
BRDA:105,9,1,2
BRF:20
BRH:20
end_of_record
TN:
SF:/home/cpetinal/datos/ws/pit/cpetinal/egeo/projects/egeo/src/lib/st-breadcrumbs/st-breadcrumbs.interface.ts
FN:12,(anonymous_1)
FN:18,(anonymous_3)
FNF:2
FNH:2
FNDA:1,(anonymous_1)
FNDA:1,(anonymous_3)
DA:12,1
DA:16,1
DA:18,1
LF:3
LH:3
BRDA:18,0,0,1
BRDA:18,0,1,1
BRF:2
BRH:2
end_of_record
TN:
SF:/home/cpetinal/datos/ws/pit/cpetinal/egeo/projects/egeo/src/lib/st-breadcrumbs/st-breadcrumbs.module.ts
FN:22,(anonymous_2)
FNF:1
FNH:1
FNDA:1,(anonymous_2)
DA:22,1
LF:1
LH:1
BRF:0
BRH:0
end_of_record
TN:
SF:/home/cpetinal/datos/ws/pit/cpetinal/egeo/projects/egeo/src/lib/st-breadcrumbs/st-breadcrumbs-item/st-breadcrumbs-item.component.ts
FN:18,(anonymous_3)
FN:20,(anonymous_5)
FN:24,(anonymous_6)
FNF:3
FNH:3
FNDA:3,(anonymous_3)
FNDA:5,(anonymous_5)
FNDA:1,(anonymous_6)
DA:18,1
DA:20,2
DA:21,5
DA:25,1
DA:28,1
DA:31,1
LF:6
LH:6
BRF:0
BRH:0
end_of_record
TN:
SF:/home/cpetinal/datos/ws/pit/cpetinal/egeo/projects/egeo/src/lib/st-bubble/st-bubble.component.ts
FN:34,(anonymous_3)
FN:29,StBubbleComponent
FNF:2
FNH:2
FNDA:1,(anonymous_3)
FNDA:19,StBubbleComponent
DA:34,1
DA:37,1
DA:39,19
DA:41,19
DA:43,19
DA:45,19
DA:47,19
DA:49,19
DA:51,1
DA:53,1
DA:55,19
DA:57,1
LF:12
LH:12
BRF:0
BRH:0
end_of_record
TN:
SF:/home/cpetinal/datos/ws/pit/cpetinal/egeo/projects/egeo/src/lib/st-bubble/st-bubble.module.ts
FN:22,(anonymous_2)
FNF:1
FNH:1
FNDA:295,(anonymous_2)
DA:22,1
LF:1
LH:1
BRF:0
BRH:0
end_of_record
TN:
SF:/home/cpetinal/datos/ws/pit/cpetinal/egeo/projects/egeo/src/lib/st-bubble-on-ellipsis/st-bubble-on-ellipsis.component.ts
FN:44,(anonymous_3)
FN:62,StBubbleOnEllipsisComponent
FN:67,(anonymous_5)
FN:71,(anonymous_6)
FN:77,(anonymous_7)
FN:84,(anonymous_8)
FNF:6
FNH:5
FNDA:1,(anonymous_3)
FNDA:5,StBubbleOnEllipsisComponent
FNDA:76,(anonymous_5)
FNDA:6,(anonymous_6)
FNDA:4,(anonymous_7)
FNDA:0,(anonymous_8)
DA:44,1
DA:47,1
DA:49,1
DA:51,1
DA:53,5
DA:55,1
DA:62,5
DA:67,2
DA:68,76
DA:72,6
DA:73,6
DA:74,6
DA:77,1
DA:78,4
DA:80,2
DA:84,1
DA:85,0
DA:88,1
LF:18
LH:17
BRDA:73,0,0,1
BRDA:73,0,1,5
BRDA:78,1,0,2
BRDA:78,1,1,2
BRDA:78,2,0,4
BRDA:78,2,1,3
BRF:6
BRH:6
end_of_record
TN:
SF:/home/cpetinal/datos/ws/pit/cpetinal/egeo/projects/egeo/src/lib/st-bubble-on-ellipsis/st-bubble-on-ellipsis.module.ts
FN:22,(anonymous_2)
FNF:1
FNH:1
FNDA:1,(anonymous_2)
DA:22,1
LF:1
LH:1
BRF:0
BRH:0
end_of_record
TN:
SF:/home/cpetinal/datos/ws/pit/cpetinal/egeo/projects/egeo/src/lib/st-checkbox/st-checkbox.component.ts
FN:17,(anonymous_3)
FN:44,(anonymous_4)
FN:75,StCheckboxComponent
FN:81,(anonymous_6)
FN:83,(anonymous_7)
FN:46,(anonymous_8)
FN:50,(anonymous_9)
FN:85,(anonymous_10)
FN:89,(anonymous_11)
FN:99,(anonymous_12)
FN:103,(anonymous_13)
FN:108,(anonymous_14)
FN:112,(anonymous_15)
FN:116,(anonymous_16)
FNF:14
FNH:13
FNDA:206,(anonymous_3)
FNDA:1,(anonymous_4)
FNDA:80,StCheckboxComponent
FNDA:8,(anonymous_6)
FNDA:0,(anonymous_7)
FNDA:397,(anonymous_8)
FNDA:85,(anonymous_9)
FNDA:151,(anonymous_10)
FNDA:11,(anonymous_11)
FNDA:10,(anonymous_12)
FNDA:97,(anonymous_13)
FNDA:46,(anonymous_14)
FNDA:46,(anonymous_15)
FNDA:4,(anonymous_16)
DA:14,1
DA:17,206
DA:44,1
DA:46,2
DA:47,397
DA:51,85
DA:52,81
DA:53,81
DA:57,1
DA:59,1
DA:61,1
DA:63,1
DA:65,1
DA:67,1
DA:69,1
DA:71,80
DA:73,80
DA:76,80
DA:81,80
DA:83,80
DA:85,1
DA:86,151
DA:89,1
DA:90,11
DA:91,11
DA:92,10
DA:93,10
DA:94,10
DA:99,1
DA:100,10
DA:103,1
DA:104,97
DA:105,97
DA:108,1
DA:109,46
DA:112,1
DA:113,46
DA:116,1
DA:117,4
DA:118,4
DA:121,1
LF:41
LH:41
BRDA:51,0,0,81
BRDA:51,0,1,4
BRDA:86,1,0,151
BRDA:86,1,1,36
BRDA:90,2,0,11
BRDA:90,2,1,0
BRDA:91,3,0,10
BRDA:91,3,1,1
BRF:8
BRH:7
end_of_record
TN:
SF:/home/cpetinal/datos/ws/pit/cpetinal/egeo/projects/egeo/src/lib/st-checkbox/st-checkbox.module.ts
FN:22,(anonymous_2)
FNF:1
FNH:1
FNDA:201,(anonymous_2)
DA:22,1
DA:23,1
LF:2
LH:2
BRF:0
BRH:0
end_of_record
TN:
SF:/home/cpetinal/datos/ws/pit/cpetinal/egeo/projects/egeo/src/lib/st-color-picker/st-color-picker.component.ts
FN:41,(anonymous_3)
FN:32,StColorPickerComponent
FN:53,(anonymous_5)
FN:58,(anonymous_6)
FN:62,(anonymous_7)
FN:66,(anonymous_8)
FN:70,(anonymous_9)
FN:75,(anonymous_10)
FN:80,(anonymous_11)
FN:91,(anonymous_12)
FN:96,(anonymous_13)
FN:100,(anonymous_14)
FN:37,(anonymous_15)
FNF:13
FNH:10
FNDA:1,(anonymous_3)
FNDA:4,StColorPickerComponent
FNDA:1,(anonymous_5)
FNDA:0,(anonymous_6)
FNDA:33,(anonymous_7)
FNDA:0,(anonymous_8)
FNDA:1,(anonymous_9)
FNDA:32,(anonymous_10)
FNDA:2,(anonymous_11)
FNDA:2,(anonymous_12)
FNDA:2,(anonymous_13)
FNDA:0,(anonymous_14)
FNDA:4,(anonymous_15)
DA:32,4
DA:37,4
DA:41,1
DA:43,1
DA:45,1
DA:47,4
DA:53,4
DA:54,1
DA:55,1
DA:58,4
DA:62,2
DA:63,33
DA:67,0
DA:70,1
DA:71,1
DA:72,1
DA:75,1
DA:76,32
DA:80,1
DA:81,2
DA:82,2
DA:83,2
DA:84,2
DA:85,0
DA:91,1
DA:92,2
DA:96,1
DA:97,2
DA:100,1
DA:101,0
DA:103,1
LF:31
LH:28
BRDA:81,0,0,2
BRDA:81,0,1,0
BRDA:84,1,0,0
BRDA:84,1,1,2
BRF:4
BRH:2
end_of_record
TN:
SF:/home/cpetinal/datos/ws/pit/cpetinal/egeo/projects/egeo/src/lib/st-color-picker/st-color-picker.module.ts
FN:24,(anonymous_2)
FNF:1
FNH:1
FNDA:1,(anonymous_2)
DA:24,1
DA:25,1
LF:2
LH:2
BRF:0
BRH:0
end_of_record
TN:
SF:/home/cpetinal/datos/ws/pit/cpetinal/egeo/projects/egeo/src/lib/st-docs/st-docs.component.ts
FN:23,(anonymous_3)
FN:44,StDocsComponent
FN:46,(anonymous_5)
FN:47,(anonymous_6)
FN:49,(anonymous_7)
FN:58,(anonymous_8)
FN:62,(anonymous_9)
FN:66,(anonymous_10)
FN:70,(anonymous_11)
FN:85,(anonymous_12)
FN:86,(anonymous_13)
FNF:11
FNH:11
FNDA:1,(anonymous_3)
FNDA:1,StDocsComponent
FNDA:1,(anonymous_5)
FNDA:1,(anonymous_6)
FNDA:1,(anonymous_7)
FNDA:1,(anonymous_8)
FNDA:1,(anonymous_9)
FNDA:3,(anonymous_10)
FNDA:1,(anonymous_11)
FNDA:3,(anonymous_12)
FNDA:9,(anonymous_13)
DA:23,1
DA:25,1
DA:26,1
DA:27,1
DA:33,1
DA:40,1
DA:44,1
DA:46,1
DA:47,1
DA:48,1
DA:50,1
DA:51,1
DA:52,1
DA:53,1
DA:54,1
DA:58,1
DA:59,1
DA:62,1
DA:63,1
DA:66,1
DA:67,3
DA:70,1
DA:71,1
DA:72,1
DA:75,1
DA:76,1
DA:79,1
DA:81,1
DA:85,1
DA:86,3
DA:87,9
DA:91,1
LF:32
LH:32
BRDA:50,0,0,0
BRDA:50,0,1,1
BRDA:50,1,0,1
BRDA:50,1,1,1
BRDA:51,2,0,0
BRDA:51,2,1,1
BRDA:51,3,0,1
BRDA:51,3,1,1
BRDA:52,4,0,0
BRDA:52,4,1,1
BRDA:52,5,0,1
BRDA:52,5,1,1
BRDA:71,6,0,1
BRDA:71,6,1,0
BRDA:75,7,0,1
BRDA:75,7,1,0
BRDA:79,8,0,1
BRDA:79,8,1,0
BRF:18
BRH:12
end_of_record
TN:
SF:/home/cpetinal/datos/ws/pit/cpetinal/egeo/projects/egeo/src/lib/st-docs/st-docs.module.ts
FN:26,(anonymous_2)
FNF:1
FNH:1
FNDA:2,(anonymous_2)
DA:26,1
DA:27,1
LF:2
LH:2
BRF:0
BRH:0
end_of_record
TN:
SF:/home/cpetinal/datos/ws/pit/cpetinal/egeo/projects/egeo/src/lib/st-docs/st-docs.service.ts
FN:18,(anonymous_3)
FN:20,StDocsService
FN:22,(anonymous_5)
FN:24,(anonymous_6)
FN:25,(anonymous_7)
FNF:5
FNH:4
FNDA:1,(anonymous_3)
FNDA:1,StDocsService
FNDA:3,(anonymous_5)
FNDA:0,(anonymous_6)
FNDA:3,(anonymous_7)
DA:18,1
DA:20,1
DA:22,1
DA:23,3
DA:24,0
DA:26,3
DA:30,1
LF:7
LH:6
BRF:0
BRH:0
end_of_record
TN:
SF:/home/cpetinal/datos/ws/pit/cpetinal/egeo/projects/egeo/src/lib/st-docs/st-prism/st-prism.component.ts
FN:28,(anonymous_3)
FN:23,StPrismComponent
FN:34,(anonymous_5)
FN:42,(anonymous_6)
FN:50,(anonymous_7)
FNF:5
FNH:4
FNDA:1,(anonymous_3)
FNDA:5,StPrismComponent
FNDA:3,(anonymous_5)
FNDA:0,(anonymous_6)
FNDA:3,(anonymous_7)
DA:28,1
DA:29,1
DA:31,5
DA:32,5
DA:34,1
DA:35,3
DA:42,1
DA:43,0
DA:50,1
DA:51,3
DA:53,1
LF:11
LH:10
BRF:0
BRH:0
end_of_record
TN:
SF:/home/cpetinal/datos/ws/pit/cpetinal/egeo/projects/egeo/src/lib/st-docs/st-prism/st-prism.module.ts
FN:23,(anonymous_2)
FNF:1
FNH:1
FNDA:7,(anonymous_2)
DA:23,1
LF:1
LH:1
BRF:0
BRH:0
end_of_record
TN:
SF:/home/cpetinal/datos/ws/pit/cpetinal/egeo/projects/egeo/src/lib/st-draggable-card/st-draggable-card.component.ts
FN:47,(anonymous_3)
FN:40,StDraggableCardComponent
FN:62,(anonymous_5)
FN:67,(anonymous_6)
FN:69,(anonymous_7)
FN:77,(anonymous_8)
FNF:6
FNH:6
FNDA:1,(anonymous_3)
FNDA:6,StDraggableCardComponent
FNDA:10,(anonymous_5)
FNDA:3,(anonymous_6)
FNDA:3,(anonymous_7)
FNDA:3,(anonymous_8)
DA:47,1
DA:49,1
DA:51,6
DA:53,6
DA:57,6
DA:59,1
DA:60,6
DA:62,1
DA:63,10
DA:66,3
DA:67,1
DA:68,3
DA:69,3
DA:70,3
DA:71,3
DA:72,3
DA:73,3
DA:77,1
DA:78,3
DA:79,3
DA:80,3
DA:81,3
DA:83,1
LF:23
LH:23
BRF:0
BRH:0
end_of_record
TN:
SF:/home/cpetinal/datos/ws/pit/cpetinal/egeo/projects/egeo/src/lib/st-draggable-card/st-draggable-card.module.ts
FN:21,(anonymous_2)
FNF:1
FNH:1
FNDA:1,(anonymous_2)
DA:21,1
LF:1
LH:1
BRF:0
BRH:0
end_of_record
TN:
SF:/home/cpetinal/datos/ws/pit/cpetinal/egeo/projects/egeo/src/lib/st-dropdown-menu/st-dropdown-menu.component.ts
FN:56,(anonymous_5)
FN:108,StDropdownMenuComponent
FN:111,(anonymous_7)
FN:117,(anonymous_8)
FN:122,(anonymous_9)
FN:126,(anonymous_10)
FN:130,(anonymous_11)
FN:134,(anonymous_12)
FN:138,(anonymous_13)
FN:142,(anonymous_14)
FN:146,(anonymous_15)
FN:150,(anonymous_16)
FN:154,(anonymous_17)
FN:171,(anonymous_18)
FN:175,(anonymous_19)
FN:182,(anonymous_20)
FN:186,(anonymous_21)
FN:190,(anonymous_22)
FN:196,(anonymous_23)
FN:198,(anonymous_24)
FN:209,(anonymous_25)
FN:216,(anonymous_26)
FN:220,(anonymous_27)
FN:224,(anonymous_28)
FN:234,(anonymous_29)
FN:240,(anonymous_30)
FNF:26
FNH:24
FNDA:1,(anonymous_5)
FNDA:1052,StDropdownMenuComponent
FNDA:1063,(anonymous_7)
FNDA:1535,(anonymous_8)
FNDA:89,(anonymous_9)
FNDA:181,(anonymous_10)
FNDA:89,(anonymous_11)
FNDA:90,(anonymous_12)
FNDA:724,(anonymous_13)
FNDA:186,(anonymous_14)
FNDA:1050,(anonymous_15)
FNDA:1111,(anonymous_16)
FNDA:7,(anonymous_17)
FNDA:18,(anonymous_18)
FNDA:0,(anonymous_19)
FNDA:2,(anonymous_20)
FNDA:2,(anonymous_21)
FNDA:170,(anonymous_22)
FNDA:1050,(anonymous_23)
FNDA:1050,(anonymous_24)
FNDA:1037,(anonymous_25)
FNDA:642,(anonymous_26)
FNDA:7,(anonymous_27)
FNDA:0,(anonymous_28)
FNDA:23,(anonymous_29)
FNDA:7,(anonymous_30)
DA:56,1
DA:59,1052
DA:61,1052
DA:64,1052
DA:66,1052
DA:68,1052
DA:70,1052
DA:72,1052
DA:74,1052
DA:76,1052
DA:78,1052
DA:80,1052
DA:84,1052
DA:87,1052
DA:90,1052
DA:93,1052
DA:95,1052
DA:97,1052
DA:99,1
DA:100,1
DA:102,1052
DA:104,1052
DA:105,1052
DA:108,1052
DA:111,1
DA:112,1063
DA:113,12
DA:117,1
DA:118,1535
DA:119,1535
DA:122,1
DA:123,89
DA:126,1
DA:127,181
DA:130,1
DA:131,89
DA:134,1
DA:135,90
DA:138,1
DA:139,724
DA:142,1
DA:143,186
DA:146,1
DA:147,1050
DA:150,1111
DA:151,1111
DA:154,7
DA:155,7
DA:156,7
DA:157,7
DA:158,7
DA:159,7
DA:160,7
DA:165,1104
DA:166,1047
DA:171,1
DA:172,18
DA:175,1
DA:176,0
DA:177,0
DA:178,0
DA:182,1
DA:183,2
DA:186,1
DA:187,2
DA:190,1
DA:191,170
DA:194,1050
DA:196,2
DA:197,1050
DA:198,1050
DA:199,1050
DA:200,160
DA:202,890
DA:204,1050
DA:209,1
DA:210,1037
DA:211,12
DA:216,1
DA:217,642
DA:220,7
DA:221,7
DA:222,5
DA:223,5
DA:224,0
DA:225,0
DA:226,0
DA:228,0
DA:232,5
DA:234,23
DA:236,2
DA:240,1
DA:241,7
DA:242,7
DA:243,5
DA:246,7
DA:247,7
DA:248,7
DA:249,7
DA:250,7
DA:251,7
DA:252,1
DA:253,6
DA:254,1
DA:256,7
DA:257,7
DA:260,7
DA:262,1
LF:108
LH:101
BRDA:112,0,0,12
BRDA:112,0,1,1051
BRDA:119,1,0,1466
BRDA:119,1,1,69
BRDA:119,2,0,1535
BRDA:119,2,1,1535
BRDA:123,3,0,77
BRDA:123,3,1,12
BRDA:131,4,0,85
BRDA:131,4,1,4
BRDA:139,5,0,642
BRDA:139,5,1,82
BRDA:139,6,0,724
BRDA:139,6,1,668
BRDA:143,7,0,186
BRDA:143,7,1,178
BRDA:143,7,2,174
BRDA:151,8,0,7
BRDA:151,8,1,1104
BRDA:151,9,0,1111
BRDA:151,9,1,1111
BRDA:151,9,2,1092
BRDA:151,9,3,45
BRDA:151,9,4,7
BRDA:155,10,0,7
BRDA:155,10,1,0
BRDA:158,11,0,7
BRDA:158,11,1,0
BRDA:158,12,0,7
BRDA:158,12,1,7
BRDA:165,13,0,1047
BRDA:165,13,1,57
BRDA:165,14,0,1104
BRDA:165,14,1,1104
BRDA:165,14,2,1085
BRDA:177,15,0,0
BRDA:177,15,1,0
BRDA:177,16,0,0
BRDA:177,16,1,0
BRDA:199,17,0,160
BRDA:199,17,1,890
BRDA:199,18,0,1050
BRDA:199,18,1,1050
BRDA:210,19,0,12
BRDA:210,19,1,1025
BRDA:221,20,0,5
BRDA:221,20,1,2
BRDA:221,21,0,7
BRDA:221,21,1,5
BRDA:223,22,0,0
BRDA:223,22,1,5
BRDA:225,23,0,0
BRDA:225,23,1,0
BRDA:242,24,0,5
BRDA:242,24,1,2
BRDA:246,25,0,7
BRDA:246,25,1,0
BRDA:246,26,0,7
BRDA:246,26,1,3
BRDA:249,27,0,5
BRDA:249,27,1,2
BRDA:249,28,0,7
BRDA:249,28,1,3
BRDA:251,29,0,1
BRDA:251,29,1,6
BRDA:253,30,0,1
BRDA:253,30,1,5
BRDA:256,31,0,7
BRDA:256,31,1,0
BRF:69
BRH:58
end_of_record
TN:
SF:/home/cpetinal/datos/ws/pit/cpetinal/egeo/projects/egeo/src/lib/st-dropdown-menu/st-dropdown-menu.interface.ts
FN:13,(anonymous_1)
FN:14,(anonymous_2)
FN:32,(anonymous_4)
FN:37,(anonymous_6)
FN:44,(anonymous_8)
FN:49,(anonymous_10)
FNF:6
FNH:6
FNDA:1,(anonymous_1)
FNDA:1,(anonymous_2)
FNDA:1,(anonymous_4)
FNDA:1,(anonymous_6)
FNDA:1,(anonymous_8)
FNDA:1,(anonymous_10)
DA:13,1
DA:14,1
DA:30,1
DA:32,1
DA:35,1
DA:37,1
DA:42,1
DA:44,1
DA:47,1
DA:49,1
DA:50,1
LF:11
LH:11
BRDA:13,0,0,1
BRDA:13,0,1,1
BRDA:49,1,0,1
BRDA:49,1,1,1
BRF:4
BRH:4
end_of_record
TN:
SF:/home/cpetinal/datos/ws/pit/cpetinal/egeo/projects/egeo/src/lib/st-dropdown-menu/st-dropdown-menu.module.ts
FN:24,(anonymous_2)
FNF:1
FNH:1
FNDA:275,(anonymous_2)
DA:24,1
LF:1
LH:1
BRF:0
BRH:0
end_of_record
TN:
SF:/home/cpetinal/datos/ws/pit/cpetinal/egeo/projects/egeo/src/lib/st-dropdown-menu/st-dropdown-menu-item/st-dropdown-menu-item.component.ts
FN:20,(anonymous_3)
FN:30,StDropdownMenuItemComponent
FN:34,(anonymous_5)
FN:40,(anonymous_6)
FN:44,(anonymous_7)
FN:49,(anonymous_8)
FN:53,(anonymous_9)
FN:57,(anonymous_10)
FN:61,(anonymous_11)
FN:65,(anonymous_12)
FNF:10
FNH:10
FNDA:1,(anonymous_3)
FNDA:499,StDropdownMenuItemComponent
FNDA:20,(anonymous_5)
FNDA:2,(anonymous_6)
FNDA:768,(anonymous_7)
FNDA:13,(anonymous_8)
FNDA:2,(anonymous_9)
FNDA:781,(anonymous_10)
FNDA:759,(anonymous_11)
FNDA:3843,(anonymous_12)
DA:20,1
DA:21,499
DA:22,499
DA:23,499
DA:24,499
DA:26,499
DA:30,499
DA:34,1
DA:35,20
DA:36,20
DA:40,1
DA:41,2
DA:44,1
DA:45,768
DA:49,1
DA:50,13
DA:53,1
DA:54,2
DA:57,1
DA:58,781
DA:61,1
DA:62,759
DA:65,1
DA:66,3843
DA:68,1
LF:25
LH:25
BRDA:35,0,0,20
BRDA:35,0,1,0
BRDA:45,1,0,768
BRDA:45,1,1,767
BRDA:45,1,2,6
BRDA:45,1,3,765
BRDA:45,1,4,764
BRDA:45,1,5,103
BRDA:45,1,6,15
BRDA:50,2,0,7
BRDA:50,2,1,6
BRDA:54,3,0,2
BRDA:54,3,1,0
BRDA:54,4,0,2
BRDA:54,4,1,2
BRDA:58,5,0,781
BRDA:58,5,1,779
BRDA:58,5,2,14
BRDA:62,6,0,759
BRDA:62,6,1,759
BRDA:62,6,2,12
BRDA:66,7,0,3843
BRDA:66,7,1,3836
BRF:23
BRH:21
end_of_record
TN:
SF:/home/cpetinal/datos/ws/pit/cpetinal/egeo/projects/egeo/src/lib/st-dropdown-menu/st-dropdown-menu-item/st-dropdown-menu-item.module.ts
FN:22,(anonymous_2)
FNF:1
FNH:1
FNDA:275,(anonymous_2)
DA:22,1
LF:1
LH:1
BRF:0
BRH:0
end_of_record
TN:
SF:/home/cpetinal/datos/ws/pit/cpetinal/egeo/projects/egeo/src/lib/st-dynamic-table/st-dynamic-table.component.ts
FN:65,(anonymous_3)
FN:167,StDynamicTableComponent
FN:111,(anonymous_5)
FN:115,(anonymous_6)
FN:172,(anonymous_7)
FN:176,(anonymous_8)
FN:183,(anonymous_9)
FN:187,(anonymous_10)
FN:192,(anonymous_11)
FN:196,(anonymous_12)
FN:202,(anonymous_13)
FN:206,(anonymous_14)
FN:210,(anonymous_15)
FN:214,(anonymous_16)
FN:218,(anonymous_17)
FN:225,(anonymous_18)
FN:228,(anonymous_19)
FN:235,(anonymous_20)
FN:245,(anonymous_21)
FN:250,(anonymous_22)
FN:254,(anonymous_23)
FN:258,(anonymous_24)
FNF:22
FNH:16
FNDA:1,(anonymous_3)
FNDA:29,StDynamicTableComponent
FNDA:78,(anonymous_5)
FNDA:0,(anonymous_6)
FNDA:28,(anonymous_7)
FNDA:33,(anonymous_8)
FNDA:252,(anonymous_9)
FNDA:3,(anonymous_10)
FNDA:5,(anonymous_11)
FNDA:2,(anonymous_12)
FNDA:2,(anonymous_13)
FNDA:2,(anonymous_14)
FNDA:1,(anonymous_15)
FNDA:1,(anonymous_16)
FNDA:0,(anonymous_17)
FNDA:0,(anonymous_18)
FNDA:0,(anonymous_19)
FNDA:234,(anonymous_20)
FNDA:234,(anonymous_21)
FNDA:0,(anonymous_22)
FNDA:0,(anonymous_23)
FNDA:36,(anonymous_24)
DA:65,1
DA:67,1
DA:70,1
DA:72,29
DA:77,29
DA:82,29
DA:86,29
DA:91,29
DA:94,29
DA:97,1
DA:100,1
DA:103,29
DA:105,29
DA:107,29
DA:111,2
DA:112,78
DA:116,0
DA:120,29
DA:123,1
DA:128,1
DA:131,29
DA:134,1
DA:137,29
DA:141,29
DA:143,29
DA:146,29
DA:149,29
DA:151,29
DA:153,29
DA:155,29
DA:157,29
DA:159,29
DA:165,29
DA:167,29
DA:172,2
DA:173,28
DA:177,33
DA:178,33
DA:183,2
DA:184,252
DA:188,3
DA:189,3
DA:192,1
DA:193,5
DA:196,1
DA:197,2
DA:198,1
DA:202,1
DA:203,2
DA:206,1
DA:207,2
DA:210,1
DA:211,1
DA:214,1
DA:215,1
DA:218,1
DA:219,0
DA:225,1
DA:226,0
DA:227,0
DA:228,0
DA:230,0
DA:232,0
DA:235,1
DA:236,234
DA:238,234
DA:239,78
DA:242,234
DA:245,1
DA:246,234
DA:247,234
DA:250,1
DA:251,0
DA:254,1
DA:255,0
DA:258,1
DA:259,36
DA:260,36
DA:261,36
DA:263,1
LF:80
LH:71
BRDA:197,0,0,1
BRDA:197,0,1,1
BRDA:226,1,0,0
BRDA:226,1,1,0
BRDA:230,2,0,0
BRDA:230,2,1,0
BRDA:238,3,0,78
BRDA:238,3,1,156
BRDA:246,4,0,234
BRDA:246,4,1,18
BRDA:247,5,0,234
BRDA:247,5,1,8
BRF:12
BRH:8
end_of_record
TN:
SF:/home/cpetinal/datos/ws/pit/cpetinal/egeo/projects/egeo/src/lib/st-dynamic-table/st-dynamic-table.module.ts
FN:24,(anonymous_2)
FNF:1
FNH:1
FNDA:1,(anonymous_2)
DA:24,1
DA:25,1
LF:2
LH:2
BRF:0
BRH:0
end_of_record
TN:
SF:/home/cpetinal/datos/ws/pit/cpetinal/egeo/projects/egeo/src/lib/st-dynamic-table/utils/st-dynamic-table.utils.ts
FN:16,(anonymous_1)
FN:18,(anonymous_3)
FN:24,(anonymous_4)
FN:53,(anonymous_5)
FN:60,(anonymous_6)
FN:76,(anonymous_7)
FN:80,(anonymous_8)
FNF:7
FNH:6
FNDA:1,(anonymous_1)
FNDA:48,(anonymous_3)
FNDA:172,(anonymous_4)
FNDA:128,(anonymous_5)
FNDA:129,(anonymous_6)
FNDA:128,(anonymous_7)
FNDA:0,(anonymous_8)
DA:16,1
DA:18,48
DA:19,48
DA:21,48
DA:22,44
DA:23,44
DA:24,44
DA:25,172
DA:26,172
DA:27,129
DA:28,129
DA:29,129
DA:30,128
DA:31,128
DA:33,128
DA:50,48
DA:53,1
DA:55,128
DA:56,43
DA:60,43
DA:61,129
DA:66,85
DA:67,0
DA:73,128
DA:76,1
DA:78,128
DA:79,0
DA:80,0
DA:87,128
DA:89,1
LF:30
LH:27
BRDA:21,0,0,44
BRDA:21,0,1,4
BRDA:21,1,0,48
BRDA:21,1,1,45
BRDA:23,2,0,44
BRDA:23,2,1,0
BRDA:26,3,0,129
BRDA:26,3,1,43
BRDA:26,4,0,172
BRDA:26,4,1,172
BRDA:27,5,0,129
BRDA:27,5,1,24
BRDA:28,6,0,129
BRDA:28,6,1,9
BRDA:29,7,0,128
BRDA:29,7,1,1
BRDA:31,8,0,128
BRDA:31,8,1,8
BRDA:35,9,0,128
BRDA:35,9,1,0
BRDA:37,10,0,128
BRDA:37,10,1,8
BRDA:38,11,0,0
BRDA:38,11,1,128
BRDA:38,12,0,128
BRDA:38,12,1,8
BRDA:40,13,0,128
BRDA:40,13,1,43
BRDA:40,13,2,43
BRDA:40,13,3,43
BRDA:42,14,0,0
BRDA:42,14,1,128
BRDA:42,15,0,128
BRDA:42,15,1,8
BRDA:43,16,0,128
BRDA:43,16,1,0
BRDA:55,17,0,43
BRDA:55,17,1,85
BRDA:55,18,0,128
BRDA:55,18,1,43
BRDA:66,19,0,0
BRDA:66,19,1,85
BRDA:66,20,0,85
BRDA:66,20,1,7
BRDA:78,21,0,0
BRDA:78,21,1,128
BRDA:78,22,0,128
BRDA:78,22,1,8
BRDA:78,22,2,0
BRDA:83,23,0,0
BRDA:83,23,1,0
BRF:51
BRH:41
end_of_record
TN:
SF:/home/cpetinal/datos/ws/pit/cpetinal/egeo/projects/egeo/src/lib/st-file-button/st-file-button.component.ts
FN:36,(anonymous_3)
FN:30,StFileButtonComponent
FN:52,(anonymous_5)
FN:56,(anonymous_6)
FN:66,(anonymous_7)
FNF:5
FNH:5
FNDA:1,(anonymous_3)
FNDA:9,StFileButtonComponent
FNDA:9,(anonymous_5)
FNDA:5,(anonymous_6)
FNDA:5,(anonymous_7)
DA:36,1
DA:38,1
DA:40,9
DA:42,9
DA:44,1
DA:46,9
DA:48,9
DA:52,1
DA:53,9
DA:56,1
DA:57,5
DA:58,5
DA:59,3
DA:61,2
DA:63,5
DA:66,1
DA:67,5
DA:68,8
DA:69,8
DA:71,2
DA:75,3
DA:77,1
LF:22
LH:22
BRDA:58,0,0,3
BRDA:58,0,1,2
BRDA:69,1,0,2
BRDA:69,1,1,6
BRDA:69,2,0,8
BRDA:69,2,1,6
BRDA:69,2,2,7
BRDA:69,2,3,2
BRF:8
BRH:8
end_of_record
TN:
SF:/home/cpetinal/datos/ws/pit/cpetinal/egeo/projects/egeo/src/lib/st-file-button/st-file-button.module.ts
FN:21,(anonymous_2)
FNF:1
FNH:1
FNDA:1,(anonymous_2)
DA:21,1
LF:1
LH:1
BRF:0
BRH:0
end_of_record
TN:
SF:/home/cpetinal/datos/ws/pit/cpetinal/egeo/projects/egeo/src/lib/st-filter-selector/st-filter-selector.component.ts
FN:44,(anonymous_3)
FN:37,StFilterSelectorComponent
FN:67,(anonymous_5)
FN:69,(anonymous_6)
FN:76,(anonymous_7)
FN:80,(anonymous_8)
FN:84,(anonymous_9)
FN:88,(anonymous_10)
FN:92,(anonymous_11)
FNF:9
FNH:9
FNDA:1,(anonymous_3)
FNDA:8,StFilterSelectorComponent
FNDA:9,(anonymous_5)
FNDA:9,(anonymous_6)
FNDA:1,(anonymous_7)
FNDA:1,(anonymous_8)
FNDA:1,(anonymous_9)
FNDA:1,(anonymous_10)
FNDA:1,(anonymous_11)
DA:44,1
DA:46,8
DA:48,1
DA:50,1
DA:52,8
DA:54,8
DA:56,8
DA:58,8
DA:60,8
DA:62,8
DA:64,8
DA:67,9
DA:68,9
DA:69,9
DA:70,9
DA:71,9
DA:76,1
DA:77,1
DA:80,1
DA:81,1
DA:84,1
DA:85,1
DA:88,1
DA:89,1
DA:92,1
DA:93,1
DA:95,1
LF:27
LH:27
BRDA:68,0,0,0
BRDA:68,0,1,9
BRDA:70,1,0,9
BRDA:70,1,1,0
BRDA:70,2,0,9
BRDA:70,2,1,9
BRDA:70,2,2,9
BRF:7
BRH:5
end_of_record
TN:
SF:/home/cpetinal/datos/ws/pit/cpetinal/egeo/projects/egeo/src/lib/st-filter-selector/st-filter-selector.module.ts
FN:23,(anonymous_2)
FNF:1
FNH:1
FNDA:1,(anonymous_2)
DA:23,1
DA:24,1
LF:2
LH:2
BRF:0
BRH:0
end_of_record
TN:
SF:/home/cpetinal/datos/ws/pit/cpetinal/egeo/projects/egeo/src/lib/st-footer/st-footer.component.ts
FN:22,(anonymous_3)
FN:30,StFooterComponent
FN:34,(anonymous_5)
FNF:3
FNH:3
FNDA:1,(anonymous_3)
FNDA:7,StFooterComponent
FNDA:1,(anonymous_5)
DA:22,1
DA:24,1
DA:25,7
DA:26,1
DA:27,1
DA:28,7
DA:31,7
DA:34,1
DA:35,1
DA:36,1
DA:39,1
DA:40,0
DA:43,1
DA:47,1
LF:14
LH:13
BRDA:35,0,0,1
BRDA:35,0,1,0
BRDA:39,1,0,0
BRDA:39,1,1,1
BRF:4
BRH:2
end_of_record
TN:
SF:/home/cpetinal/datos/ws/pit/cpetinal/egeo/projects/egeo/src/lib/st-footer/st-footer.module.ts
FN:22,(anonymous_2)
FNF:1
FNH:1
FNDA:1,(anonymous_2)
DA:22,1
LF:1
LH:1
BRF:0
BRH:0
end_of_record
TN:
SF:/home/cpetinal/datos/ws/pit/cpetinal/egeo/projects/egeo/src/lib/st-foreground-notifications/st-foreground-notifications.model.ts
FN:14,(anonymous_1)
FN:18,StatusNotification
FNF:2
FNH:2
FNDA:1,(anonymous_1)
FNDA:33,StatusNotification
DA:14,1
DA:18,33
DA:19,33
DA:20,33
DA:22,1
LF:5
LH:5
BRF:0
BRH:0
end_of_record
TN:
SF:/home/cpetinal/datos/ws/pit/cpetinal/egeo/projects/egeo/src/lib/st-foreground-notifications/st-foreground-notifications.module.ts
FN:26,(anonymous_2)
FNF:1
FNH:1
FNDA:12,(anonymous_2)
DA:26,1
DA:27,1
LF:2
LH:2
BRF:0
BRH:0
end_of_record
TN:
SF:/home/cpetinal/datos/ws/pit/cpetinal/egeo/projects/egeo/src/lib/st-foreground-notifications/st-foreground-notifications.ts
FN:41,(anonymous_3)
FN:80,StForegroundNotificationsComponent
FN:52,(anonymous_5)
FN:45,(anonymous_6)
FN:82,(anonymous_7)
FN:85,(anonymous_8)
FN:91,(anonymous_9)
FN:103,(anonymous_10)
FN:111,(anonymous_11)
FN:116,(anonymous_12)
FN:126,(anonymous_13)
FN:148,(anonymous_14)
FN:156,(anonymous_15)
FN:158,(anonymous_16)
FN:165,(anonymous_17)
FN:171,(anonymous_18)
FN:176,(anonymous_19)
FN:180,(anonymous_20)
FN:192,(anonymous_21)
FN:207,(anonymous_22)
FN:211,(anonymous_23)
FN:213,(anonymous_24)
FN:220,(anonymous_25)
FN:224,(anonymous_26)
FN:229,(anonymous_27)
FN:235,(anonymous_28)
FNF:26
FNH:25
FNDA:1,(anonymous_3)
FNDA:11,StForegroundNotificationsComponent
FNDA:0,(anonymous_5)
FNDA:17,(anonymous_6)
FNDA:11,(anonymous_7)
FNDA:1,(anonymous_8)
FNDA:11,(anonymous_9)
FNDA:16,(anonymous_10)
FNDA:1,(anonymous_11)
FNDA:2,(anonymous_12)
FNDA:14,(anonymous_13)
FNDA:41,(anonymous_14)
FNDA:1,(anonymous_15)
FNDA:1,(anonymous_16)
FNDA:27,(anonymous_17)
FNDA:33,(anonymous_18)
FNDA:189,(anonymous_19)
FNDA:41,(anonymous_20)
FNDA:41,(anonymous_21)
FNDA:41,(anonymous_22)
FNDA:2,(anonymous_23)
FNDA:2,(anonymous_24)
FNDA:1,(anonymous_25)
FNDA:2,(anonymous_26)
FNDA:13,(anonymous_27)
FNDA:1,(anonymous_28)
DA:41,1
DA:45,2
DA:46,17
DA:47,12
DA:48,12
DA:50,17
DA:53,0
DA:59,1
DA:62,11
DA:65,11
DA:68,11
DA:70,11
DA:74,11
DA:75,11
DA:77,11
DA:78,11
DA:80,11
DA:82,11
DA:83,11
DA:84,1
DA:85,1
DA:88,11
DA:91,1
DA:92,11
DA:93,11
DA:94,1
DA:96,11
DA:97,11
DA:100,11
DA:103,1
DA:104,16
DA:105,1
DA:107,16
DA:108,16
DA:111,1
DA:112,1
DA:113,1
DA:114,1
DA:116,1
DA:117,2
DA:118,2
DA:119,2
DA:120,2
DA:121,2
DA:126,1
DA:127,14
DA:128,14
DA:130,14
DA:131,14
DA:132,2
DA:134,2
DA:135,2
DA:136,2
DA:139,12
DA:140,12
DA:141,12
DA:145,14
DA:148,1
DA:149,41
DA:150,41
DA:151,41
DA:153,41
DA:156,1
DA:157,1
DA:158,1
DA:159,1
DA:160,1
DA:162,1
DA:165,27
DA:166,27
DA:167,27
DA:168,27
DA:171,27
DA:172,33
DA:176,1
DA:177,189
DA:180,1
DA:181,41
DA:186,29
DA:188,12
DA:192,1
DA:193,41
DA:195,23
DA:197,3
DA:199,3
DA:201,0
DA:203,12
DA:207,1
DA:208,41
DA:211,2
DA:212,2
DA:213,2
DA:214,2
DA:215,2
DA:217,2
DA:220,1
DA:221,1
DA:224,1
DA:225,2
DA:226,2
DA:229,1
DA:230,13
DA:231,13
DA:232,13
DA:235,1
DA:236,1
DA:237,1
DA:238,1
DA:239,1
DA:241,1
DA:242,1
DA:244,1
LF:112
LH:110
BRDA:46,0,0,12
BRDA:46,0,1,5
BRDA:83,1,0,1
BRDA:83,1,1,10
BRDA:84,2,0,1
BRDA:84,2,1,0
BRDA:84,3,0,1
BRDA:84,3,1,1
BRDA:93,4,0,1
BRDA:93,4,1,10
BRDA:96,5,0,11
BRDA:96,5,1,0
BRDA:96,6,0,11
BRDA:96,6,1,11
BRDA:104,7,0,1
BRDA:104,7,1,15
BRDA:104,8,0,16
BRDA:104,8,1,16
BRDA:113,9,0,1
BRDA:113,9,1,0
BRDA:118,10,0,2
BRDA:118,10,1,0
BRDA:130,11,0,14
BRDA:130,11,1,0
BRDA:130,12,0,14
BRDA:130,12,1,14
BRDA:131,13,0,2
BRDA:131,13,1,12
BRDA:134,14,0,2
BRDA:134,14,1,0
BRDA:140,15,0,12
BRDA:140,15,1,0
BRDA:166,16,0,27
BRDA:166,16,1,0
BRDA:166,17,0,27
BRDA:166,17,1,27
BRDA:182,18,0,23
BRDA:182,18,1,26
BRDA:182,18,2,29
BRDA:182,18,3,29
BRDA:182,18,4,12
BRDA:194,19,0,23
BRDA:194,19,1,3
BRDA:194,19,2,3
BRDA:194,19,3,0
BRDA:194,19,4,12
BRDA:208,20,0,11
BRDA:208,20,1,30
BRDA:237,21,0,1
BRDA:237,21,1,0
BRDA:237,22,0,1
BRDA:237,22,1,1
BRF:52
BRH:42
end_of_record
TN:
SF:/home/cpetinal/datos/ws/pit/cpetinal/egeo/projects/egeo/src/lib/st-form/st-form.component.ts
FN:64,(anonymous_3)
FN:52,StFormComponent
FN:153,(anonymous_5)
FN:110,(anonymous_6)
FN:114,(anonymous_7)
FN:122,(anonymous_8)
FN:128,(anonymous_9)
FN:134,(anonymous_11)
FN:150,(anonymous_12)
FN:156,(anonymous_13)
FN:159,(anonymous_14)
FN:173,(anonymous_15)
FN:177,(anonymous_16)
FN:182,(anonymous_17)
FN:186,(anonymous_18)
FN:190,(anonymous_19)
FN:201,(anonymous_20)
FN:205,(anonymous_21)
FN:212,(anonymous_22)
FN:223,(anonymous_23)
FN:229,(anonymous_24)
FN:236,(anonymous_25)
FN:239,(anonymous_26)
FN:245,(anonymous_27)
FN:250,(anonymous_28)
FN:255,(anonymous_29)
FN:263,(anonymous_30)
FN:271,(anonymous_31)
FN:279,(anonymous_32)
FN:283,(anonymous_33)
FN:287,(anonymous_34)
FN:293,(anonymous_35)
FN:297,(anonymous_36)
FN:301,(anonymous_37)
FN:304,(anonymous_38)
FN:313,(anonymous_39)
FN:59,(anonymous_40)
FN:60,(anonymous_41)
FNF:38
FNH:35
FNDA:1,(anonymous_3)
FNDA:117,StFormComponent
FNDA:0,(anonymous_5)
FNDA:29820,(anonymous_6)
FNDA:139,(anonymous_7)
FNDA:119,(anonymous_8)
FNDA:198,(anonymous_9)
FNDA:2,(anonymous_11)
FNDA:574,(anonymous_12)
FNDA:685,(anonymous_13)
FNDA:3644,(anonymous_14)
FNDA:3978,(anonymous_15)
FNDA:2193,(anonymous_16)
FNDA:371,(anonymous_17)
FNDA:3978,(anonymous_18)
FNDA:34,(anonymous_19)
FNDA:8,(anonymous_20)
FNDA:1989,(anonymous_21)
FNDA:2269,(anonymous_22)
FNDA:2269,(anonymous_23)
FNDA:172,(anonymous_24)
FNDA:1090,(anonymous_25)
FNDA:1083,(anonymous_26)
FNDA:86,(anonymous_27)
FNDA:86,(anonymous_28)
FNDA:0,(anonymous_29)
FNDA:114,(anonymous_30)
FNDA:2632,(anonymous_31)
FNDA:6951,(anonymous_32)
FNDA:744,(anonymous_33)
FNDA:2,(anonymous_34)
FNDA:84,(anonymous_35)
FNDA:0,(anonymous_36)
FNDA:2269,(anonymous_37)
FNDA:141,(anonymous_38)
FNDA:2231,(anonymous_39)
FNDA:35,(anonymous_40)
FNDA:35,(anonymous_41)
DA:59,35
DA:60,35
DA:64,1
DA:66,1
DA:68,117
DA:70,1
DA:74,117
DA:79,117
DA:82,1
DA:85,1
DA:90,117
DA:93,1
DA:96,117
DA:98,117
DA:100,1
DA:102,117
DA:103,117
DA:104,117
DA:105,117
DA:110,2
DA:111,29820
DA:115,139
DA:116,139
DA:117,139
DA:118,6
DA:122,1
DA:123,119
DA:124,118
DA:128,198
DA:129,198
DA:130,12
DA:131,12
DA:132,12
DA:134,3
DA:135,2
DA:136,1
DA:137,1
DA:138,1
DA:139,0
DA:150,1
DA:153,117
DA:156,685
DA:157,685
DA:158,685
DA:159,685
DA:160,3644
DA:161,732
DA:162,183
DA:164,732
DA:168,685
DA:170,685
DA:173,1
DA:174,3978
DA:177,1
DA:178,2193
DA:182,1
DA:183,371
DA:186,1
DA:187,3978
DA:190,1
DA:191,34
DA:193,34
DA:194,30
DA:195,30
DA:198,34
DA:201,1
DA:202,8
DA:205,1
DA:206,1989
DA:212,1
DA:213,2269
DA:214,2269
DA:215,2269
DA:217,76
DA:218,76
DA:220,2269
DA:223,1
DA:224,2269
DA:229,1
DA:230,172
DA:231,4
DA:232,4
DA:236,1090
DA:237,1090
DA:238,1090
DA:239,1090
DA:240,1083
DA:245,1
DA:246,86
DA:250,1
DA:251,86
DA:255,1
DA:256,0
DA:257,0
DA:259,0
DA:263,1
DA:264,114
DA:265,114
DA:266,3
DA:271,1
DA:272,2632
DA:273,70
DA:274,70
DA:276,2562
DA:279,1
DA:280,6951
DA:283,1
DA:284,744
DA:287,1
DA:288,2
DA:289,2
DA:293,1
DA:294,84
DA:297,1
DA:298,0
DA:301,2269
DA:302,2269
DA:303,2269
DA:304,141
DA:305,141
DA:306,11
DA:310,2269
DA:313,1
DA:314,2231
DA:315,2231
DA:316,2231
DA:317,48
DA:318,48
DA:319,48
DA:320,48
DA:321,38
DA:323,48
DA:326,2231
DA:328,1
LF:134
LH:129
BRDA:117,0,0,6
BRDA:117,0,1,133
BRDA:123,1,0,118
BRDA:123,1,1,1
BRDA:129,2,0,12
BRDA:129,2,1,186
BRDA:129,3,0,198
BRDA:129,3,1,12
BRDA:129,3,2,12
BRDA:132,4,0,3
BRDA:132,4,1,9
BRDA:132,5,0,12
BRDA:132,5,1,9
BRDA:135,6,0,1
BRDA:135,6,1,1
BRDA:138,7,0,0
BRDA:138,7,1,1
BRDA:158,8,0,685
BRDA:158,8,1,0
BRDA:160,9,0,732
BRDA:160,9,1,2912
BRDA:160,10,0,3644
BRDA:160,10,1,3644
BRDA:161,11,0,183
BRDA:161,11,1,549
BRDA:174,12,0,3978
BRDA:174,12,1,3978
BRDA:174,12,2,2672
BRDA:178,13,0,2193
BRDA:178,13,1,770
BRDA:178,13,2,146
BRDA:178,13,3,44
BRDA:183,14,0,371
BRDA:183,14,1,284
BRDA:183,14,2,54
BRDA:187,15,0,3978
BRDA:187,15,1,252
BRDA:187,15,2,22
BRDA:193,16,0,30
BRDA:193,16,1,4
BRDA:193,17,0,34
BRDA:193,17,1,26
BRDA:195,18,0,30
BRDA:195,18,1,22
BRDA:207,19,0,1989
BRDA:207,19,1,80
BRDA:208,20,0,1989
BRDA:208,20,1,1978
BRDA:208,20,2,22
BRDA:215,21,0,76
BRDA:215,21,1,2193
BRDA:215,22,0,2269
BRDA:215,22,1,11
BRDA:215,22,2,2261
BRDA:215,22,3,40
BRDA:215,22,4,2231
BRDA:224,23,0,2269
BRDA:224,23,1,68
BRDA:224,23,2,16
BRDA:230,24,0,4
BRDA:230,24,1,168
BRDA:256,25,0,0
BRDA:256,25,1,0
BRDA:264,26,0,114
BRDA:264,26,1,0
BRDA:272,27,0,70
BRDA:272,27,1,2562
BRDA:274,28,0,70
BRDA:274,28,1,70
BRDA:274,28,2,20
BRDA:280,29,0,6951
BRDA:280,29,1,484
BRDA:284,30,0,744
BRDA:284,30,1,110
BRDA:288,31,0,2
BRDA:288,31,1,0
BRDA:303,32,0,141
BRDA:303,32,1,2128
BRDA:305,33,0,11
BRDA:305,33,1,130
BRDA:316,34,0,48
BRDA:316,34,1,2183
BRDA:316,35,0,2231
BRDA:316,35,1,68
BRDA:319,36,0,96
BRDA:319,36,1,58
BRDA:319,36,2,48
BRDA:320,37,0,38
BRDA:320,37,1,10
BRF:89
BRH:83
end_of_record
TN:
SF:/home/cpetinal/datos/ws/pit/cpetinal/egeo/projects/egeo/src/lib/st-form/st-form.module.ts
FN:41,(anonymous_2)
FNF:1
FNH:1
FNDA:5,(anonymous_2)
DA:41,1
DA:42,1
LF:2
LH:2
BRF:0
BRH:0
end_of_record
TN:
SF:/home/cpetinal/datos/ws/pit/cpetinal/egeo/projects/egeo/src/lib/st-form-list/st-form-list.component.ts
FN:60,(anonymous_3)
FN:81,StFormListComponent
FN:100,(anonymous_5)
FN:84,(anonymous_6)
FN:88,(anonymous_7)
FN:97,(anonymous_8)
FN:103,(anonymous_9)
FN:111,(anonymous_10)
FN:119,(anonymous_11)
FN:123,(anonymous_12)
FN:137,(anonymous_13)
FN:143,(anonymous_15)
FN:159,(anonymous_16)
FN:162,(anonymous_17)
FN:167,(anonymous_18)
FN:172,(anonymous_19)
FN:181,(anonymous_20)
FN:185,(anonymous_21)
FN:191,(anonymous_22)
FN:199,(anonymous_23)
FN:55,(anonymous_25)
FN:56,(anonymous_26)
FNF:22
FNH:21
FNDA:1,(anonymous_3)
FNDA:14,StFormListComponent
FNDA:0,(anonymous_5)
FNDA:82,(anonymous_6)
FNDA:9,(anonymous_7)
FNDA:99,(anonymous_8)
FNDA:3,(anonymous_9)
FNDA:4,(anonymous_10)
FNDA:288,(anonymous_11)
FNDA:25,(anonymous_12)
FNDA:30,(anonymous_13)
FNDA:96,(anonymous_15)
FNDA:135,(anonymous_16)
FNDA:135,(anonymous_17)
FNDA:1,(anonymous_18)
FNDA:9,(anonymous_19)
FNDA:3,(anonymous_20)
FNDA:3,(anonymous_21)
FNDA:4,(anonymous_22)
FNDA:12,(anonymous_23)
FNDA:14,(anonymous_25)
FNDA:14,(anonymous_26)
DA:55,14
DA:56,14
DA:60,1
DA:62,1
DA:64,14
DA:67,14
DA:70,14
DA:73,14
DA:76,14
DA:78,14
DA:79,14
DA:81,14
DA:84,2
DA:85,82
DA:89,9
DA:90,9
DA:91,9
DA:92,9
DA:97,1
DA:100,14
DA:103,1
DA:104,3
DA:105,3
DA:106,3
DA:107,3
DA:108,3
DA:111,1
DA:112,4
DA:113,4
DA:114,4
DA:115,4
DA:116,4
DA:119,1
DA:120,288
DA:123,1
DA:124,25
DA:125,25
DA:126,25
DA:127,50
DA:128,50
DA:129,50
DA:130,44
DA:132,50
DA:134,25
DA:137,1
DA:138,30
DA:140,30
DA:141,48
DA:142,48
DA:143,48
DA:144,96
DA:145,60
DA:146,20
DA:148,60
DA:149,40
DA:151,60
DA:156,30
DA:159,135
DA:160,135
DA:161,135
DA:162,135
DA:163,135
DA:167,1
DA:168,1
DA:172,1
DA:173,9
DA:174,3
DA:175,3
DA:176,3
DA:181,1
DA:182,3
DA:185,1
DA:186,3
DA:191,1
DA:192,4
DA:193,3
DA:195,1
DA:199,1
DA:200,12
DA:202,12
DA:203,12
DA:204,22
DA:208,1
LF:83
LH:83
BRDA:89,0,0,9
BRDA:89,0,1,0
BRDA:120,1,0,288
BRDA:120,1,1,288
BRDA:120,1,2,288
BRDA:129,2,0,44
BRDA:129,2,1,6
BRDA:129,3,0,50
BRDA:129,3,1,44
BRDA:130,4,0,44
BRDA:130,4,1,0
BRDA:140,5,0,30
BRDA:140,5,1,0
BRDA:144,6,0,60
BRDA:144,6,1,36
BRDA:144,7,0,96
BRDA:144,7,1,96
BRDA:145,8,0,20
BRDA:145,8,1,40
BRDA:148,9,0,40
BRDA:148,9,1,20
BRDA:173,10,0,3
BRDA:173,10,1,6
BRDA:173,11,0,9
BRDA:173,11,1,3
BRDA:192,12,0,3
BRDA:192,12,1,1
BRDA:202,13,0,12
BRDA:202,13,1,0
BRF:29
BRH:25
end_of_record
TN:
SF:/home/cpetinal/datos/ws/pit/cpetinal/egeo/projects/egeo/src/lib/st-form-list/st-form-list.module.ts
FN:33,(anonymous_2)
FNF:1
FNH:1
FNDA:4,(anonymous_2)
DA:33,1
DA:34,1
LF:2
LH:2
BRF:0
BRH:0
end_of_record
TN:
SF:/home/cpetinal/datos/ws/pit/cpetinal/egeo/projects/egeo/src/lib/st-form-list/spec/resources/two-inputs-json-schema.ts
FNF:0
FNH:0
DA:11,1
LF:1
LH:1
BRF:0
BRH:0
end_of_record
TN:
SF:/home/cpetinal/datos/ws/pit/cpetinal/egeo/projects/egeo/src/lib/st-form/spec/resources/json-schema.ts
FNF:0
FNH:0
DA:14,1
LF:1
LH:1
BRF:0
BRH:0
end_of_record
TN:
SF:/home/cpetinal/datos/ws/pit/cpetinal/egeo/projects/egeo/src/lib/st-form/st-form-field/st-form-field.component.ts
FN:35,(anonymous_5)
FN:20,StFormFieldComponent
FN:85,(anonymous_7)
FN:88,(anonymous_8)
FN:71,(anonymous_9)
FN:75,(anonymous_10)
FN:81,(anonymous_11)
FN:91,(anonymous_12)
FN:96,(anonymous_13)
FN:102,(anonymous_14)
FN:107,(anonymous_15)
FN:118,(anonymous_16)
FN:129,(anonymous_17)
FN:133,(anonymous_18)
FN:137,(anonymous_19)
FN:141,(anonymous_20)
FN:145,(anonymous_21)
FN:149,(anonymous_22)
FN:157,(anonymous_23)
FN:161,(anonymous_24)
FN:165,(anonymous_25)
FN:169,(anonymous_26)
FN:182,(anonymous_27)
FN:188,(anonymous_28)
FN:192,(anonymous_29)
FN:196,(anonymous_30)
FN:206,(anonymous_31)
FN:214,(anonymous_32)
FN:222,(anonymous_33)
FN:223,(anonymous_34)
FN:231,(anonymous_35)
FN:235,(anonymous_36)
FN:239,(anonymous_37)
FN:26,(anonymous_38)
FN:27,(anonymous_39)
FNF:35
FNH:33
FNDA:1,(anonymous_5)
FNDA:948,StFormFieldComponent
FNDA:1583,(anonymous_7)
FNDA:0,(anonymous_8)
FNDA:13845,(anonymous_9)
FNDA:961,(anonymous_10)
FNDA:2555,(anonymous_11)
FNDA:615,(anonymous_12)
FNDA:3209,(anonymous_13)
FNDA:953,(anonymous_14)
FNDA:953,(anonymous_15)
FNDA:18343,(anonymous_16)
FNDA:5249,(anonymous_17)
FNDA:5249,(anonymous_18)
FNDA:2361,(anonymous_19)
FNDA:2361,(anonymous_20)
FNDA:3983,(anonymous_21)
FNDA:2523,(anonymous_22)
FNDA:2230,(anonymous_23)
FNDA:2376,(anonymous_24)
FNDA:2200,(anonymous_25)
FNDA:12615,(anonymous_26)
FNDA:1762,(anonymous_27)
FNDA:881,(anonymous_28)
FNDA:881,(anonymous_29)
FNDA:24,(anonymous_30)
FNDA:4502,(anonymous_31)
FNDA:1011,(anonymous_32)
FNDA:624,(anonymous_33)
FNDA:2202,(anonymous_34)
FNDA:35,(anonymous_35)
FNDA:0,(anonymous_36)
FNDA:953,(anonymous_37)
FNDA:122,(anonymous_38)
FNDA:122,(anonymous_39)
DA:26,122
DA:27,122
DA:35,1
DA:36,948
DA:37,1
DA:38,1
DA:39,1
DA:40,1
DA:41,1
DA:42,1
DA:43,948
DA:44,1
DA:45,1
DA:46,948
DA:47,948
DA:48,948
DA:49,1
DA:51,948
DA:52,948
DA:53,948
DA:60,948
DA:71,2
DA:72,13845
DA:76,961
DA:77,961
DA:81,2
DA:82,2555
DA:85,948
DA:88,948
DA:91,1
DA:92,615
DA:93,615
DA:96,1
DA:97,3209
DA:98,2943
DA:102,953
DA:103,953
DA:104,50
DA:106,953
DA:107,953
DA:108,953
DA:109,669
DA:110,669
DA:112,953
DA:113,2
DA:118,1
DA:119,18343
DA:121,7733
DA:123,5328
DA:125,5282
DA:129,1
DA:130,5249
DA:133,1
DA:134,5249
DA:137,1
DA:138,2361
DA:141,1
DA:142,2361
DA:145,1
DA:146,3983
DA:149,1
DA:150,2523
DA:151,2479
DA:153,44
DA:157,1
DA:158,2230
DA:161,1
DA:162,2376
DA:165,1
DA:166,2200
DA:169,1
DA:170,12615
DA:172,5046
DA:174,2523
DA:176,2523
DA:178,2523
DA:182,1
DA:183,1762
DA:184,1762
DA:185,1762
DA:188,1
DA:189,881
DA:192,1
DA:193,881
DA:196,1
DA:197,24
DA:198,24
DA:199,18
DA:201,6
DA:206,1
DA:207,4502
DA:208,1270
DA:210,3232
DA:214,1
DA:215,1011
DA:216,1011
DA:217,107
DA:218,107
DA:219,107
DA:220,107
DA:221,107
DA:222,107
DA:223,2202
DA:224,615
DA:228,1011
DA:231,1
DA:232,35
DA:235,1
DA:236,0
DA:239,1
DA:240,953
DA:250,1
LF:112
LH:111
BRDA:82,0,0,2555
BRDA:82,0,1,2555
BRDA:82,0,2,2555
BRDA:97,1,0,2943
BRDA:97,1,1,266
BRDA:97,2,0,3209
BRDA:97,2,1,3062
BRDA:97,2,2,3062
BRDA:103,3,0,50
BRDA:103,3,1,903
BRDA:103,4,0,953
BRDA:103,4,1,953
BRDA:108,5,0,669
BRDA:108,5,1,284
BRDA:108,6,0,953
BRDA:108,6,1,686
BRDA:108,6,2,17
BRDA:112,7,0,2
BRDA:112,7,1,951
BRDA:120,8,0,7733
BRDA:120,8,1,5328
BRDA:120,8,2,5282
BRDA:121,9,0,1449
BRDA:121,9,1,6284
BRDA:123,10,0,0
BRDA:123,10,1,5328
BRDA:130,11,0,224
BRDA:130,11,1,5025
BRDA:134,12,0,224
BRDA:134,12,1,5025
BRDA:142,13,0,641
BRDA:142,13,1,1720
BRDA:142,14,0,2361
BRDA:142,14,1,643
BRDA:150,15,0,2479
BRDA:150,15,1,44
BRDA:171,16,0,5046
BRDA:171,16,1,2523
BRDA:171,16,2,2523
BRDA:171,16,3,2523
BRDA:172,17,0,5046
BRDA:172,17,1,2934
BRDA:172,17,2,646
BRDA:174,18,0,2523
BRDA:174,18,1,162
BRDA:176,19,0,2523
BRDA:176,19,1,162
BRDA:197,20,0,24
BRDA:197,20,1,0
BRDA:197,21,0,24
BRDA:197,21,1,24
BRDA:198,22,0,18
BRDA:198,22,1,6
BRDA:207,23,0,1270
BRDA:207,23,1,3232
BRDA:216,24,0,107
BRDA:216,24,1,904
BRDA:217,25,0,107
BRDA:217,25,1,0
BRDA:217,25,2,107
BRDA:220,26,0,107
BRDA:220,26,1,3
BRDA:220,26,2,104
BRDA:223,27,0,615
BRDA:223,27,1,9
BRDA:241,28,0,953
BRDA:241,28,1,2
BRDA:241,28,2,951
BRDA:242,29,0,953
BRDA:242,29,1,2
BRDA:242,29,2,953
BRDA:243,30,0,953
BRDA:243,30,1,2
BRDA:243,30,2,953
BRDA:244,31,0,953
BRDA:244,31,1,2
BRDA:244,31,2,953
BRDA:245,32,0,953
BRDA:245,32,1,2
BRDA:245,32,2,953
BRDA:246,33,0,953
BRDA:246,33,1,2
BRDA:246,33,2,953
BRDA:247,34,0,953
BRDA:247,34,1,2
BRDA:247,34,2,953
BRF:86
BRH:83
end_of_record
TN:
SF:/home/cpetinal/datos/ws/pit/cpetinal/egeo/projects/egeo/src/lib/st-form/st-form-field/st-form-field.interface.ts
FN:1,(anonymous_1)
FNF:1
FNH:1
FNDA:1,(anonymous_1)
DA:1,1
DA:2,1
DA:3,1
DA:4,1
LF:4
LH:4
BRDA:1,0,0,1
BRDA:1,0,1,1
BRF:2
BRH:2
end_of_record
TN:
SF:/home/cpetinal/datos/ws/pit/cpetinal/egeo/projects/egeo/src/lib/st-form/st-form-field/st-form-field.module.ts
FN:37,(anonymous_2)
FNF:1
FNH:1
FNDA:59,(anonymous_2)
DA:37,1
DA:38,1
LF:2
LH:2
BRF:0
BRH:0
end_of_record
TN:
SF:/home/cpetinal/datos/ws/pit/cpetinal/egeo/projects/egeo/src/lib/st-fullscreen-layout/st-fullscreen-layout.module.ts
FN:23,(anonymous_2)
FNF:1
FNH:1
FNDA:1,(anonymous_2)
DA:23,1
LF:1
LH:1
BRF:0
BRH:0
end_of_record
TN:
SF:/home/cpetinal/datos/ws/pit/cpetinal/egeo/projects/egeo/src/lib/st-fullscreen-layout/st-fullscreen-layout.ts
FN:45,(anonymous_3)
FN:53,StFullscreenLayoutComponent
FN:57,(anonymous_5)
FNF:3
FNH:3
FNDA:1,(anonymous_3)
FNDA:2,StFullscreenLayoutComponent
FNDA:3,(anonymous_5)
DA:45,1
DA:47,1
DA:49,2
DA:51,2
DA:53,2
DA:54,2
DA:57,1
DA:58,3
DA:61,1
LF:9
LH:9
BRF:0
BRH:0
end_of_record
TN:
SF:/home/cpetinal/datos/ws/pit/cpetinal/egeo/projects/egeo/src/lib/st-header/st-header.component.ts
FN:62,(anonymous_3)
FN:80,StHeaderComponent
FN:87,(anonymous_5)
FN:89,(anonymous_6)
FN:96,(anonymous_7)
FN:101,(anonymous_8)
FN:105,(anonymous_9)
FN:116,(anonymous_10)
FN:120,(anonymous_11)
FN:130,(anonymous_12)
FNF:10
FNH:10
FNDA:1,(anonymous_3)
FNDA:7,StHeaderComponent
FNDA:7,(anonymous_5)
FNDA:7,(anonymous_6)
FNDA:3,(anonymous_7)
FNDA:9,(anonymous_8)
FNDA:4,(anonymous_9)
FNDA:8,(anonymous_10)
FNDA:8,(anonymous_11)
FNDA:10,(anonymous_12)
DA:62,1
DA:65,7
DA:67,7
DA:70,7
DA:72,1
DA:73,1
DA:74,1
DA:76,7
DA:78,7
DA:81,7
DA:82,7
DA:83,7
DA:84,7
DA:87,7
DA:88,7
DA:89,7
DA:90,7
DA:91,7
DA:96,2
DA:97,3
DA:98,3
DA:101,1
DA:102,9
DA:105,1
DA:106,4
DA:107,3
DA:108,2
DA:110,1
DA:113,4
DA:116,1
DA:117,8
DA:120,1
DA:121,8
DA:123,8
DA:124,2
DA:126,6
DA:130,1
DA:131,10
DA:132,10
DA:133,10
DA:134,6
DA:135,6
DA:138,1
LF:43
LH:43
BRDA:102,0,0,9
BRDA:102,0,1,2
BRDA:106,1,0,3
BRDA:106,1,1,1
BRDA:107,2,0,2
BRDA:107,2,1,1
BRDA:108,3,0,1
BRDA:108,3,1,1
BRDA:123,4,0,2
BRDA:123,4,1,6
BRDA:123,5,0,8
BRDA:123,5,1,8
BRDA:133,6,0,6
BRDA:133,6,1,4
BRF:14
BRH:14
end_of_record
TN:
SF:/home/cpetinal/datos/ws/pit/cpetinal/egeo/projects/egeo/src/lib/st-header/st-header.model.ts
FN:15,(anonymous_7)
FN:24,(anonymous_9)
FN:31,(anonymous_11)
FN:37,(anonymous_13)
FN:41,(anonymous_15)
FN:50,(anonymous_17)
FNF:6
FNH:6
FNDA:1,(anonymous_7)
FNDA:1,(anonymous_9)
FNDA:1,(anonymous_11)
FNDA:1,(anonymous_13)
FNDA:1,(anonymous_15)
FNDA:1,(anonymous_17)
DA:15,1
DA:22,1
DA:24,1
DA:29,1
DA:31,1
DA:35,1
DA:37,1
DA:39,1
DA:41,1
DA:48,1
DA:50,1
DA:55,1
LF:12
LH:12
BRF:0
BRH:0
end_of_record
TN:
SF:/home/cpetinal/datos/ws/pit/cpetinal/egeo/projects/egeo/src/lib/st-header/st-header.module.ts
FN:35,(anonymous_2)
FNF:1
FNH:1
FNDA:1,(anonymous_2)
DA:35,1
LF:1
LH:1
BRF:0
BRH:0
end_of_record
TN:
SF:/home/cpetinal/datos/ws/pit/cpetinal/egeo/projects/egeo/src/lib/st-header/st-header.utils.ts
FN:14,(anonymous_1)
FN:16,(anonymous_3)
FNF:2
FNH:2
FNDA:1,(anonymous_1)
FNDA:53,(anonymous_3)
DA:14,1
DA:16,1
DA:17,53
DA:20,1
LF:4
LH:4
BRDA:17,0,0,53
BRDA:17,0,1,53
BRF:2
BRH:2
end_of_record
TN:
SF:/home/cpetinal/datos/ws/pit/cpetinal/egeo/projects/egeo/src/lib/st-header/menu/menu.ts
FN:27,(anonymous_3)
FN:34,StHeaderMenuComponent
FN:36,(anonymous_5)
FN:40,(anonymous_6)
FNF:4
FNH:4
FNDA:1,(anonymous_3)
FNDA:8,StHeaderMenuComponent
FNDA:10,(anonymous_5)
FNDA:19,(anonymous_6)
DA:27,1
DA:29,1
DA:30,1
DA:32,8
DA:34,8
DA:36,1
DA:37,10
DA:40,1
DA:41,19
DA:43,1
LF:10
LH:10
BRF:0
BRH:0
end_of_record
TN:
SF:/home/cpetinal/datos/ws/pit/cpetinal/egeo/projects/egeo/src/lib/st-header/menu-option/menu-option.ts
FN:37,(anonymous_3)
FN:73,StHeaderMenuOptionComponent
FN:74,(anonymous_5)
FN:46,(anonymous_6)
FN:61,(anonymous_7)
FN:65,(anonymous_8)
FN:78,(anonymous_9)
FN:83,(anonymous_10)
FN:96,(anonymous_11)
FN:103,(anonymous_12)
FN:111,(anonymous_13)
FN:120,(anonymous_14)
FN:130,(anonymous_15)
FN:131,(anonymous_16)
FNF:14
FNH:14
FNDA:1,(anonymous_3)
FNDA:22,StHeaderMenuOptionComponent
FNDA:3,(anonymous_5)
FNDA:53,(anonymous_6)
FNDA:204,(anonymous_7)
FNDA:22,(anonymous_8)
FNDA:23,(anonymous_9)
FNDA:4,(anonymous_10)
FNDA:1,(anonymous_11)
FNDA:5,(anonymous_12)
FNDA:3,(anonymous_13)
FNDA:22,(anonymous_14)
FNDA:24,(anonymous_15)
FNDA:22,(anonymous_16)
DA:37,1
DA:39,1
DA:41,22
DA:43,1
DA:46,2
DA:47,53
DA:51,22
DA:57,22
DA:61,2
DA:62,204
DA:66,22
DA:67,22
DA:68,22
DA:69,22
DA:70,22
DA:73,22
DA:74,22
DA:75,22
DA:78,1
DA:79,23
DA:80,23
DA:83,1
DA:84,4
DA:85,3
DA:86,3
DA:88,1
DA:96,1
DA:97,1
DA:98,1
DA:99,1
DA:103,2
DA:104,5
DA:105,5
DA:106,1
DA:107,1
DA:111,1
DA:112,3
DA:113,2
DA:114,2
DA:115,2
DA:120,1
DA:121,22
DA:122,0
DA:124,22
DA:125,22
DA:126,22
DA:130,24
DA:131,24
DA:144,1
LF:49
LH:48
BRDA:67,0,0,22
BRDA:67,0,1,22
BRDA:84,1,0,3
BRDA:84,1,1,1
BRDA:104,2,0,5
BRDA:104,2,1,4
BRDA:105,3,0,1
BRDA:105,3,1,4
BRDA:105,4,0,5
BRDA:105,4,1,2
BRDA:112,5,0,2
BRDA:112,5,1,1
BRDA:121,6,0,0
BRDA:121,6,1,22
BRDA:131,7,0,15
BRDA:131,7,1,9
BRDA:131,8,0,24
BRDA:131,8,1,24
BRF:18
BRH:17
end_of_record
TN:
SF:/home/cpetinal/datos/ws/pit/cpetinal/egeo/projects/egeo/src/lib/st-horizontal-tabs/st-horizontal-tabs.component.ts
FN:43,(anonymous_3)
FN:35,StHorizontalTabsComponent
FN:58,(anonymous_5)
FN:65,(anonymous_6)
FN:69,(anonymous_7)
FN:74,(anonymous_8)
FNF:6
FNH:6
FNDA:1,(anonymous_3)
FNDA:8,StHorizontalTabsComponent
FNDA:11,(anonymous_5)
FNDA:75,(anonymous_6)
FNDA:12,(anonymous_7)
FNDA:70,(anonymous_8)
DA:43,1
DA:45,1
DA:49,1
DA:51,1
DA:55,8
DA:58,1
DA:59,11
DA:60,10
DA:61,10
DA:65,1
DA:66,75
DA:69,1
DA:70,12
DA:71,12
DA:74,1
DA:75,70
DA:77,1
LF:17
LH:17
BRDA:59,0,0,10
BRDA:59,0,1,1
BRDA:59,1,0,11
BRDA:59,1,1,11
BRDA:60,2,0,10
BRDA:60,2,1,8
BRDA:75,3,0,4
BRDA:75,3,1,66
BRF:8
BRH:8
end_of_record
TN:
SF:/home/cpetinal/datos/ws/pit/cpetinal/egeo/projects/egeo/src/lib/st-horizontal-tabs/st-horizontal-tabs.model.ts
FN:13,(anonymous_1)
FNF:1
FNH:1
FNDA:1,(anonymous_1)
DA:13,1
LF:1
LH:1
BRDA:13,0,0,1
BRDA:13,0,1,1
BRF:2
BRH:2
end_of_record
TN:
SF:/home/cpetinal/datos/ws/pit/cpetinal/egeo/projects/egeo/src/lib/st-horizontal-tabs/st-horizontal-tabs.module.ts
FN:20,(anonymous_2)
FNF:1
FNH:1
FNDA:2,(anonymous_2)
DA:20,1
LF:1
LH:1
BRF:0
BRH:0
end_of_record
TN:
SF:/home/cpetinal/datos/ws/pit/cpetinal/egeo/projects/egeo/src/lib/st-info-box/st-info-box.component.ts
FN:20,(anonymous_3)
FN:29,StInfoBoxComponent
FN:31,(anonymous_5)
FN:38,(anonymous_6)
FNF:4
FNH:4
FNDA:1,(anonymous_3)
FNDA:5,StInfoBoxComponent
FNDA:3,(anonymous_5)
FNDA:4,(anonymous_6)
DA:20,1
DA:21,1
DA:22,1
DA:24,1
DA:25,1
DA:31,1
DA:32,3
DA:33,1
DA:35,2
DA:38,1
DA:39,4
DA:40,4
DA:41,1
DA:47,4
DA:48,1
DA:54,4
DA:57,1
LF:17
LH:17
BRDA:32,0,0,1
BRDA:32,0,1,2
BRDA:40,1,0,1
BRDA:40,1,1,3
BRDA:47,2,0,1
BRDA:47,2,1,3
BRF:6
BRH:6
end_of_record
TN:
SF:/home/cpetinal/datos/ws/pit/cpetinal/egeo/projects/egeo/src/lib/st-info-box/st-info-box.module.ts
FN:20,(anonymous_2)
FNF:1
FNH:1
FNDA:1,(anonymous_2)
DA:20,1
LF:1
LH:1
BRF:0
BRH:0
end_of_record
TN:
SF:/home/cpetinal/datos/ws/pit/cpetinal/egeo/projects/egeo/src/lib/st-input/st-input.component.ts
FN:67,(anonymous_3)
FN:133,StInputComponent
FN:136,(anonymous_5)
FN:139,(anonymous_6)
FN:106,(anonymous_7)
FN:110,(anonymous_8)
FN:143,(anonymous_9)
FN:147,(anonymous_10)
FN:151,(anonymous_11)
FN:154,(anonymous_12)
FN:160,(anonymous_13)
FN:162,(anonymous_14)
FN:170,(anonymous_15)
FN:177,(anonymous_16)
FN:187,(anonymous_17)
FN:194,(anonymous_18)
FN:199,(anonymous_19)
FN:203,(anonymous_20)
FN:213,(anonymous_21)
FN:217,(anonymous_22)
FN:221,(anonymous_23)
FN:225,(anonymous_24)
FN:232,(anonymous_25)
FN:242,(anonymous_26)
FN:249,(anonymous_27)
FN:255,(anonymous_28)
FN:265,(anonymous_29)
FN:272,(anonymous_30)
FN:305,(anonymous_31)
FN:318,(anonymous_32)
FN:61,(anonymous_34)
FN:62,(anonymous_35)
FNF:32
FNH:31
FNDA:1,(anonymous_3)
FNDA:873,StInputComponent
FNDA:864,(anonymous_5)
FNDA:0,(anonymous_6)
FNDA:2335,(anonymous_7)
FNDA:1,(anonymous_8)
FNDA:4677,(anonymous_9)
FNDA:5071,(anonymous_10)
FNDA:3519,(anonymous_11)
FNDA:910,(anonymous_12)
FNDA:871,(anonymous_13)
FNDA:1450,(anonymous_14)
FNDA:871,(anonymous_15)
FNDA:854,(anonymous_16)
FNDA:1744,(anonymous_17)
FNDA:853,(anonymous_18)
FNDA:853,(anonymous_19)
FNDA:25,(anonymous_20)
FNDA:1548,(anonymous_21)
FNDA:4584,(anonymous_22)
FNDA:1450,(anonymous_23)
FNDA:2,(anonymous_24)
FNDA:1,(anonymous_25)
FNDA:47,(anonymous_26)
FNDA:43,(anonymous_27)
FNDA:55,(anonymous_28)
FNDA:3519,(anonymous_29)
FNDA:3519,(anonymous_30)
FNDA:3194,(anonymous_31)
FNDA:1493,(anonymous_32)
FNDA:174,(anonymous_34)
FNDA:174,(anonymous_35)
DA:61,174
DA:62,174
DA:67,1
DA:69,873
DA:71,873
DA:73,873
DA:75,873
DA:77,1
DA:79,1
DA:81,873
DA:83,1
DA:85,1
DA:87,1
DA:89,1
DA:91,873
DA:93,873
DA:95,1
DA:97,1
DA:99,873
DA:101,873
DA:106,2
DA:107,2335
DA:111,1
DA:115,873
DA:117,1
DA:119,873
DA:120,873
DA:121,873
DA:123,873
DA:124,873
DA:125,873
DA:133,873
DA:136,873
DA:139,873
DA:143,2
DA:144,4677
DA:147,5071
DA:148,5071
DA:149,4218
DA:151,5071
DA:154,1
DA:155,910
DA:156,20
DA:160,871
DA:161,871
DA:162,871
DA:163,1450
DA:164,1450
DA:165,1450
DA:166,1450
DA:170,1
DA:171,871
DA:172,0
DA:173,0
DA:177,1
DA:178,854
DA:179,852
DA:181,854
DA:182,834
DA:187,1
DA:188,1744
DA:189,1744
DA:190,1744
DA:194,1
DA:195,853
DA:199,1
DA:200,853
DA:203,1
DA:204,25
DA:205,25
DA:206,16
DA:207,9
DA:208,6
DA:210,25
DA:213,1
DA:214,1548
DA:217,1
DA:218,4584
DA:221,1
DA:222,1450
DA:225,1
DA:226,2
DA:227,2
DA:232,1
DA:233,1
DA:234,1
DA:236,0
DA:238,1
DA:239,1
DA:242,1
DA:243,47
DA:244,1
DA:249,1
DA:250,43
DA:251,43
DA:252,43
DA:255,1
DA:256,55
DA:258,55
DA:259,31
DA:261,55
DA:265,1
DA:266,3519
DA:267,3519
DA:268,3519
DA:272,1
DA:273,3519
DA:274,2679
DA:277,840
DA:278,1
DA:281,839
DA:282,537
DA:284,302
DA:285,0
DA:287,302
DA:288,4
DA:290,298
DA:291,117
DA:293,181
DA:294,5
DA:296,176
DA:297,84
DA:299,92
DA:300,92
DA:302,0
DA:305,1
DA:306,3194
DA:308,1661
DA:309,1212
DA:311,449
DA:314,1533
DA:318,1
DA:319,1493
DA:320,1493
DA:323,1
LF:135
LH:130
BRDA:144,0,0,4677
BRDA:144,0,1,120
BRDA:144,0,2,120
BRDA:148,1,0,4218
BRDA:148,1,1,853
BRDA:155,2,0,20
BRDA:155,2,1,890
BRDA:155,3,0,910
BRDA:155,3,1,21
BRDA:171,4,0,0
BRDA:171,4,1,871
BRDA:178,5,0,852
BRDA:178,5,1,2
BRDA:181,6,0,834
BRDA:181,6,1,20
BRDA:205,7,0,16
BRDA:205,7,1,9
BRDA:205,8,0,25
BRDA:205,8,1,17
BRDA:205,8,2,17
BRDA:207,9,0,6
BRDA:207,9,1,3
BRDA:207,10,0,9
BRDA:207,10,1,8
BRDA:207,10,2,8
BRDA:214,11,0,1548
BRDA:214,11,1,195
BRDA:214,11,2,120
BRDA:214,11,3,91
BRDA:214,11,4,69
BRDA:218,12,0,4584
BRDA:218,12,1,186
BRDA:222,13,0,1450
BRDA:222,13,1,1009
BRDA:222,13,2,68
BRDA:233,14,0,1
BRDA:233,14,1,0
BRDA:233,15,0,1
BRDA:233,15,1,1
BRDA:233,15,2,1
BRDA:243,16,0,1
BRDA:243,16,1,46
BRDA:258,17,0,31
BRDA:258,17,1,24
BRDA:273,18,0,2679
BRDA:273,18,1,840
BRDA:277,19,0,1
BRDA:277,19,1,839
BRDA:281,20,0,537
BRDA:281,20,1,302
BRDA:282,21,0,537
BRDA:282,21,1,3
BRDA:282,21,2,1
BRDA:284,22,0,0
BRDA:284,22,1,302
BRDA:285,23,0,0
BRDA:285,23,1,0
BRDA:285,23,2,0
BRDA:287,24,0,4
BRDA:287,24,1,298
BRDA:288,25,0,4
BRDA:288,25,1,2
BRDA:288,25,2,1
BRDA:290,26,0,117
BRDA:290,26,1,181
BRDA:291,27,0,117
BRDA:291,27,1,2
BRDA:291,27,2,1
BRDA:293,28,0,5
BRDA:293,28,1,176
BRDA:294,29,0,5
BRDA:294,29,1,2
BRDA:294,29,2,1
BRDA:296,30,0,84
BRDA:296,30,1,92
BRDA:297,31,0,84
BRDA:297,31,1,0
BRDA:297,31,2,0
BRDA:299,32,0,92
BRDA:299,32,1,0
BRDA:300,33,0,92
BRDA:300,33,1,0
BRDA:300,33,2,0
BRDA:307,34,0,1661
BRDA:307,34,1,1533
BRDA:308,35,0,1212
BRDA:308,35,1,449
BRDA:308,36,0,1661
BRDA:308,36,1,449
BRDA:319,37,0,1493
BRDA:319,37,1,77
BRDA:319,37,2,68
BRDA:319,38,0,68
BRDA:319,38,1,36
BRF:94
BRH:83
end_of_record
TN:
SF:/home/cpetinal/datos/ws/pit/cpetinal/egeo/projects/egeo/src/lib/st-input/st-input.module.ts
FN:28,(anonymous_2)
FNF:1
FNH:1
FNDA:157,(anonymous_2)
DA:28,1
DA:29,1
LF:2
LH:2
BRF:0
BRH:0
end_of_record
TN:
SF:/home/cpetinal/datos/ws/pit/cpetinal/egeo/projects/egeo/src/lib/st-item-list/st-item-list.component.ts
FN:22,(anonymous_3)
FN:16,StItemListComponent
FN:34,(anonymous_5)
FN:38,(anonymous_6)
FN:42,(anonymous_7)
FN:46,(anonymous_8)
FNF:6
FNH:6
FNDA:1,(anonymous_3)
FNDA:3,StItemListComponent
FNDA:5,(anonymous_5)
FNDA:2,(anonymous_6)
FNDA:5,(anonymous_7)
FNDA:2,(anonymous_8)
DA:22,1
DA:24,1
DA:25,1
DA:26,3
DA:27,3
DA:28,3
DA:29,3
DA:31,3
DA:32,3
DA:34,1
DA:35,5
DA:38,1
DA:39,2
DA:42,1
DA:43,5
DA:46,1
DA:47,2
DA:50,1
LF:18
LH:18
BRDA:35,0,0,5
BRDA:35,0,1,1
BRDA:35,0,2,4
BRDA:39,1,0,2
BRDA:39,1,1,1
BRDA:39,1,2,1
BRDA:43,2,0,5
BRDA:43,2,1,4
BRDA:47,3,0,2
BRDA:47,3,1,1
BRDA:47,3,2,1
BRF:11
BRH:11
end_of_record
TN:
SF:/home/cpetinal/datos/ws/pit/cpetinal/egeo/projects/egeo/src/lib/st-item-list/st-item-list.module.ts
FN:28,(anonymous_2)
FNF:1
FNH:1
FNDA:1,(anonymous_2)
DA:28,1
LF:1
LH:1
BRF:0
BRH:0
end_of_record
TN:
SF:/home/cpetinal/datos/ws/pit/cpetinal/egeo/projects/egeo/src/lib/st-item-list/item-list-item/item-list-item.component.ts
FN:23,(anonymous_3)
FN:31,ItemListItemComponent
FN:33,(anonymous_5)
FN:37,(anonymous_6)
FN:41,(anonymous_7)
FN:45,(anonymous_8)
FN:49,(anonymous_9)
FN:55,(anonymous_10)
FNF:8
FNH:8
FNDA:1,(anonymous_3)
FNDA:3,ItemListItemComponent
FNDA:7,(anonymous_5)
FNDA:4,(anonymous_6)
FNDA:7,(anonymous_7)
FNDA:4,(anonymous_8)
FNDA:7,(anonymous_9)
FNDA:1,(anonymous_10)
DA:23,1
DA:25,1
DA:26,3
DA:27,3
DA:29,3
DA:33,1
DA:34,7
DA:37,1
DA:38,4
DA:41,1
DA:42,7
DA:45,1
DA:46,4
DA:49,1
DA:50,7
DA:51,7
DA:52,7
DA:55,1
DA:56,1
DA:57,1
DA:58,1
DA:60,1
LF:22
LH:22
BRDA:42,0,0,6
BRDA:42,0,1,1
BRDA:46,1,0,4
BRDA:46,1,1,1
BRDA:46,1,2,3
BRDA:51,2,0,6
BRDA:51,2,1,1
BRF:7
BRH:7
end_of_record
TN:
SF:/home/cpetinal/datos/ws/pit/cpetinal/egeo/projects/egeo/src/lib/st-item-list/item-list-scroll/item-list-scroll.component.ts
FN:23,(anonymous_3)
FN:17,ItemListScrollComponent
FN:33,(anonymous_5)
FNF:3
FNH:3
FNDA:1,(anonymous_3)
FNDA:4,ItemListScrollComponent
FNDA:2,(anonymous_5)
DA:23,1
DA:25,1
DA:26,4
DA:27,4
DA:29,4
DA:31,4
DA:33,1
DA:34,2
DA:36,1
LF:9
LH:9
BRDA:34,0,0,2
BRDA:34,0,1,1
BRDA:34,0,2,1
BRF:3
BRH:3
end_of_record
TN:
SF:/home/cpetinal/datos/ws/pit/cpetinal/egeo/projects/egeo/src/lib/st-label/index.ts
FNF:0
FNH:0
LF:0
LH:0
BRF:0
BRH:0
end_of_record
TN:
SF:/home/cpetinal/datos/ws/pit/cpetinal/egeo/projects/egeo/src/lib/st-label/st-label.component.ts
FN:21,(anonymous_9)
FN:24,StLabelComponent
FNF:2
FNH:2
FNDA:1,(anonymous_9)
FNDA:1044,StLabelComponent
DA:21,1
DA:22,1044
DA:25,1044
DA:27,1
LF:4
LH:4
BRDA:25,0,0,1044
BRDA:25,0,1,1044
BRF:2
BRH:2
end_of_record
TN:
SF:/home/cpetinal/datos/ws/pit/cpetinal/egeo/projects/egeo/src/lib/st-label/st-label.module.ts
FN:26,(anonymous_2)
FNF:1
FNH:1
FNDA:360,(anonymous_2)
DA:26,1
LF:1
LH:1
BRF:0
BRH:0
end_of_record
TN:
SF:/home/cpetinal/datos/ws/pit/cpetinal/egeo/projects/egeo/src/lib/st-launcher/st-launcher.component.ts
FN:57,(anonymous_3)
FN:83,StLauncherComponent
FN:63,(anonymous_5)
FN:66,(anonymous_6)
FN:87,(anonymous_7)
FN:96,(anonymous_8)
FN:100,(anonymous_9)
FN:105,(anonymous_10)
FN:109,(anonymous_11)
FNF:9
FNH:9
FNDA:1,(anonymous_3)
FNDA:6,StLauncherComponent
FNDA:40,(anonymous_5)
FNDA:7,(anonymous_6)
FNDA:2,(anonymous_7)
FNDA:34,(anonymous_8)
FNDA:1,(anonymous_9)
FNDA:1,(anonymous_10)
FNDA:1,(anonymous_11)
DA:57,1
DA:60,1
DA:63,2
DA:64,40
DA:67,7
DA:70,1
DA:72,1
DA:75,6
DA:77,6
DA:79,6
DA:81,6
DA:84,6
DA:87,1
DA:88,2
DA:89,1
DA:90,1
DA:91,1
DA:96,1
DA:97,34
DA:100,1
DA:101,1
DA:102,1
DA:105,1
DA:106,1
DA:109,1
DA:110,1
DA:112,1
LF:27
LH:27
BRDA:88,0,0,1
BRDA:88,0,1,1
BRDA:88,1,0,2
BRDA:88,1,1,2
BRDA:88,1,2,2
BRDA:89,2,0,1
BRDA:89,2,1,0
BRDA:97,3,0,34
BRDA:97,3,1,0
BRDA:97,3,2,34
BRF:10
BRH:8
end_of_record
TN:
SF:/home/cpetinal/datos/ws/pit/cpetinal/egeo/projects/egeo/src/lib/st-launcher/st-launcher.model.ts
FN:13,(anonymous_1)
FN:18,(anonymous_3)
FN:24,(anonymous_5)
FN:29,(anonymous_7)
FNF:4
FNH:4
FNDA:1,(anonymous_1)
FNDA:1,(anonymous_3)
FNDA:1,(anonymous_5)
FNDA:1,(anonymous_7)
DA:13,1
DA:16,1
DA:18,1
DA:22,1
DA:24,1
DA:27,1
DA:29,1
DA:33,1
LF:8
LH:8
BRF:0
BRH:0
end_of_record
TN:
SF:/home/cpetinal/datos/ws/pit/cpetinal/egeo/projects/egeo/src/lib/st-launcher/st-launcher.module.ts
FN:22,(anonymous_2)
FNF:1
FNH:1
FNDA:1,(anonymous_2)
DA:22,1
LF:1
LH:1
BRF:0
BRH:0
end_of_record
TN:
SF:/home/cpetinal/datos/ws/pit/cpetinal/egeo/projects/egeo/src/lib/st-launcher/st-launcher-item/st-launcher-item.component.ts
FN:19,(anonymous_3)
FN:30,StLauncherItemComponent
FN:33,(anonymous_5)
FN:39,(anonymous_6)
FN:45,(anonymous_7)
FNF:5
FNH:5
FNDA:1,(anonymous_3)
FNDA:17,StLauncherItemComponent
FNDA:17,(anonymous_5)
FNDA:11,(anonymous_6)
FNDA:32,(anonymous_7)
DA:19,1
DA:21,1
DA:22,1
DA:23,1
DA:24,1
DA:26,17
DA:27,17
DA:28,17
DA:33,1
DA:34,17
DA:35,0
DA:39,1
DA:40,11
DA:41,2
DA:45,1
DA:46,32
DA:48,1
LF:17
LH:16
BRDA:34,0,0,0
BRDA:34,0,1,17
BRDA:34,1,0,17
BRDA:34,1,1,17
BRDA:40,2,0,2
BRDA:40,2,1,9
BRDA:40,3,0,11
BRDA:40,3,1,11
BRDA:40,3,2,11
BRDA:40,3,3,11
BRF:10
BRH:9
end_of_record
TN:
SF:/home/cpetinal/datos/ws/pit/cpetinal/egeo/projects/egeo/src/lib/st-menu/st-menu.component.ts
FN:51,(anonymous_3)
FN:84,StMenuComponent
FN:86,(anonymous_5)
FN:89,(anonymous_6)
FN:95,(anonymous_7)
FN:105,(anonymous_8)
FN:109,(anonymous_9)
FN:120,(anonymous_10)
FN:128,(anonymous_11)
FNF:9
FNH:9
FNDA:1,(anonymous_3)
FNDA:8,StMenuComponent
FNDA:8,(anonymous_5)
FNDA:1,(anonymous_6)
FNDA:8,(anonymous_7)
FNDA:7,(anonymous_8)
FNDA:7,(anonymous_9)
FNDA:1,(anonymous_10)
FNDA:1,(anonymous_11)
DA:51,1
DA:54,1
DA:56,1
DA:58,1
DA:60,8
DA:62,1
DA:64,8
DA:66,1
DA:68,1
DA:70,8
DA:72,8
DA:75,8
DA:77,8
DA:79,8
DA:84,8
DA:86,8
DA:87,8
DA:88,5
DA:89,5
DA:90,1
DA:95,1
DA:96,8
DA:97,5
DA:105,7
DA:106,7
DA:107,0
DA:109,7
DA:110,7
DA:111,7
DA:120,1
DA:121,1
DA:122,1
DA:128,1
DA:129,1
DA:130,1
DA:131,1
DA:133,1
DA:135,1
LF:38
LH:37
BRDA:87,0,0,5
BRDA:87,0,1,3
BRDA:96,1,0,5
BRDA:96,1,1,3
BRDA:106,2,0,0
BRDA:106,2,1,7
BRDA:130,3,0,1
BRDA:130,3,1,0
BRF:8
BRH:6
end_of_record
TN:
SF:/home/cpetinal/datos/ws/pit/cpetinal/egeo/projects/egeo/src/lib/st-menu/st-menu.model.ts
FN:23,(anonymous_1)
FN:29,(anonymous_2)
FNF:2
FNH:2
FNDA:1,(anonymous_1)
FNDA:1,(anonymous_2)
DA:23,1
DA:24,1
DA:25,1
DA:26,1
DA:29,1
DA:30,1
DA:31,1
LF:7
LH:7
BRDA:23,0,0,1
BRDA:23,0,1,1
BRDA:29,1,0,1
BRDA:29,1,1,1
BRF:4
BRH:4
end_of_record
TN:
SF:/home/cpetinal/datos/ws/pit/cpetinal/egeo/projects/egeo/src/lib/st-menu/st-menu.module.ts
FN:34,(anonymous_2)
FNF:1
FNH:1
FNDA:9,(anonymous_2)
DA:34,1
LF:1
LH:1
BRF:0
BRH:0
end_of_record
TN:
SF:/home/cpetinal/datos/ws/pit/cpetinal/egeo/projects/egeo/src/lib/st-menu/st-menu-options/st-menu-options.component.ts
FN:35,(anonymous_3)
FN:70,StMenuOptionsComponent
FN:72,(anonymous_5)
FN:80,(anonymous_6)
FN:83,(anonymous_7)
FN:96,(anonymous_8)
FN:112,(anonymous_9)
FN:124,(anonymous_10)
FN:132,(anonymous_11)
FN:136,(anonymous_12)
FN:142,(anonymous_13)
FN:149,(anonymous_14)
FN:158,(anonymous_15)
FN:171,(anonymous_16)
FN:179,(anonymous_17)
FN:185,(anonymous_18)
FN:191,(anonymous_19)
FNF:17
FNH:9
FNDA:1,(anonymous_3)
FNDA:10,StMenuOptionsComponent
FNDA:10,(anonymous_5)
FNDA:0,(anonymous_6)
FNDA:10,(anonymous_7)
FNDA:3,(anonymous_8)
FNDA:0,(anonymous_9)
FNDA:535,(anonymous_10)
FNDA:0,(anonymous_11)
FNDA:0,(anonymous_12)
FNDA:0,(anonymous_13)
FNDA:0,(anonymous_14)
FNDA:2,(anonymous_15)
FNDA:535,(anonymous_16)
FNDA:0,(anonymous_17)
FNDA:0,(anonymous_18)
FNDA:4,(anonymous_19)
DA:35,1
DA:37,1
DA:38,1
DA:39,1
DA:40,1
DA:41,10
DA:42,1
DA:43,1
DA:44,10
DA:45,1
DA:46,10
DA:47,1
DA:49,10
DA:50,10
DA:52,1
DA:59,10
DA:60,10
DA:64,10
DA:67,10
DA:68,10
DA:70,10
DA:72,10
DA:73,10
DA:74,4
DA:76,10
DA:77,10
DA:78,10
DA:80,0
DA:83,1
DA:84,10
DA:85,10
DA:86,10
DA:96,1
DA:97,3
DA:98,3
DA:99,3
DA:100,3
DA:101,3
DA:102,3
DA:103,2
DA:112,1
DA:113,0
DA:114,0
DA:115,0
DA:124,1
DA:125,535
DA:132,1
DA:133,0
DA:134,0
DA:135,0
DA:136,0
DA:142,1
DA:143,0
DA:149,1
DA:150,0
DA:158,1
DA:159,2
DA:160,1
DA:163,1
DA:171,1
DA:172,535
DA:179,1
DA:180,0
DA:181,0
DA:183,0
DA:184,0
DA:185,0
DA:191,1
DA:192,4
DA:193,4
DA:194,4
DA:195,4
DA:197,1
LF:73
LH:58
BRDA:73,0,0,4
BRDA:73,0,1,6
BRDA:85,1,0,10
BRDA:85,1,1,0
BRDA:97,2,0,3
BRDA:97,2,1,0
BRDA:97,3,0,3
BRDA:97,3,1,3
BRDA:97,3,2,0
BRDA:99,4,0,3
BRDA:99,4,1,0
BRDA:102,5,0,2
BRDA:102,5,1,1
BRDA:114,6,0,0
BRDA:114,6,1,0
BRDA:125,7,0,535
BRDA:125,7,1,535
BRDA:159,8,0,1
BRDA:159,8,1,1
BRDA:159,9,0,2
BRDA:159,9,1,1
BRDA:159,9,2,1
BRDA:159,9,3,0
BRDA:172,10,0,535
BRDA:172,10,1,535
BRDA:183,11,0,0
BRDA:183,11,1,0
BRF:27
BRH:18
end_of_record
TN:
SF:/home/cpetinal/datos/ws/pit/cpetinal/egeo/projects/egeo/src/lib/st-modal/st-modal.component.ts
FN:34,(anonymous_3)
FN:48,StModalComponent
FN:53,(anonymous_5)
FN:57,(anonymous_6)
FN:61,(anonymous_7)
FN:65,(anonymous_8)
FN:69,(anonymous_9)
FN:73,(anonymous_10)
FN:77,(anonymous_11)
FN:81,(anonymous_12)
FN:85,(anonymous_13)
FN:89,(anonymous_14)
FN:96,(anonymous_15)
FN:100,(anonymous_16)
FN:104,(anonymous_17)
FN:112,(anonymous_18)
FN:120,(anonymous_19)
FN:127,(anonymous_20)
FN:132,(anonymous_21)
FN:141,(anonymous_22)
FN:142,(anonymous_23)
FN:145,(anonymous_24)
FNF:22
FNH:22
FNDA:1,(anonymous_3)
FNDA:17,StModalComponent
FNDA:18,(anonymous_5)
FNDA:40,(anonymous_6)
FNDA:21,(anonymous_7)
FNDA:41,(anonymous_8)
FNDA:21,(anonymous_9)
FNDA:22,(anonymous_10)
FNDA:5,(anonymous_11)
FNDA:16,(anonymous_12)
FNDA:13,(anonymous_13)
FNDA:23,(anonymous_14)
FNDA:72,(anonymous_15)
FNDA:19,(anonymous_16)
FNDA:1,(anonymous_17)
FNDA:18,(anonymous_18)
FNDA:17,(anonymous_19)
FNDA:23,(anonymous_20)
FNDA:4,(anonymous_21)
FNDA:3,(anonymous_22)
FNDA:1,(anonymous_23)
FNDA:1,(anonymous_24)
DA:34,1
DA:35,1
DA:36,1
DA:37,17
DA:38,1
DA:39,1
DA:41,17
DA:42,17
DA:49,17
DA:50,17
DA:53,1
DA:54,18
DA:57,1
DA:58,40
DA:61,1
DA:62,21
DA:65,1
DA:66,41
DA:69,1
DA:70,21
DA:73,1
DA:74,22
DA:77,1
DA:78,5
DA:81,1
DA:82,16
DA:85,1
DA:86,13
DA:89,1
DA:90,23
DA:91,23
DA:92,23
DA:93,23
DA:96,1
DA:97,72
DA:100,1
DA:101,19
DA:104,1
DA:105,1
DA:112,1
DA:113,18
DA:114,18
DA:115,4
DA:117,18
DA:120,1
DA:121,17
DA:122,3
DA:124,17
DA:127,1
DA:128,23
DA:129,23
DA:132,1
DA:133,4
DA:134,3
DA:135,3
DA:136,3
DA:137,3
DA:141,3
DA:142,3
DA:143,1
DA:145,3
DA:146,1
DA:148,3
DA:150,1
LF:64
LH:64
BRDA:66,0,0,41
BRDA:66,0,1,3
BRDA:70,1,0,21
BRDA:70,1,1,14
BRDA:74,2,0,22
BRDA:74,2,1,2
BRDA:90,3,0,23
BRDA:90,3,1,19
BRDA:91,4,0,23
BRDA:91,4,1,19
BRDA:97,5,0,72
BRDA:97,5,1,72
BRDA:113,6,0,0
BRDA:113,6,1,18
BRDA:114,7,0,4
BRDA:114,7,1,14
BRDA:114,8,0,18
BRDA:114,8,1,4
BRDA:114,9,0,4
BRDA:114,9,1,4
BRDA:121,10,0,3
BRDA:121,10,1,14
BRDA:129,11,0,6
BRDA:129,11,1,17
BRDA:129,12,0,10
BRDA:129,12,1,7
BRDA:133,13,0,3
BRDA:133,13,1,1
BRF:28
BRH:27
end_of_record
TN:
SF:/home/cpetinal/datos/ws/pit/cpetinal/egeo/projects/egeo/src/lib/st-modal/st-modal.model.ts
FN:15,(anonymous_1)
FN:16,(anonymous_2)
FN:18,(anonymous_3)
FN:28,(anonymous_5)
FN:44,(anonymous_7)
FNF:5
FNH:5
FNDA:1,(anonymous_1)
FNDA:1,(anonymous_2)
FNDA:1,(anonymous_3)
FNDA:1,(anonymous_5)
FNDA:1,(anonymous_7)
DA:15,1
DA:16,1
DA:18,1
DA:26,1
DA:28,1
DA:42,1
DA:44,1
DA:47,1
LF:8
LH:8
BRDA:15,0,0,1
BRDA:15,0,1,1
BRDA:16,1,0,1
BRDA:16,1,1,1
BRF:4
BRH:4
end_of_record
TN:
SF:/home/cpetinal/datos/ws/pit/cpetinal/egeo/projects/egeo/src/lib/st-modal/st-modal.module.ts
FN:24,(anonymous_2)
FN:25,(anonymous_4)
FNF:2
FNH:1
FNDA:1,(anonymous_2)
FNDA:0,(anonymous_4)
DA:24,1
DA:25,1
DA:26,0
DA:33,1
LF:4
LH:3
BRF:0
BRH:0
end_of_record
TN:
SF:/home/cpetinal/datos/ws/pit/cpetinal/egeo/projects/egeo/src/lib/st-modal/st-modal.service.ts
FN:32,(anonymous_3)
FN:38,StModalService
FN:41,(anonymous_5)
FN:46,(anonymous_6)
FN:56,(anonymous_7)
FN:109,(anonymous_8)
FN:114,(anonymous_9)
FN:123,(anonymous_10)
FN:132,(anonymous_11)
FN:141,(anonymous_12)
FN:148,(anonymous_13)
FN:162,(anonymous_14)
FN:181,(anonymous_15)
FN:182,(anonymous_16)
FNF:14
FNH:14
FNDA:1,(anonymous_3)
FNDA:11,StModalService
FNDA:11,(anonymous_5)
FNDA:13,(anonymous_6)
FNDA:2,(anonymous_7)
FNDA:5,(anonymous_8)
FNDA:10,(anonymous_9)
FNDA:5,(anonymous_10)
FNDA:9,(anonymous_11)
FNDA:6,(anonymous_12)
FNDA:13,(anonymous_13)
FNDA:10,(anonymous_14)
FNDA:10,(anonymous_15)
FNDA:5,(anonymous_16)
DA:32,1
DA:34,11
DA:35,11
DA:38,11
DA:41,1
DA:42,11
DA:46,1
DA:47,13
DA:48,13
DA:49,3
DA:51,10
DA:52,10
DA:53,10
DA:56,1
DA:62,2
DA:63,2
DA:64,2
DA:65,4
DA:69,2
DA:76,2
DA:77,2
DA:85,2
DA:87,1
DA:88,1
DA:90,1
DA:91,1
DA:93,0
DA:94,0
DA:97,2
DA:109,1
DA:110,5
DA:114,1
DA:115,10
DA:116,10
DA:117,9
DA:118,9
DA:119,9
DA:123,1
DA:124,5
DA:125,4
DA:126,4
DA:127,4
DA:128,4
DA:132,1
DA:133,9
DA:135,9
DA:136,9
DA:138,9
DA:141,1
DA:142,6
DA:143,6
DA:144,1
DA:148,1
DA:149,13
DA:150,13
DA:151,1
DA:153,13
DA:154,1
DA:156,13
DA:157,1
DA:159,13
DA:162,1
DA:163,10
DA:176,10
DA:177,10
DA:178,10
DA:181,1
DA:182,10
DA:184,1
LF:69
LH:67
BRDA:48,0,0,3
BRDA:48,0,1,10
BRDA:48,1,0,13
BRDA:48,1,1,13
BRDA:62,2,0,0
BRDA:62,2,1,2
BRDA:63,3,0,0
BRDA:63,3,1,2
BRDA:64,4,0,0
BRDA:64,4,1,2
BRDA:65,5,0,2
BRDA:65,5,1,0
BRDA:71,6,0,1
BRDA:71,6,1,1
BRDA:76,7,0,2
BRDA:76,7,1,0
BRDA:79,8,0,1
BRDA:79,8,1,1
BRDA:86,9,0,1
BRDA:86,9,1,1
BRDA:86,9,2,0
BRDA:116,10,0,9
BRDA:116,10,1,1
BRDA:124,11,0,4
BRDA:124,11,1,1
BRDA:143,12,0,1
BRDA:143,12,1,5
BRDA:150,13,0,1
BRDA:150,13,1,12
BRDA:153,14,0,1
BRDA:153,14,1,12
BRDA:156,15,0,1
BRDA:156,15,1,12
BRDA:156,16,0,13
BRDA:156,16,1,13
BRDA:156,16,2,1
BRF:36
BRH:30
end_of_record
TN:
SF:/home/cpetinal/datos/ws/pit/cpetinal/egeo/projects/egeo/src/lib/st-modal/st-modal-buttons/st-modal-buttons.ts
FN:21,(anonymous_3)
FN:15,StModalButtonsComponent
FN:29,(anonymous_5)
FN:33,(anonymous_6)
FN:37,(anonymous_7)
FN:42,(anonymous_8)
FN:46,(anonymous_9)
FN:51,(anonymous_10)
FNF:8
FNH:8
FNDA:1,(anonymous_3)
FNDA:10,StModalButtonsComponent
FNDA:10,(anonymous_5)
FNDA:13,(anonymous_6)
FNDA:30,(anonymous_7)
FNDA:27,(anonymous_8)
FNDA:25,(anonymous_9)
FNDA:5,(anonymous_10)
DA:21,1
DA:23,10
DA:24,10
DA:25,10
DA:27,10
DA:29,1
DA:30,10
DA:33,1
DA:34,13
DA:37,1
DA:38,30
DA:39,30
DA:42,1
DA:43,27
DA:46,1
DA:47,25
DA:51,1
DA:52,5
DA:53,1
DA:54,4
DA:55,3
DA:58,1
LF:22
LH:22
BRDA:34,0,0,13
BRDA:34,0,1,13
BRDA:38,1,0,16
BRDA:38,1,1,14
BRDA:38,2,0,30
BRDA:38,2,1,28
BRDA:43,3,0,25
BRDA:43,3,1,2
BRDA:43,4,0,27
BRDA:43,4,1,26
BRDA:52,5,0,1
BRDA:52,5,1,4
BRDA:54,6,0,3
BRDA:54,6,1,1
BRF:14
BRH:14
end_of_record
TN:
SF:/home/cpetinal/datos/ws/pit/cpetinal/egeo/projects/egeo/src/lib/st-modal2/st-modal2.component.ts
FN:20,(anonymous_3)
FN:14,StModal2Component
FN:34,(anonymous_5)
FNF:3
FNH:3
FNDA:1,(anonymous_3)
FNDA:5,StModal2Component
FNDA:3,(anonymous_5)
DA:20,1
DA:22,1
DA:23,5
DA:24,5
DA:25,1
DA:26,1
DA:28,5
DA:29,5
DA:31,5
DA:32,5
DA:34,2
DA:35,3
DA:36,1
DA:39,3
DA:40,1
DA:43,1
LF:16
LH:16
BRDA:35,0,0,1
BRDA:35,0,1,2
BRDA:35,1,0,3
BRDA:35,1,1,1
BRDA:39,2,0,1
BRDA:39,2,1,2
BRF:6
BRH:6
end_of_record
TN:
SF:/home/cpetinal/datos/ws/pit/cpetinal/egeo/projects/egeo/src/lib/st-modal2/st-modal2.module.ts
FN:20,(anonymous_2)
FNF:1
FNH:1
FNDA:1,(anonymous_2)
DA:20,1
LF:1
LH:1
BRF:0
BRH:0
end_of_record
TN:
SF:/home/cpetinal/datos/ws/pit/cpetinal/egeo/projects/egeo/src/lib/st-page-title/st-page-title.component.ts
FN:31,(anonymous_3)
FN:43,(anonymous_4)
FN:35,StPageTitleComponent
FN:85,(anonymous_6)
FN:87,(anonymous_7)
FN:45,(anonymous_8)
FN:49,(anonymous_9)
FN:77,(anonymous_10)
FN:81,(anonymous_11)
FN:89,(anonymous_12)
FN:93,(anonymous_13)
FN:97,(anonymous_14)
FN:101,(anonymous_15)
FN:105,(anonymous_16)
FN:109,(anonymous_17)
FN:114,(anonymous_18)
FN:118,(anonymous_19)
FNF:17
FNH:12
FNDA:6,(anonymous_3)
FNDA:1,(anonymous_4)
FNDA:6,StPageTitleComponent
FNDA:1,(anonymous_6)
FNDA:0,(anonymous_7)
FNDA:11,(anonymous_8)
FNDA:1,(anonymous_9)
FNDA:6,(anonymous_10)
FNDA:1,(anonymous_11)
FNDA:6,(anonymous_12)
FNDA:0,(anonymous_13)
FNDA:0,(anonymous_14)
FNDA:0,(anonymous_15)
FNDA:0,(anonymous_16)
FNDA:1,(anonymous_17)
FNDA:2,(anonymous_18)
FNDA:1,(anonymous_19)
DA:28,1
DA:31,6
DA:43,1
DA:45,2
DA:46,11
DA:50,1
DA:51,1
DA:54,1
DA:57,6
DA:58,1
DA:59,1
DA:60,6
DA:61,1
DA:62,1
DA:63,1
DA:64,1
DA:65,1
DA:66,1
DA:67,1
DA:68,6
DA:69,6
DA:71,1
DA:73,6
DA:74,6
DA:77,1
DA:78,6
DA:81,1
DA:82,1
DA:85,6
DA:87,6
DA:89,1
DA:90,6
DA:93,1
DA:94,0
DA:97,1
DA:98,0
DA:101,1
DA:102,0
DA:105,1
DA:106,0
DA:109,1
DA:110,1
DA:111,1
DA:114,1
DA:115,2
DA:118,1
DA:119,1
DA:121,1
LF:48
LH:44
BRDA:50,0,0,1
BRDA:50,0,1,0
BRF:2
BRH:1
end_of_record
TN:
SF:/home/cpetinal/datos/ws/pit/cpetinal/egeo/projects/egeo/src/lib/st-page-title/st-page-title.module.ts
FN:23,(anonymous_2)
FNF:1
FNH:1
FNDA:1,(anonymous_2)
DA:23,1
LF:1
LH:1
BRF:0
BRH:0
end_of_record
TN:
SF:/home/cpetinal/datos/ws/pit/cpetinal/egeo/projects/egeo/src/lib/st-pagination/st-pagination.component.ts
FN:62,(anonymous_3)
FN:135,StPaginationComponent
FN:93,(anonymous_5)
FN:97,(anonymous_6)
FN:104,(anonymous_7)
FN:108,(anonymous_8)
FN:114,(anonymous_9)
FN:118,(anonymous_10)
FN:139,(anonymous_11)
FN:143,(anonymous_12)
FN:148,(anonymous_13)
FN:152,(anonymous_14)
FN:156,(anonymous_15)
FN:160,(anonymous_16)
FN:165,(anonymous_17)
FN:170,(anonymous_18)
FN:176,(anonymous_19)
FN:181,(anonymous_20)
FN:186,(anonymous_21)
FN:191,(anonymous_22)
FN:198,(anonymous_23)
FN:207,(anonymous_24)
FNF:22
FNH:22
FNDA:1,(anonymous_3)
FNDA:15,StPaginationComponent
FNDA:9,(anonymous_5)
FNDA:12,(anonymous_6)
FNDA:1,(anonymous_7)
FNDA:14,(anonymous_8)
FNDA:17,(anonymous_9)
FNDA:15,(anonymous_10)
FNDA:17,(anonymous_11)
FNDA:95,(anonymous_12)
FNDA:13,(anonymous_13)
FNDA:18,(anonymous_14)
FNDA:18,(anonymous_15)
FNDA:15,(anonymous_16)
FNDA:30,(anonymous_17)
FNDA:31,(anonymous_18)
FNDA:2,(anonymous_19)
FNDA:2,(anonymous_20)
FNDA:15,(anonymous_21)
FNDA:2,(anonymous_22)
FNDA:92,(anonymous_23)
FNDA:61,(anonymous_24)
DA:62,1
DA:66,15
DA:74,15
DA:79,15
DA:84,15
DA:89,15
DA:93,2
DA:94,9
DA:98,12
DA:99,12
DA:104,2
DA:105,1
DA:109,14
DA:114,2
DA:115,17
DA:119,15
DA:120,15
DA:121,15
DA:124,15
DA:125,15
DA:128,15
DA:131,15
DA:132,15
DA:135,15
DA:136,15
DA:139,1
DA:140,17
DA:143,1
DA:144,95
DA:145,95
DA:148,1
DA:149,13
DA:152,1
DA:153,18
DA:156,1
DA:157,18
DA:160,1
DA:161,15
DA:162,15
DA:165,30
DA:166,30
DA:167,30
DA:169,30
DA:170,31
DA:173,30
DA:176,1
DA:177,2
DA:178,2
DA:181,1
DA:182,2
DA:183,2
DA:186,16
DA:187,15
DA:188,15
DA:189,15
DA:190,15
DA:191,15
DA:192,15
DA:193,1
DA:198,1
DA:199,92
DA:200,63
DA:207,65
DA:208,61
DA:210,61
DA:211,46
DA:212,46
DA:214,15
DA:215,15
DA:218,61
DA:219,7
DA:220,7
DA:222,54
DA:225,61
DA:226,5
DA:232,1
LF:76
LH:76
BRDA:140,0,0,17
BRDA:140,0,1,17
BRDA:145,1,0,89
BRDA:145,1,1,6
BRDA:149,2,0,12
BRDA:149,2,1,1
BRDA:153,3,0,16
BRDA:153,3,1,2
BRDA:157,4,0,16
BRDA:157,4,1,2
BRDA:169,5,0,29
BRDA:169,5,1,1
BRDA:170,6,0,29
BRDA:170,6,1,0
BRDA:186,7,0,1
BRDA:186,7,1,14
BRDA:187,8,0,15
BRDA:187,8,1,0
BRDA:187,9,0,15
BRDA:187,9,1,15
BRDA:192,10,0,1
BRDA:192,10,1,14
BRDA:199,11,0,63
BRDA:199,11,1,29
BRDA:199,12,0,92
BRDA:199,12,1,89
BRDA:199,12,2,56
BRDA:207,13,0,4
BRDA:207,13,1,57
BRDA:210,14,0,46
BRDA:210,14,1,15
BRDA:218,15,0,7
BRDA:218,15,1,54
BRDA:225,16,0,5
BRDA:225,16,1,56
BRF:35
BRH:33
end_of_record
TN:
SF:/home/cpetinal/datos/ws/pit/cpetinal/egeo/projects/egeo/src/lib/st-pagination/st-pagination.module.ts
FN:27,(anonymous_2)
FNF:1
FNH:1
FNDA:1,(anonymous_2)
DA:27,1
LF:1
LH:1
BRF:0
BRH:0
end_of_record
TN:
SF:/home/cpetinal/datos/ws/pit/cpetinal/egeo/projects/egeo/src/lib/st-pagination/st-pagination.pipe.ts
FN:19,(anonymous_3)
FN:20,StPaginationPipe
[...]
FNDA:2,(anonymous_11)
FNDA:1,(anonymous_12)
FNDA:8,(anonymous_13)
FNDA:8,(anonymous_14)
DA:73,1
DA:75,1
DA:76,1
DA:77,2
DA:78,2
DA:79,2
DA:80,2
DA:81,2
DA:82,1
DA:83,2
DA:84,2
DA:85,2
DA:86,2
DA:87,2
DA:88,2
DA:89,2
DA:90,1
DA:91,1
DA:92,1
DA:93,2
DA:95,2
DA:96,2
DA:97,2
DA:98,2
DA:99,2
DA:100,2
DA:101,2
DA:102,2
DA:103,2
DA:104,2
DA:105,2
DA:106,2
DA:108,2
DA:109,2
DA:112,1
DA:113,2
DA:124,1
DA:125,1
DA:126,1
DA:129,1
DA:130,8
DA:133,1
DA:134,8
DA:136,1
LF:44
LH:44
BRDA:109,0,0,2
BRDA:109,0,1,2
BRF:2
BRH:2
end_of_record
TN:
SF:/home/cpetinal/datos/ws/pit/cpetinal/egeo/projects/egeo/src/lib/st-two-list-selection/st-two-list-selection.module.ts
FN:35,(anonymous_2)
FNF:1
FNH:1
FNDA:1,(anonymous_2)
DA:35,1
LF:1
LH:1
BRF:0
BRH:0
end_of_record
TN:
SF:/home/cpetinal/datos/ws/pit/cpetinal/egeo/projects/egeo/src/lib/st-two-list-selection/st-two-list-selection.ts
FN:20,(anonymous_1)
FN:44,StTwoListSelection
FN:47,(anonymous_3)
FN:63,(anonymous_4)
FN:79,(anonymous_5)
FN:85,(anonymous_6)
FN:91,(anonymous_7)
FN:99,(anonymous_8)
FN:107,(anonymous_9)
FN:108,(anonymous_10)
FN:112,(anonymous_11)
FN:116,(anonymous_12)
FN:128,(anonymous_13)
FN:140,(anonymous_14)
FN:144,(anonymous_15)
FN:147,(anonymous_16)
FN:159,(anonymous_17)
FN:160,(anonymous_18)
FN:166,(anonymous_19)
FN:167,(anonymous_20)
FN:173,(anonymous_21)
FN:182,(anonymous_22)
FN:193,(anonymous_23)
FN:207,(anonymous_24)
FN:208,(anonymous_25)
FN:217,(anonymous_26)
FN:218,(anonymous_27)
FN:222,(anonymous_28)
FN:223,(anonymous_29)
FN:231,(anonymous_30)
FN:235,(anonymous_31)
FNF:31
FNH:31
FNDA:1,(anonymous_1)
FNDA:15,StTwoListSelection
FNDA:10,(anonymous_3)
FNDA:9,(anonymous_4)
FNDA:3,(anonymous_5)
FNDA:3,(anonymous_6)
FNDA:2,(anonymous_7)
FNDA:1,(anonymous_8)
FNDA:1,(anonymous_9)
FNDA:10,(anonymous_10)
FNDA:1,(anonymous_11)
FNDA:28,(anonymous_12)
FNDA:4,(anonymous_13)
FNDA:8,(anonymous_14)
FNDA:4,(anonymous_15)
FNDA:2,(anonymous_16)
FNDA:4,(anonymous_17)
FNDA:8,(anonymous_18)
FNDA:19,(anonymous_19)
FNDA:67,(anonymous_20)
FNDA:31,(anonymous_21)
FNDA:62,(anonymous_22)
FNDA:62,(anonymous_23)
FNDA:65,(anonymous_24)
FNDA:164,(anonymous_25)
FNDA:2,(anonymous_26)
FNDA:20,(anonymous_27)
FNDA:1,(anonymous_28)
FNDA:2,(anonymous_29)
FNDA:54,(anonymous_30)
FNDA:11,(anonymous_31)
DA:20,1
DA:27,15
DA:28,15
DA:30,15
DA:31,15
DA:32,15
DA:34,15
DA:35,15
DA:36,15
DA:37,15
DA:38,15
DA:39,15
DA:44,15
DA:47,1
DA:48,10
DA:49,4
DA:50,4
DA:52,6
DA:53,3
DA:56,10
DA:57,10
DA:58,10
DA:63,1
DA:64,9
DA:65,4
DA:66,4
DA:68,5
DA:69,4
DA:72,9
DA:73,9
DA:74,9
DA:79,1
DA:80,3
DA:81,3
DA:85,1
DA:86,3
DA:87,3
DA:91,1
DA:92,2
DA:93,2
DA:94,2
DA:95,2
DA:99,1
DA:100,1
DA:101,1
DA:102,1
DA:103,1
DA:107,1
DA:108,10
DA:112,1
DA:113,1
DA:116,1
DA:117,51
DA:118,28
DA:119,28
DA:120,28
DA:121,28
DA:122,28
DA:123,28
DA:124,28
DA:125,28
DA:128,1
DA:129,4
DA:130,2
DA:132,4
DA:133,2
DA:135,4
DA:136,3
DA:140,1
DA:141,8
DA:142,8
DA:143,8
DA:144,4
DA:145,4
DA:146,4
DA:147,4
DA:148,2
DA:152,4
DA:154,4
DA:156,8
DA:159,1
DA:160,4
DA:161,8
DA:162,8
DA:166,1
DA:167,19
DA:168,67
DA:170,19
DA:173,1
DA:174,31
DA:175,31
DA:176,31
DA:177,27
DA:178,27
DA:182,1
DA:183,62
DA:184,62
DA:185,11
DA:188,62
DA:189,62
DA:190,62
DA:193,1
DA:194,62
DA:195,62
DA:196,62
DA:197,2
DA:198,2
DA:199,2
DA:200,2
DA:201,2
DA:203,2
DA:207,1
DA:208,65
DA:209,164
DA:210,4
DA:211,4
DA:213,164
DA:217,1
DA:218,20
DA:219,2
DA:222,1
DA:223,1
DA:224,2
DA:225,1
DA:227,2
DA:231,1
DA:232,54
DA:235,1
DA:236,11
DA:238,1
LF:130
LH:130
BRDA:48,0,0,4
BRDA:48,0,1,6
BRDA:48,1,0,10
BRDA:48,1,1,6
BRDA:52,2,0,3
BRDA:52,2,1,3
BRDA:57,3,0,10
BRDA:57,3,1,0
BRDA:64,4,0,4
BRDA:64,4,1,5
BRDA:64,5,0,9
BRDA:64,5,1,5
BRDA:68,6,0,4
BRDA:68,6,1,1
BRDA:73,7,0,9
BRDA:73,7,1,0
BRDA:95,8,0,2
BRDA:95,8,1,0
BRDA:103,9,0,1
BRDA:103,9,1,0
BRDA:117,10,0,21
BRDA:117,10,1,7
BRDA:117,11,0,21
BRDA:117,11,1,7
BRDA:117,12,0,23
BRDA:117,12,1,5
BRDA:129,13,0,2
BRDA:129,13,1,2
BRDA:132,14,0,2
BRDA:132,14,1,2
BRDA:135,15,0,3
BRDA:135,15,1,1
BRDA:135,16,0,4
BRDA:135,16,1,2
BRDA:143,17,0,4
BRDA:143,17,1,4
BRDA:145,18,0,4
BRDA:145,18,1,0
BRDA:147,19,0,2
BRDA:147,19,1,2
BRDA:161,20,0,4
BRDA:161,20,1,4
BRDA:168,21,0,7
BRDA:168,21,1,60
BRDA:176,22,0,27
BRDA:176,22,1,4
BRDA:176,23,0,31
BRDA:176,23,1,27
BRDA:176,23,2,2
BRDA:184,24,0,11
BRDA:184,24,1,51
BRDA:184,25,0,62
BRDA:184,25,1,31
BRDA:196,26,0,64
BRDA:196,26,1,2
BRDA:198,27,0,2
BRDA:198,27,1,0
BRDA:209,28,0,4
BRDA:209,28,1,160
BRDA:224,29,0,1
BRDA:224,29,1,1
BRDA:236,30,0,11
BRDA:236,30,1,11
BRDA:236,30,2,9
BRDA:236,30,3,9
BRF:65
BRH:59
end_of_record
TN:
SF:/home/cpetinal/datos/ws/pit/cpetinal/egeo/projects/egeo/src/lib/st-two-list-selection/st-two-list-selection.view.component.ts
FN:25,(anonymous_3)
FN:64,StTwoListSelectionViewComponent
FN:66,(anonymous_5)
FN:72,(anonymous_6)
FN:76,(anonymous_7)
FN:80,(anonymous_8)
FN:84,(anonymous_9)
FN:88,(anonymous_10)
FN:92,(anonymous_11)
FN:96,(anonymous_12)
FN:100,(anonymous_13)
FN:104,(anonymous_14)
FN:108,(anonymous_15)
FN:112,(anonymous_16)
FN:116,(anonymous_17)
FN:120,(anonymous_18)
FN:121,(anonymous_19)
FN:127,(anonymous_20)
FN:128,(anonymous_21)
FN:134,(anonymous_22)
FNF:20
FNH:20
FNDA:1,(anonymous_3)
FNDA:4,StTwoListSelectionViewComponent
FNDA:2,(anonymous_5)
FNDA:4,(anonymous_6)
FNDA:2,(anonymous_7)
FNDA:2,(anonymous_8)
FNDA:2,(anonymous_9)
FNDA:2,(anonymous_10)
FNDA:4,(anonymous_11)
FNDA:6,(anonymous_12)
FNDA:6,(anonymous_13)
FNDA:6,(anonymous_14)
FNDA:2,(anonymous_15)
FNDA:6,(anonymous_16)
FNDA:6,(anonymous_17)
FNDA:6,(anonymous_18)
FNDA:52,(anonymous_19)
FNDA:6,(anonymous_20)
FNDA:8,(anonymous_21)
FNDA:6,(anonymous_22)
DA:25,1
DA:27,1
DA:28,1
DA:29,1
DA:30,1
DA:31,4
DA:32,4
DA:33,4
DA:34,4
DA:35,4
DA:36,1
DA:37,4
DA:38,4
DA:39,4
DA:40,4
DA:41,4
DA:42,4
DA:43,4
DA:44,1
DA:46,4
DA:47,4
DA:48,4
DA:49,4
DA:50,4
DA:51,4
DA:52,4
DA:53,4
DA:54,4
DA:55,4
DA:56,4
DA:57,4
DA:58,4
DA:59,4
DA:64,4
DA:66,1
DA:67,2
DA:68,2
DA:72,1
DA:73,4
DA:76,1
DA:77,2
DA:80,1
DA:81,2
DA:84,1
DA:85,2
DA:88,1
DA:89,2
DA:92,1
DA:93,4
DA:96,1
DA:97,6
DA:100,1
DA:101,6
DA:104,1
DA:105,6
DA:108,1
DA:109,2
DA:112,1
DA:113,6
DA:116,1
DA:117,6
DA:120,1
DA:121,52
DA:123,6
DA:124,6
DA:127,1
DA:128,8
DA:130,6
DA:131,6
DA:134,1
DA:135,6
DA:136,6
DA:138,1
LF:73
LH:73
BRDA:67,0,0,2
BRDA:67,0,1,0
BRDA:77,1,0,2
BRDA:77,1,1,1
BRDA:77,1,2,1
BRDA:81,2,0,2
BRDA:81,2,1,1
BRDA:81,2,2,1
BRDA:85,3,0,2
BRDA:85,3,1,1
BRDA:85,3,2,1
BRDA:89,4,0,2
BRDA:89,4,1,1
BRDA:89,4,2,1
BRDA:93,5,0,4
BRDA:93,5,1,1
BRDA:97,6,0,6
BRDA:97,6,1,2
BRDA:97,6,2,4
BRDA:101,7,0,6
BRDA:101,7,1,2
BRDA:101,7,2,4
BRDA:105,8,0,6
BRDA:105,8,1,2
BRDA:105,8,2,4
BRDA:113,9,0,6
BRDA:113,9,1,2
BRDA:113,9,2,4
BRDA:121,10,0,6
BRDA:121,10,1,0
BRDA:123,11,0,6
BRDA:123,11,1,0
BRDA:123,12,0,6
BRDA:123,12,1,6
BRDA:123,12,2,6
BRDA:128,13,0,6
BRDA:128,13,1,0
BRDA:130,14,0,6
BRDA:130,14,1,0
BRDA:130,15,0,6
BRDA:130,15,1,4
BRDA:130,15,2,4
BRF:42
BRH:37
end_of_record
TN:
SF:/home/cpetinal/datos/ws/pit/cpetinal/egeo/projects/egeo/src/lib/st-two-list-selection/list-item/list-item.component.ts
FN:26,(anonymous_3)
FN:45,ListItemComponent
FN:47,(anonymous_5)
FN:51,(anonymous_6)
FN:55,(anonymous_7)
FN:59,(anonymous_8)
FN:63,(anonymous_9)
FN:69,(anonymous_10)
FN:74,(anonymous_11)
FN:80,(anonymous_12)
FN:88,(anonymous_13)
FN:92,(anonymous_14)
FN:96,(anonymous_15)
FN:102,(anonymous_16)
FN:106,(anonymous_17)
FNF:15
FNH:15
FNDA:1,(anonymous_3)
FNDA:8,ListItemComponent
FNDA:37,(anonymous_5)
FNDA:19,(anonymous_6)
FNDA:5,(anonymous_7)
FNDA:26,(anonymous_8)
FNDA:20,(anonymous_9)
FNDA:20,(anonymous_10)
FNDA:3,(anonymous_11)
FNDA:1,(anonymous_12)
FNDA:3,(anonymous_13)
FNDA:1,(anonymous_14)
FNDA:1,(anonymous_15)
FNDA:1,(anonymous_16)
FNDA:1,(anonymous_17)
DA:26,1
DA:28,1
DA:29,1
DA:30,8
DA:31,8
DA:32,8
DA:33,1
DA:35,8
DA:36,8
DA:37,8
DA:40,8
DA:41,8
DA:42,8
DA:47,1
DA:48,37
DA:51,1
DA:52,19
DA:55,1
DA:56,5
DA:59,1
DA:60,26
DA:63,1
DA:64,20
DA:65,20
DA:66,20
DA:69,1
DA:70,20
DA:74,1
DA:75,3
DA:76,3
DA:77,3
DA:80,1
DA:81,1
DA:82,1
DA:83,1
DA:84,1
DA:88,1
DA:89,3
DA:92,1
DA:93,1
DA:96,1
DA:97,1
DA:98,1
DA:102,1
DA:103,1
DA:106,1
DA:107,1
DA:109,1
LF:48
LH:48
BRDA:48,0,0,37
BRDA:48,0,1,0
BRDA:48,1,0,37
BRDA:48,1,1,37
BRDA:48,1,2,37
BRDA:60,2,0,0
BRDA:60,2,1,26
BRDA:65,3,0,0
BRDA:65,3,1,20
BRDA:70,4,0,19
BRDA:70,4,1,1
BRDA:83,5,0,1
BRDA:83,5,1,0
BRDA:97,6,0,1
BRDA:97,6,1,0
BRF:15
BRH:10
end_of_record
TN:
SF:/home/cpetinal/datos/ws/pit/cpetinal/egeo/projects/egeo/src/lib/st-two-list-selection/list-scroll/list-scroll.component.ts
FN:24,(anonymous_3)
FN:54,ListScrollComponent
FN:43,(anonymous_5)
FN:45,(anonymous_6)
FN:59,(anonymous_7)
FN:64,(anonymous_8)
FN:68,(anonymous_9)
FN:72,(anonymous_10)
FN:77,(anonymous_11)
FNF:9
FNH:9
FNDA:1,(anonymous_3)
FNDA:6,ListScrollComponent
FNDA:6,(anonymous_5)
FNDA:1,(anonymous_6)
FNDA:6,(anonymous_7)
FNDA:1,(anonymous_8)
FNDA:1,(anonymous_9)
FNDA:1,(anonymous_10)
FNDA:1,(anonymous_11)
DA:24,1
DA:26,1
DA:27,6
DA:28,1
DA:29,6
DA:30,6
DA:31,1
DA:32,1
DA:33,1
DA:34,6
DA:36,6
DA:37,6
DA:38,6
DA:39,6
DA:40,6
DA:42,6
DA:43,6
DA:44,6
DA:45,6
DA:46,1
DA:47,1
DA:50,6
DA:51,6
DA:52,6
DA:55,6
DA:56,6
DA:59,1
DA:60,6
DA:61,6
DA:64,1
DA:65,1
DA:68,1
DA:69,1
DA:72,1
DA:73,1
DA:74,1
DA:75,1
DA:77,1
DA:78,1
DA:79,1
DA:80,1
DA:83,1
DA:85,1
LF:43
LH:43
BRDA:78,0,0,1
BRDA:78,0,1,0
BRF:2
BRH:1
end_of_record
TN:
SF:/home/cpetinal/datos/ws/pit/cpetinal/egeo/projects/egeo/src/lib/st-two-list-selection/list-selection/list-selection.component.ts
FN:23,(anonymous_3)
FN:17,ListSelectionComponent
FN:52,(anonymous_5)
FN:56,(anonymous_6)
FN:60,(anonymous_7)
FN:64,(anonymous_8)
FNF:6
FNH:6
FNDA:1,(anonymous_3)
FNDA:5,ListSelectionComponent
FNDA:6,(anonymous_5)
FNDA:1,(anonymous_6)
FNDA:6,(anonymous_7)
FNDA:6,(anonymous_8)
DA:23,1
DA:25,1
DA:26,5
DA:27,1
DA:28,1
DA:29,1
DA:30,1
DA:31,5
DA:32,5
DA:33,5
DA:34,5
DA:35,1
DA:36,1
DA:37,5
DA:38,1
DA:39,5
DA:40,1
DA:41,1
DA:43,5
DA:44,5
DA:45,5
DA:46,5
DA:47,5
DA:48,5
DA:50,5
DA:52,1
DA:53,6
DA:56,1
DA:57,1
DA:60,1
DA:61,6
DA:64,1
DA:65,6
DA:67,1
LF:34
LH:34
BRDA:65,0,0,6
BRDA:65,0,1,6
BRF:2
BRH:2
end_of_record
TN:
SF:/home/cpetinal/datos/ws/pit/cpetinal/egeo/projects/egeo/src/lib/st-vertical-icon-tabs/st-vertical-icon-tabs.component.ts
FN:44,(anonymous_3)
FN:38,StVerticalIconTabsComponent
FN:52,(anonymous_5)
FN:58,(anonymous_6)
FN:62,(anonymous_7)
FNF:5
FNH:5
FNDA:1,(anonymous_3)
FNDA:5,StVerticalIconTabsComponent
FNDA:8,(anonymous_5)
FNDA:3,(anonymous_6)
FNDA:3,(anonymous_7)
DA:44,1
DA:46,1
DA:48,1
DA:50,5
DA:52,1
DA:53,8
DA:54,1
DA:58,1
DA:59,3
DA:62,1
DA:63,3
DA:66,1
LF:12
LH:12
BRDA:53,0,0,1
BRDA:53,0,1,7
BRDA:53,1,0,8
BRDA:53,1,1,2
BRF:4
BRH:4
end_of_record
TN:
SF:/home/cpetinal/datos/ws/pit/cpetinal/egeo/projects/egeo/src/lib/st-vertical-icon-tabs/st-vertical-icon-tabs.module.ts
FN:23,(anonymous_2)
FNF:1
FNH:1
FNDA:1,(anonymous_2)
DA:23,1
LF:1
LH:1
BRF:0
BRH:0
end_of_record
TN:
SF:/home/cpetinal/datos/ws/pit/cpetinal/egeo/projects/egeo/src/lib/st-vertical-tabs/st-vertical-tabs.component.ts
FN:19,(anonymous_3)
FN:29,StVerticalTabsComponent
FN:31,(anonymous_5)
FN:46,(anonymous_6)
FN:52,(anonymous_7)
FN:56,(anonymous_8)
FN:61,(anonymous_9)
FN:69,(anonymous_10)
FNF:8
FNH:8
FNDA:1,(anonymous_3)
FNDA:7,StVerticalTabsComponent
FNDA:7,(anonymous_5)
FNDA:1,(anonymous_6)
FNDA:24,(anonymous_7)
FNDA:2,(anonymous_8)
FNDA:9,(anonymous_9)
FNDA:5,(anonymous_10)
DA:19,1
DA:20,1
DA:21,1
DA:22,1
DA:23,7
DA:25,7
DA:26,7
DA:27,7
DA:31,1
DA:32,7
DA:33,1
DA:35,6
DA:36,5
DA:37,1
DA:39,4
DA:42,1
DA:46,1
DA:47,1
DA:48,1
DA:52,1
DA:53,24
DA:56,1
DA:57,2
DA:58,2
DA:61,1
DA:62,9
DA:63,9
DA:64,9
DA:65,1
DA:69,1
DA:70,5
DA:72,1
LF:32
LH:32
BRDA:32,0,0,1
BRDA:32,0,1,6
BRDA:35,1,0,5
BRDA:35,1,1,1
BRDA:35,2,0,6
BRDA:35,2,1,5
BRDA:36,3,0,1
BRDA:36,3,1,4
BRDA:47,4,0,1
BRDA:47,4,1,0
BRDA:47,5,0,1
BRDA:47,5,1,1
BRDA:64,6,0,1
BRDA:64,6,1,8
BRF:14
BRH:13
end_of_record
TN:
SF:/home/cpetinal/datos/ws/pit/cpetinal/egeo/projects/egeo/src/lib/st-vertical-tabs/st-vertical-tabs.module.ts
FN:21,(anonymous_2)
FNF:1
FNH:1
FNDA:1,(anonymous_2)
DA:21,1
LF:1
LH:1
BRF:0
BRH:0
end_of_record
TN:
SF:/home/cpetinal/datos/ws/pit/cpetinal/egeo/projects/egeo/src/lib/st-widget/st-widget.component.ts
FN:37,(anonymous_3)
FN:50,StWidgetComponent
FN:53,(anonymous_5)
FN:59,(anonymous_6)
FN:62,(anonymous_7)
FN:66,(anonymous_8)
FN:70,(anonymous_9)
FNF:7
FNH:7
FNDA:1,(anonymous_3)
FNDA:13,StWidgetComponent
FNDA:40,(anonymous_5)
FNDA:80,(anonymous_6)
FNDA:2,(anonymous_7)
FNDA:82,(anonymous_8)
FNDA:4,(anonymous_9)
DA:37,1
DA:39,1
DA:41,13
DA:43,13
DA:45,13
DA:47,13
DA:48,13
DA:50,13
DA:53,1
DA:54,40
DA:59,2
DA:60,80
DA:63,2
DA:66,1
DA:67,82
DA:70,1
DA:71,4
DA:75,1
LF:18
LH:18
BRDA:54,0,0,38
BRDA:54,0,1,2
BRF:2
BRH:2
end_of_record
TN:
SF:/home/cpetinal/datos/ws/pit/cpetinal/egeo/projects/egeo/src/lib/st-widget/st-widget.module.ts
FN:23,(anonymous_2)
FNF:1
FNH:1
FNDA:1,(anonymous_2)
DA:23,1
LF:1
LH:1
BRF:0
BRH:0
end_of_record
TN:
SF:/home/cpetinal/datos/ws/pit/cpetinal/egeo/projects/egeo/src/lib/st-zero-page/st-zero-page.component.ts
FN:37,(anonymous_3)
FNF:1
FNH:1
FNDA:3,(anonymous_3)
DA:37,1
DA:39,1
DA:41,1
DA:43,1
DA:44,1
LF:5
LH:5
BRF:0
BRH:0
end_of_record
TN:
SF:/home/cpetinal/datos/ws/pit/cpetinal/egeo/projects/egeo/src/lib/st-zero-page/st-zero-page.module.ts
FN:27,(anonymous_2)
FNF:1
FNH:1
FNDA:1,(anonymous_2)
DA:27,1
DA:28,1
LF:2
LH:2
BRF:0
BRH:0
end_of_record
TN:
SF:/home/cpetinal/datos/ws/pit/cpetinal/egeo/projects/egeo/src/lib/tests/router-stub.ts
FN:18,(anonymous_3)
FN:26,RouterStub
FN:24,(anonymous_5)
FN:23,(anonymous_6)
FN:27,(anonymous_7)
FN:28,(anonymous_8)
FN:29,(anonymous_9)
FN:30,(anonymous_10)
FN:40,(anonymous_11)
FN:34,RouterLinkStubDirective
FN:44,(anonymous_13)
FNF:11
FNH:6
FNDA:1,(anonymous_3)
FNDA:15,RouterStub
FNDA:75,(anonymous_5)
FNDA:2,(anonymous_6)
FNDA:0,(anonymous_7)
FNDA:0,(anonymous_8)
FNDA:3,(anonymous_9)
FNDA:0,(anonymous_10)
FNDA:1,(anonymous_11)
FNDA:0,RouterLinkStubDirective
FNDA:0,(anonymous_13)
DA:18,1
DA:20,15
DA:21,15
DA:23,2
DA:24,75
DA:26,15
DA:27,1
DA:28,1
DA:29,3
DA:30,1
DA:31,1
DA:40,1
DA:41,1
DA:42,0
DA:44,1
DA:45,0
DA:47,1
LF:17
LH:15
BRF:0
BRH:0
end_of_record
TN:
SF:/home/cpetinal/datos/ws/pit/cpetinal/egeo/projects/egeo/src/lib/tests/utils.ts
FN:2,(anonymous_1)
FN:4,(anonymous_3)
FNF:2
FNH:2
FNDA:1,(anonymous_1)
FNDA:3,(anonymous_3)
DA:2,1
DA:4,1
DA:5,3
DA:6,3
DA:12,3
DA:15,1
LF:6
LH:6
BRDA:5,0,0,3
BRDA:5,0,1,0
BRF:2
BRH:1
end_of_record
TN:
SF:/home/cpetinal/datos/ws/pit/cpetinal/egeo/projects/egeo/src/lib/utils/egeo-utils.ts
FN:11,(anonymous_1)
FN:13,(anonymous_3)
FN:17,(anonymous_4)
FN:18,(anonymous_5)
FN:25,(anonymous_6)
FN:27,(anonymous_7)
FNF:6
FNH:6
FNDA:1,(anonymous_1)
FNDA:1109,(anonymous_3)
FNDA:1067,(anonymous_4)
FNDA:1109,(anonymous_5)
FNDA:3,(anonymous_6)
FNDA:11,(anonymous_7)
DA:11,1
DA:13,1
DA:14,1109
DA:17,1067
DA:18,1067
DA:19,1109
DA:20,3
DA:25,1
DA:26,3
DA:27,11
DA:29,0
DA:32,1
LF:12
LH:11
BRDA:14,0,0,1109
BRDA:14,0,1,1106
BRDA:19,1,0,3
BRDA:19,1,1,1106
BRF:4
BRH:4
end_of_record
TN:
SF:/home/cpetinal/datos/ws/pit/cpetinal/egeo/projects/egeo/src/lib/utils/event-window-manager.ts
FN:13,(anonymous_1)
FN:20,EventWindowManager
FN:24,(anonymous_3)
FN:29,(anonymous_4)
FN:36,(anonymous_5)
FN:47,(anonymous_6)
FN:53,(anonymous_7)
FNF:7
FNH:5
FNDA:1,(anonymous_1)
FNDA:32,EventWindowManager
FNDA:3,(anonymous_3)
FNDA:3,(anonymous_4)
FNDA:39,(anonymous_5)
FNDA:0,(anonymous_6)
FNDA:0,(anonymous_7)
DA:13,1
DA:20,32
DA:24,3
DA:25,3
DA:26,0
DA:28,3
DA:29,3
DA:30,3
DA:31,3
DA:36,1
DA:37,39
DA:38,4
DA:39,4
DA:40,4
DA:41,3
DA:42,3
DA:47,1
DA:48,0
DA:49,0
DA:53,1
DA:54,0
DA:56,1
LF:22
LH:18
BRDA:25,0,0,0
BRDA:25,0,1,3
BRDA:37,1,0,4
BRDA:37,1,1,35
BRDA:40,2,0,3
BRDA:40,2,1,1
BRDA:40,3,0,4
BRDA:40,3,1,3
BRDA:48,4,0,0
BRDA:48,4,1,0
BRF:10
BRH:7
end_of_record
TN:
SF:/home/cpetinal/datos/ws/pit/cpetinal/egeo/projects/egeo/src/lib/utils/st-regex.ts
FN:12,(anonymous_1)
FNF:1
FNH:1
FNDA:1,(anonymous_1)
DA:12,1
DA:15,1
LF:2
LH:2
BRDA:12,0,0,1
BRDA:12,0,1,1
BRF:2
BRH:2
end_of_record
TN:
SF:/home/cpetinal/datos/ws/pit/cpetinal/egeo/projects/egeo/src/lib/utils/unique-dispatcher.ts
FN:16,(anonymous_4)
FN:15,SelectOneDispatcher
FN:19,(anonymous_6)
FN:25,(anonymous_7)
FNF:4
FNH:4
FNDA:1,(anonymous_4)
FNDA:12,SelectOneDispatcher
FNDA:5,(anonymous_6)
FNDA:20,(anonymous_7)
DA:16,1
DA:17,12
DA:19,1
DA:20,11
DA:21,11
DA:25,1
DA:26,20
DA:29,1
LF:8
LH:8
BRF:0
BRH:0
end_of_record
TN:
SF:/home/cpetinal/datos/ws/pit/cpetinal/egeo/projects/egeo/src/lib/utils/window-service.ts
FN:13,getWindow
FN:18,(anonymous_3)
FN:19,(anonymous_5)
FNF:3
FNH:1
FNDA:0,getWindow
FNDA:1,(anonymous_3)
FNDA:0,(anonymous_5)
DA:14,0
DA:18,1
DA:19,1
DA:20,0
DA:22,1
LF:5
LH:3
BRF:0
BRH:0
end_of_record
TN:
SF:/home/cpetinal/datos/ws/pit/cpetinal/egeo/projects/egeo/src/lib/utils/demo-generator/demo-generator.interface.ts
FN:13,(anonymous_1)
FNF:1
FNH:1
FNDA:1,(anonymous_1)
DA:13,1
DA:17,1
LF:2
LH:2
BRF:0
BRH:0
end_of_record
TN:
SF:/home/cpetinal/datos/ws/pit/cpetinal/egeo/projects/egeo/src/lib/utils/demo-generator/demo-generator.module.ts
FN:26,(anonymous_2)
FN:27,(anonymous_4)
FNF:2
FNH:1
FNDA:1,(anonymous_2)
FNDA:0,(anonymous_4)
DA:26,1
DA:27,1
DA:28,0
DA:36,1
LF:4
LH:3
BRF:0
BRH:0
end_of_record
TN:
SF:/home/cpetinal/datos/ws/pit/cpetinal/egeo/projects/egeo/src/lib/utils/demo-generator/demo-generator.routing.ts
FNF:0
FNH:0
DA:16,1
DA:20,1
LF:2
LH:2
BRF:0
BRH:0
end_of_record
TN:
SF:/home/cpetinal/datos/ws/pit/cpetinal/egeo/projects/egeo/src/lib/utils/demo-generator/demo-generator.ts
FN:36,(anonymous_3)
FN:45,StDemoGenerator
FN:55,(anonymous_5)
FN:61,(anonymous_6)
FN:67,(anonymous_7)
FN:77,(anonymous_8)
FN:80,(anonymous_9)
FN:85,(anonymous_10)
FNF:8
FNH:8
FNDA:1,(anonymous_3)
FNDA:5,StDemoGenerator
FNDA:5,(anonymous_5)
FNDA:6,(anonymous_6)
FNDA:5,(anonymous_7)
FNDA:4,(anonymous_8)
FNDA:5,(anonymous_9)
FNDA:5,(anonymous_10)
DA:36,1
DA:37,1
DA:46,5
DA:47,5
DA:49,5
DA:50,5
DA:51,5
DA:55,1
DA:56,5
DA:57,4
DA:61,1
DA:62,6
DA:63,5
DA:67,1
DA:68,5
DA:69,4
DA:70,4
DA:71,4
DA:72,4
DA:77,4
DA:79,4
DA:80,5
DA:84,4
DA:85,4
DA:86,5
DA:87,4
DA:92,4
DA:94,1
LF:28
LH:28
BRDA:56,0,0,4
BRDA:56,0,1,1
BRDA:62,1,0,5
BRDA:62,1,1,1
BRDA:68,2,0,4
BRDA:68,2,1,1
BRDA:79,3,0,4
BRDA:79,3,1,0
BRDA:84,4,0,4
BRDA:84,4,1,0
BRDA:86,5,0,4
BRDA:86,5,1,1
BRF:12
BRH:10
end_of_record
TN:
SF:/home/cpetinal/datos/ws/pit/cpetinal/egeo/projects/egeo/src/lib/utils/egeo-resolver/egeo-resolve.service.ts
FN:31,(anonymous_4)
FN:33,(anonymous_6)
FN:37,(anonymous_7)
FN:38,(anonymous_8)
FN:41,(anonymous_9)
FN:47,(anonymous_10)
FN:49,(anonymous_11)
FN:56,(anonymous_12)
FN:58,(anonymous_13)
FN:61,(anonymous_14)
FN:62,(anonymous_15)
FN:65,(anonymous_16)
FN:68,(anonymous_17)
FN:75,(anonymous_18)
FN:80,(anonymous_19)
FN:81,(anonymous_20)
FN:84,(anonymous_21)
FN:96,(anonymous_22)
FN:106,(anonymous_23)
FN:115,(anonymous_24)
FNF:20
FNH:20
FNDA:8,(anonymous_4)
FNDA:5,(anonymous_6)
FNDA:1,(anonymous_7)
FNDA:10,(anonymous_8)
FNDA:4,(anonymous_9)
FNDA:3,(anonymous_10)
FNDA:1,(anonymous_11)
FNDA:1,(anonymous_12)
FNDA:1,(anonymous_13)
FNDA:1,(anonymous_14)
FNDA:6,(anonymous_15)
FNDA:3,(anonymous_16)
FNDA:21,(anonymous_17)
FNDA:21,(anonymous_18)
FNDA:3,(anonymous_19)
FNDA:21,(anonymous_20)
FNDA:77,(anonymous_21)
FNDA:167,(anonymous_22)
FNDA:72,(anonymous_23)
FNDA:72,(anonymous_24)
DA:31,1
DA:33,1
DA:34,5
DA:37,1
DA:38,10
DA:41,4
DA:42,4
DA:44,4
DA:45,3
DA:46,3
DA:47,3
DA:49,1
DA:50,1
DA:51,1
DA:56,1
DA:57,1
DA:58,1
DA:61,1
DA:62,6
DA:65,3
DA:66,3
DA:67,3
DA:68,3
DA:69,21
DA:72,3
DA:75,1
DA:76,21
DA:77,21
DA:80,1
DA:81,21
DA:84,82
DA:85,77
DA:86,77
DA:87,31
DA:88,0
DA:89,0
DA:92,31
DA:95,77
DA:96,77
DA:97,167
DA:98,72
DA:100,167
DA:102,77
DA:106,1
DA:107,72
DA:108,32
DA:110,40
DA:112,72
DA:115,1
DA:116,72
DA:118,1
LF:51
LH:49
BRDA:44,0,0,3
BRDA:44,0,1,1
BRDA:44,1,0,4
BRDA:44,1,1,4
BRDA:62,2,0,5
BRDA:62,2,1,1
BRDA:67,3,0,3
BRDA:67,3,1,0
BRDA:67,4,0,3
BRDA:67,4,1,0
BRDA:76,5,0,20
BRDA:76,5,1,1
BRDA:76,6,0,21
BRDA:76,6,1,21
BRDA:76,6,2,21
BRDA:77,7,0,9
BRDA:77,7,1,12
BRDA:84,8,0,5
BRDA:84,8,1,72
BRDA:86,9,0,31
BRDA:86,9,1,46
BRDA:87,10,0,0
BRDA:87,10,1,31
BRDA:88,11,0,0
BRDA:88,11,1,0
BRDA:97,12,0,72
BRDA:97,12,1,95
BRDA:107,13,0,32
BRDA:107,13,1,40
BRDA:110,14,0,0
BRDA:110,14,1,40
BRF:31
BRH:25
end_of_record
